{"C:\\Users\\wzy16\\Desktop\\new project\\10_CodeGenerator_WXSSGenerator\\implementation\\formatter.ts": {"path":"C:\\Users\\wzy16\\Desktop\\new project\\10_CodeGenerator_WXSSGenerator\\implementation\\formatter.ts","all":false,"statementMap":{"0":{"start":{"line":1,"column":0},"end":{"line":1,"column":3}},"1":{"start":{"line":2,"column":0},"end":{"line":2,"column":17}},"2":{"start":{"line":3,"column":0},"end":{"line":3,"column":2}},"3":{"start":{"line":4,"column":0},"end":{"line":4,"column":24}},"4":{"start":{"line":5,"column":0},"end":{"line":5,"column":3}},"5":{"start":{"line":6,"column":0},"end":{"line":6,"column":0}},"6":{"start":{"line":7,"column":0},"end":{"line":7,"column":13}},"7":{"start":{"line":8,"column":0},"end":{"line":8,"column":10}},"8":{"start":{"line":9,"column":0},"end":{"line":9,"column":16}},"9":{"start":{"line":10,"column":0},"end":{"line":10,"column":18}},"10":{"start":{"line":11,"column":0},"end":{"line":11,"column":12}},"11":{"start":{"line":12,"column":0},"end":{"line":12,"column":22}},"12":{"start":{"line":13,"column":0},"end":{"line":13,"column":17}},"13":{"start":{"line":14,"column":0},"end":{"line":14,"column":0}},"14":{"start":{"line":15,"column":0},"end":{"line":15,"column":79}},"15":{"start":{"line":16,"column":0},"end":{"line":16,"column":11}},"16":{"start":{"line":17,"column":0},"end":{"line":17,"column":79}},"17":{"start":{"line":18,"column":0},"end":{"line":18,"column":0}},"18":{"start":{"line":19,"column":0},"end":{"line":19,"column":3}},"19":{"start":{"line":20,"column":0},"end":{"line":20,"column":10}},"20":{"start":{"line":21,"column":0},"end":{"line":21,"column":2}},"21":{"start":{"line":22,"column":0},"end":{"line":22,"column":6}},"22":{"start":{"line":23,"column":0},"end":{"line":23,"column":18}},"23":{"start":{"line":24,"column":0},"end":{"line":24,"column":16}},"24":{"start":{"line":25,"column":0},"end":{"line":25,"column":12}},"25":{"start":{"line":26,"column":0},"end":{"line":26,"column":3}},"26":{"start":{"line":27,"column":0},"end":{"line":27,"column":27}},"27":{"start":{"line":28,"column":0},"end":{"line":28,"column":5}},"28":{"start":{"line":29,"column":0},"end":{"line":29,"column":13}},"29":{"start":{"line":30,"column":0},"end":{"line":30,"column":23}},"30":{"start":{"line":31,"column":0},"end":{"line":31,"column":24}},"31":{"start":{"line":32,"column":0},"end":{"line":32,"column":26}},"32":{"start":{"line":33,"column":0},"end":{"line":33,"column":5}},"33":{"start":{"line":34,"column":0},"end":{"line":34,"column":67}},"34":{"start":{"line":35,"column":0},"end":{"line":35,"column":39}},"35":{"start":{"line":36,"column":0},"end":{"line":36,"column":16}},"36":{"start":{"line":37,"column":0},"end":{"line":37,"column":5}},"37":{"start":{"line":38,"column":0},"end":{"line":38,"column":0}},"38":{"start":{"line":39,"column":0},"end":{"line":39,"column":18}},"39":{"start":{"line":40,"column":0},"end":{"line":40,"column":26}},"40":{"start":{"line":41,"column":0},"end":{"line":41,"column":56}},"41":{"start":{"line":42,"column":0},"end":{"line":42,"column":5}},"42":{"start":{"line":43,"column":0},"end":{"line":43,"column":0}},"43":{"start":{"line":44,"column":0},"end":{"line":44,"column":38}},"44":{"start":{"line":45,"column":0},"end":{"line":45,"column":43}},"45":{"start":{"line":46,"column":0},"end":{"line":46,"column":5}},"46":{"start":{"line":47,"column":0},"end":{"line":47,"column":0}},"47":{"start":{"line":48,"column":0},"end":{"line":48,"column":11}},"48":{"start":{"line":49,"column":0},"end":{"line":49,"column":54}},"49":{"start":{"line":50,"column":0},"end":{"line":50,"column":3}},"50":{"start":{"line":51,"column":0},"end":{"line":51,"column":0}},"51":{"start":{"line":52,"column":0},"end":{"line":52,"column":5}},"52":{"start":{"line":53,"column":0},"end":{"line":53,"column":12}},"53":{"start":{"line":54,"column":0},"end":{"line":54,"column":23}},"54":{"start":{"line":55,"column":0},"end":{"line":55,"column":24}},"55":{"start":{"line":56,"column":0},"end":{"line":56,"column":21}},"56":{"start":{"line":57,"column":0},"end":{"line":57,"column":5}},"57":{"start":{"line":58,"column":0},"end":{"line":58,"column":96}},"58":{"start":{"line":59,"column":0},"end":{"line":59,"column":20}},"59":{"start":{"line":60,"column":0},"end":{"line":60,"column":36}},"60":{"start":{"line":61,"column":0},"end":{"line":61,"column":68}},"61":{"start":{"line":62,"column":0},"end":{"line":62,"column":5}},"62":{"start":{"line":63,"column":0},"end":{"line":63,"column":0}},"63":{"start":{"line":64,"column":0},"end":{"line":64,"column":15}},"64":{"start":{"line":65,"column":0},"end":{"line":65,"column":45}},"65":{"start":{"line":66,"column":0},"end":{"line":66,"column":73}},"66":{"start":{"line":67,"column":0},"end":{"line":67,"column":31}},"67":{"start":{"line":68,"column":0},"end":{"line":68,"column":0}},"68":{"start":{"line":69,"column":0},"end":{"line":69,"column":12}},"69":{"start":{"line":70,"column":0},"end":{"line":70,"column":63}},"70":{"start":{"line":71,"column":0},"end":{"line":71,"column":40}},"71":{"start":{"line":72,"column":0},"end":{"line":72,"column":54}},"72":{"start":{"line":73,"column":0},"end":{"line":73,"column":21}},"73":{"start":{"line":74,"column":0},"end":{"line":74,"column":5}},"74":{"start":{"line":75,"column":0},"end":{"line":75,"column":0}},"75":{"start":{"line":76,"column":0},"end":{"line":76,"column":13}},"76":{"start":{"line":77,"column":0},"end":{"line":77,"column":54}},"77":{"start":{"line":78,"column":0},"end":{"line":78,"column":42}},"78":{"start":{"line":79,"column":0},"end":{"line":79,"column":53}},"79":{"start":{"line":80,"column":0},"end":{"line":80,"column":7}},"80":{"start":{"line":81,"column":0},"end":{"line":81,"column":21}},"81":{"start":{"line":82,"column":0},"end":{"line":82,"column":5}},"82":{"start":{"line":83,"column":0},"end":{"line":83,"column":0}},"83":{"start":{"line":84,"column":0},"end":{"line":84,"column":13}},"84":{"start":{"line":85,"column":0},"end":{"line":85,"column":65}},"85":{"start":{"line":86,"column":0},"end":{"line":86,"column":72}},"86":{"start":{"line":87,"column":0},"end":{"line":87,"column":40}},"87":{"start":{"line":88,"column":0},"end":{"line":88,"column":40}},"88":{"start":{"line":89,"column":0},"end":{"line":89,"column":55}},"89":{"start":{"line":90,"column":0},"end":{"line":90,"column":9}},"90":{"start":{"line":91,"column":0},"end":{"line":91,"column":24}},"91":{"start":{"line":92,"column":0},"end":{"line":92,"column":23}},"92":{"start":{"line":93,"column":0},"end":{"line":93,"column":7}},"93":{"start":{"line":94,"column":0},"end":{"line":94,"column":5}},"94":{"start":{"line":95,"column":0},"end":{"line":95,"column":0}},"95":{"start":{"line":96,"column":0},"end":{"line":96,"column":35}},"96":{"start":{"line":97,"column":0},"end":{"line":97,"column":3}},"97":{"start":{"line":98,"column":0},"end":{"line":98,"column":0}},"98":{"start":{"line":99,"column":0},"end":{"line":99,"column":5}},"99":{"start":{"line":100,"column":0},"end":{"line":100,"column":12}},"100":{"start":{"line":101,"column":0},"end":{"line":101,"column":22}},"101":{"start":{"line":102,"column":0},"end":{"line":102,"column":21}},"102":{"start":{"line":103,"column":0},"end":{"line":103,"column":5}},"103":{"start":{"line":104,"column":0},"end":{"line":104,"column":31}},"104":{"start":{"line":105,"column":0},"end":{"line":105,"column":14}},"105":{"start":{"line":106,"column":0},"end":{"line":106,"column":13}},"106":{"start":{"line":107,"column":0},"end":{"line":107,"column":39}},"107":{"start":{"line":108,"column":0},"end":{"line":108,"column":15}},"108":{"start":{"line":109,"column":0},"end":{"line":109,"column":27}},"109":{"start":{"line":110,"column":0},"end":{"line":110,"column":19}},"110":{"start":{"line":111,"column":0},"end":{"line":111,"column":40}},"111":{"start":{"line":112,"column":0},"end":{"line":112,"column":17}},"112":{"start":{"line":113,"column":0},"end":{"line":113,"column":29}},"113":{"start":{"line":114,"column":0},"end":{"line":114,"column":15}},"114":{"start":{"line":115,"column":0},"end":{"line":115,"column":14}},"115":{"start":{"line":116,"column":0},"end":{"line":116,"column":3}},"116":{"start":{"line":117,"column":0},"end":{"line":117,"column":0}},"117":{"start":{"line":118,"column":0},"end":{"line":118,"column":5}},"118":{"start":{"line":119,"column":0},"end":{"line":119,"column":12}},"119":{"start":{"line":120,"column":0},"end":{"line":120,"column":22}},"120":{"start":{"line":121,"column":0},"end":{"line":121,"column":21}},"121":{"start":{"line":122,"column":0},"end":{"line":122,"column":5}},"122":{"start":{"line":123,"column":0},"end":{"line":123,"column":33}},"123":{"start":{"line":124,"column":0},"end":{"line":124,"column":14}},"124":{"start":{"line":125,"column":0},"end":{"line":125,"column":54}},"125":{"start":{"line":126,"column":0},"end":{"line":126,"column":39}},"126":{"start":{"line":127,"column":0},"end":{"line":127,"column":0}},"127":{"start":{"line":128,"column":0},"end":{"line":128,"column":15}},"128":{"start":{"line":129,"column":0},"end":{"line":129,"column":47}},"129":{"start":{"line":130,"column":0},"end":{"line":130,"column":37}},"130":{"start":{"line":131,"column":0},"end":{"line":131,"column":55}},"131":{"start":{"line":132,"column":0},"end":{"line":132,"column":18}},"132":{"start":{"line":133,"column":0},"end":{"line":133,"column":41}},"133":{"start":{"line":134,"column":0},"end":{"line":134,"column":43}},"134":{"start":{"line":135,"column":0},"end":{"line":135,"column":0}},"135":{"start":{"line":136,"column":0},"end":{"line":136,"column":33}},"136":{"start":{"line":137,"column":0},"end":{"line":137,"column":41}},"137":{"start":{"line":138,"column":0},"end":{"line":138,"column":16}},"138":{"start":{"line":139,"column":0},"end":{"line":139,"column":17}},"139":{"start":{"line":140,"column":0},"end":{"line":140,"column":67}},"140":{"start":{"line":141,"column":0},"end":{"line":141,"column":9}},"141":{"start":{"line":142,"column":0},"end":{"line":142,"column":7}},"142":{"start":{"line":143,"column":0},"end":{"line":143,"column":5}},"143":{"start":{"line":144,"column":0},"end":{"line":144,"column":0}},"144":{"start":{"line":145,"column":0},"end":{"line":145,"column":14}},"145":{"start":{"line":146,"column":0},"end":{"line":146,"column":34}},"146":{"start":{"line":147,"column":0},"end":{"line":147,"column":68}},"147":{"start":{"line":148,"column":0},"end":{"line":148,"column":16}},"148":{"start":{"line":149,"column":0},"end":{"line":149,"column":3}},"149":{"start":{"line":150,"column":0},"end":{"line":150,"column":0}},"150":{"start":{"line":151,"column":0},"end":{"line":151,"column":5}},"151":{"start":{"line":152,"column":0},"end":{"line":152,"column":10}},"152":{"start":{"line":153,"column":0},"end":{"line":153,"column":22}},"153":{"start":{"line":154,"column":0},"end":{"line":154,"column":27}},"154":{"start":{"line":155,"column":0},"end":{"line":155,"column":19}},"155":{"start":{"line":156,"column":0},"end":{"line":156,"column":5}},"156":{"start":{"line":157,"column":0},"end":{"line":157,"column":69}},"157":{"start":{"line":158,"column":0},"end":{"line":158,"column":36}},"158":{"start":{"line":159,"column":0},"end":{"line":159,"column":26}},"159":{"start":{"line":160,"column":0},"end":{"line":160,"column":28}},"160":{"start":{"line":161,"column":0},"end":{"line":161,"column":0}},"161":{"start":{"line":162,"column":0},"end":{"line":162,"column":50}},"162":{"start":{"line":163,"column":0},"end":{"line":163,"column":34}},"163":{"start":{"line":164,"column":0},"end":{"line":164,"column":0}},"164":{"start":{"line":165,"column":0},"end":{"line":165,"column":16}},"165":{"start":{"line":166,"column":0},"end":{"line":166,"column":29}},"166":{"start":{"line":167,"column":0},"end":{"line":167,"column":10}},"167":{"start":{"line":168,"column":0},"end":{"line":168,"column":10}},"168":{"start":{"line":169,"column":0},"end":{"line":169,"column":22}},"169":{"start":{"line":170,"column":0},"end":{"line":170,"column":24}},"170":{"start":{"line":171,"column":0},"end":{"line":171,"column":8}},"171":{"start":{"line":172,"column":0},"end":{"line":172,"column":0}},"172":{"start":{"line":173,"column":0},"end":{"line":173,"column":42}},"173":{"start":{"line":174,"column":0},"end":{"line":174,"column":0}},"174":{"start":{"line":175,"column":0},"end":{"line":175,"column":16}},"175":{"start":{"line":176,"column":0},"end":{"line":176,"column":22}},"176":{"start":{"line":177,"column":0},"end":{"line":177,"column":26}},"177":{"start":{"line":178,"column":0},"end":{"line":178,"column":5}},"178":{"start":{"line":179,"column":0},"end":{"line":179,"column":0}},"179":{"start":{"line":180,"column":0},"end":{"line":180,"column":17}},"180":{"start":{"line":181,"column":0},"end":{"line":181,"column":51}},"181":{"start":{"line":182,"column":0},"end":{"line":182,"column":0}},"182":{"start":{"line":183,"column":0},"end":{"line":183,"column":12}},"183":{"start":{"line":184,"column":0},"end":{"line":184,"column":17}},"184":{"start":{"line":185,"column":0},"end":{"line":185,"column":26}},"185":{"start":{"line":186,"column":0},"end":{"line":186,"column":34}},"186":{"start":{"line":187,"column":0},"end":{"line":187,"column":53}},"187":{"start":{"line":188,"column":0},"end":{"line":188,"column":24}},"188":{"start":{"line":189,"column":0},"end":{"line":189,"column":75}},"189":{"start":{"line":190,"column":0},"end":{"line":190,"column":6}},"190":{"start":{"line":191,"column":0},"end":{"line":191,"column":3}},"191":{"start":{"line":192,"column":0},"end":{"line":192,"column":0}},"192":{"start":{"line":193,"column":0},"end":{"line":193,"column":5}},"193":{"start":{"line":194,"column":0},"end":{"line":194,"column":12}},"194":{"start":{"line":195,"column":0},"end":{"line":195,"column":22}},"195":{"start":{"line":196,"column":0},"end":{"line":196,"column":22}},"196":{"start":{"line":197,"column":0},"end":{"line":197,"column":27}},"197":{"start":{"line":198,"column":0},"end":{"line":198,"column":22}},"198":{"start":{"line":199,"column":0},"end":{"line":199,"column":5}},"199":{"start":{"line":200,"column":0},"end":{"line":200,"column":90}},"200":{"start":{"line":201,"column":0},"end":{"line":201,"column":43}},"201":{"start":{"line":202,"column":0},"end":{"line":202,"column":55}},"202":{"start":{"line":203,"column":0},"end":{"line":203,"column":0}},"203":{"start":{"line":204,"column":0},"end":{"line":204,"column":49}},"204":{"start":{"line":205,"column":0},"end":{"line":205,"column":0}},"205":{"start":{"line":206,"column":0},"end":{"line":206,"column":12}},"206":{"start":{"line":207,"column":0},"end":{"line":207,"column":65}},"207":{"start":{"line":208,"column":0},"end":{"line":208,"column":55}},"208":{"start":{"line":209,"column":0},"end":{"line":209,"column":5}},"209":{"start":{"line":210,"column":0},"end":{"line":210,"column":0}},"210":{"start":{"line":211,"column":0},"end":{"line":211,"column":29}},"211":{"start":{"line":212,"column":0},"end":{"line":212,"column":0}},"212":{"start":{"line":213,"column":0},"end":{"line":213,"column":18}},"213":{"start":{"line":214,"column":0},"end":{"line":214,"column":3}},"214":{"start":{"line":215,"column":0},"end":{"line":215,"column":0}},"215":{"start":{"line":216,"column":0},"end":{"line":216,"column":5}},"216":{"start":{"line":217,"column":0},"end":{"line":217,"column":10}},"217":{"start":{"line":218,"column":0},"end":{"line":218,"column":22}},"218":{"start":{"line":219,"column":0},"end":{"line":219,"column":24}},"219":{"start":{"line":220,"column":0},"end":{"line":220,"column":21}},"220":{"start":{"line":221,"column":0},"end":{"line":221,"column":5}},"221":{"start":{"line":222,"column":0},"end":{"line":222,"column":74}},"222":{"start":{"line":223,"column":0},"end":{"line":223,"column":52}},"223":{"start":{"line":224,"column":0},"end":{"line":224,"column":20}},"224":{"start":{"line":225,"column":0},"end":{"line":225,"column":24}},"225":{"start":{"line":226,"column":0},"end":{"line":226,"column":0}},"226":{"start":{"line":227,"column":0},"end":{"line":227,"column":42}},"227":{"start":{"line":228,"column":0},"end":{"line":228,"column":26}},"228":{"start":{"line":229,"column":0},"end":{"line":229,"column":34}},"229":{"start":{"line":230,"column":0},"end":{"line":230,"column":0}},"230":{"start":{"line":231,"column":0},"end":{"line":231,"column":25}},"231":{"start":{"line":232,"column":0},"end":{"line":232,"column":25}},"232":{"start":{"line":233,"column":0},"end":{"line":233,"column":22}},"233":{"start":{"line":234,"column":0},"end":{"line":234,"column":45}},"234":{"start":{"line":235,"column":0},"end":{"line":235,"column":32}},"235":{"start":{"line":236,"column":0},"end":{"line":236,"column":23}},"236":{"start":{"line":237,"column":0},"end":{"line":237,"column":22}},"237":{"start":{"line":238,"column":0},"end":{"line":238,"column":53}},"238":{"start":{"line":239,"column":0},"end":{"line":239,"column":53}},"239":{"start":{"line":240,"column":0},"end":{"line":240,"column":24}},"240":{"start":{"line":241,"column":0},"end":{"line":241,"column":45}},"241":{"start":{"line":242,"column":0},"end":{"line":242,"column":66}},"242":{"start":{"line":243,"column":0},"end":{"line":243,"column":23}},"243":{"start":{"line":244,"column":0},"end":{"line":244,"column":91}},"244":{"start":{"line":245,"column":0},"end":{"line":245,"column":23}},"245":{"start":{"line":246,"column":0},"end":{"line":246,"column":7}},"246":{"start":{"line":247,"column":0},"end":{"line":247,"column":5}},"247":{"start":{"line":248,"column":0},"end":{"line":248,"column":0}},"248":{"start":{"line":249,"column":0},"end":{"line":249,"column":25}},"249":{"start":{"line":250,"column":0},"end":{"line":250,"column":3}},"250":{"start":{"line":251,"column":0},"end":{"line":251,"column":0}},"251":{"start":{"line":252,"column":0},"end":{"line":252,"column":5}},"252":{"start":{"line":253,"column":0},"end":{"line":253,"column":12}},"253":{"start":{"line":254,"column":0},"end":{"line":254,"column":23}},"254":{"start":{"line":255,"column":0},"end":{"line":255,"column":18}},"255":{"start":{"line":256,"column":0},"end":{"line":256,"column":5}},"256":{"start":{"line":257,"column":0},"end":{"line":257,"column":23}},"257":{"start":{"line":258,"column":0},"end":{"line":258,"column":20}},"258":{"start":{"line":259,"column":0},"end":{"line":259,"column":6}},"259":{"start":{"line":260,"column":0},"end":{"line":260,"column":22}},"260":{"start":{"line":261,"column":0},"end":{"line":261,"column":37}},"261":{"start":{"line":262,"column":0},"end":{"line":262,"column":5}},"262":{"start":{"line":263,"column":0},"end":{"line":263,"column":33}},"263":{"start":{"line":264,"column":0},"end":{"line":264,"column":48}},"264":{"start":{"line":265,"column":0},"end":{"line":265,"column":0}},"265":{"start":{"line":266,"column":0},"end":{"line":266,"column":31}},"266":{"start":{"line":267,"column":0},"end":{"line":267,"column":23}},"267":{"start":{"line":268,"column":0},"end":{"line":268,"column":33}},"268":{"start":{"line":269,"column":0},"end":{"line":269,"column":33}},"269":{"start":{"line":270,"column":0},"end":{"line":270,"column":9}},"270":{"start":{"line":271,"column":0},"end":{"line":271,"column":37}},"271":{"start":{"line":272,"column":0},"end":{"line":272,"column":14}},"272":{"start":{"line":273,"column":0},"end":{"line":273,"column":26}},"273":{"start":{"line":274,"column":0},"end":{"line":274,"column":7}},"274":{"start":{"line":275,"column":0},"end":{"line":275,"column":5}},"275":{"start":{"line":276,"column":0},"end":{"line":276,"column":0}},"276":{"start":{"line":277,"column":0},"end":{"line":277,"column":29}},"277":{"start":{"line":278,"column":0},"end":{"line":278,"column":3}},"278":{"start":{"line":279,"column":0},"end":{"line":279,"column":0}},"279":{"start":{"line":280,"column":0},"end":{"line":280,"column":5}},"280":{"start":{"line":281,"column":0},"end":{"line":281,"column":10}},"281":{"start":{"line":282,"column":0},"end":{"line":282,"column":25}},"282":{"start":{"line":283,"column":0},"end":{"line":283,"column":21}},"283":{"start":{"line":284,"column":0},"end":{"line":284,"column":5}},"284":{"start":{"line":285,"column":0},"end":{"line":285,"column":57}},"285":{"start":{"line":286,"column":0},"end":{"line":286,"column":92}},"286":{"start":{"line":287,"column":0},"end":{"line":287,"column":0}},"287":{"start":{"line":288,"column":0},"end":{"line":288,"column":45}},"288":{"start":{"line":289,"column":0},"end":{"line":289,"column":20}},"289":{"start":{"line":290,"column":0},"end":{"line":290,"column":30}},"290":{"start":{"line":291,"column":0},"end":{"line":291,"column":14}},"291":{"start":{"line":292,"column":0},"end":{"line":292,"column":23}},"292":{"start":{"line":293,"column":0},"end":{"line":293,"column":7}},"293":{"start":{"line":294,"column":0},"end":{"line":294,"column":0}},"294":{"start":{"line":295,"column":0},"end":{"line":295,"column":22}},"295":{"start":{"line":296,"column":0},"end":{"line":296,"column":10}},"296":{"start":{"line":297,"column":0},"end":{"line":297,"column":31}},"297":{"start":{"line":298,"column":0},"end":{"line":298,"column":19}},"298":{"start":{"line":299,"column":0},"end":{"line":299,"column":0}},"299":{"start":{"line":300,"column":0},"end":{"line":300,"column":22}},"300":{"start":{"line":301,"column":0},"end":{"line":301,"column":24}},"301":{"start":{"line":302,"column":0},"end":{"line":302,"column":9}},"302":{"start":{"line":303,"column":0},"end":{"line":303,"column":0}},"303":{"start":{"line":304,"column":0},"end":{"line":304,"column":40}},"304":{"start":{"line":305,"column":0},"end":{"line":305,"column":24}},"305":{"start":{"line":306,"column":0},"end":{"line":306,"column":0}},"306":{"start":{"line":307,"column":0},"end":{"line":307,"column":20}},"307":{"start":{"line":308,"column":0},"end":{"line":308,"column":6}},"308":{"start":{"line":309,"column":0},"end":{"line":309,"column":0}},"309":{"start":{"line":310,"column":0},"end":{"line":310,"column":27}},"310":{"start":{"line":311,"column":0},"end":{"line":311,"column":27}},"311":{"start":{"line":312,"column":0},"end":{"line":312,"column":29}},"312":{"start":{"line":313,"column":0},"end":{"line":313,"column":0}},"313":{"start":{"line":314,"column":0},"end":{"line":314,"column":20}},"314":{"start":{"line":315,"column":0},"end":{"line":315,"column":0}},"315":{"start":{"line":316,"column":0},"end":{"line":316,"column":37}},"316":{"start":{"line":317,"column":0},"end":{"line":317,"column":31}},"317":{"start":{"line":318,"column":0},"end":{"line":318,"column":54}},"318":{"start":{"line":319,"column":0},"end":{"line":319,"column":36}},"319":{"start":{"line":320,"column":0},"end":{"line":320,"column":0}},"320":{"start":{"line":321,"column":0},"end":{"line":321,"column":56}},"321":{"start":{"line":322,"column":0},"end":{"line":322,"column":38}},"322":{"start":{"line":323,"column":0},"end":{"line":323,"column":0}},"323":{"start":{"line":324,"column":0},"end":{"line":324,"column":33}},"324":{"start":{"line":325,"column":0},"end":{"line":325,"column":56}},"325":{"start":{"line":326,"column":0},"end":{"line":326,"column":38}},"326":{"start":{"line":327,"column":0},"end":{"line":327,"column":0}},"327":{"start":{"line":328,"column":0},"end":{"line":328,"column":39}},"328":{"start":{"line":329,"column":0},"end":{"line":329,"column":9}},"329":{"start":{"line":330,"column":0},"end":{"line":330,"column":7}},"330":{"start":{"line":331,"column":0},"end":{"line":331,"column":0}},"331":{"start":{"line":332,"column":0},"end":{"line":332,"column":20}},"332":{"start":{"line":333,"column":0},"end":{"line":333,"column":5}},"333":{"start":{"line":334,"column":0},"end":{"line":334,"column":0}},"334":{"start":{"line":335,"column":0},"end":{"line":335,"column":31}},"335":{"start":{"line":336,"column":0},"end":{"line":336,"column":3}},"336":{"start":{"line":337,"column":0},"end":{"line":337,"column":0}},"337":{"start":{"line":338,"column":0},"end":{"line":338,"column":5}},"338":{"start":{"line":339,"column":0},"end":{"line":339,"column":12}},"339":{"start":{"line":340,"column":0},"end":{"line":340,"column":28}},"340":{"start":{"line":341,"column":0},"end":{"line":341,"column":20}},"341":{"start":{"line":342,"column":0},"end":{"line":342,"column":5}},"342":{"start":{"line":343,"column":0},"end":{"line":343,"column":86}},"343":{"start":{"line":344,"column":0},"end":{"line":344,"column":46}},"344":{"start":{"line":345,"column":0},"end":{"line":345,"column":48}},"345":{"start":{"line":346,"column":0},"end":{"line":346,"column":0}},"346":{"start":{"line":347,"column":0},"end":{"line":347,"column":29}},"347":{"start":{"line":348,"column":0},"end":{"line":348,"column":36}},"348":{"start":{"line":349,"column":0},"end":{"line":349,"column":5}},"349":{"start":{"line":350,"column":0},"end":{"line":350,"column":0}},"350":{"start":{"line":351,"column":0},"end":{"line":351,"column":18}},"351":{"start":{"line":352,"column":0},"end":{"line":352,"column":3}},"352":{"start":{"line":353,"column":0},"end":{"line":353,"column":1}},"353":{"start":{"line":354,"column":0},"end":{"line":354,"column":0}},"354":{"start":{"line":355,"column":0},"end":{"line":355,"column":79}},"355":{"start":{"line":356,"column":0},"end":{"line":356,"column":5}},"356":{"start":{"line":357,"column":0},"end":{"line":357,"column":79}},"357":{"start":{"line":358,"column":0},"end":{"line":358,"column":0}},"358":{"start":{"line":359,"column":0},"end":{"line":359,"column":28}}},"s":{"0":1,"1":1,"2":1,"3":1,"4":1,"5":1,"6":1,"7":1,"8":1,"9":1,"10":1,"11":1,"12":1,"13":1,"14":1,"15":1,"16":1,"17":1,"18":1,"19":1,"20":1,"21":1,"22":1,"23":1,"24":1,"25":1,"26":1,"27":1,"28":1,"29":1,"30":1,"31":1,"32":1,"33":1,"34":13,"35":2,"36":2,"37":11,"38":11,"39":13,"40":1,"41":1,"42":10,"43":13,"44":10,"45":10,"46":0,"47":0,"48":0,"49":13,"50":1,"51":1,"52":1,"53":1,"54":1,"55":1,"56":1,"57":1,"58":14,"59":14,"60":0,"61":0,"62":14,"63":14,"64":14,"65":14,"66":14,"67":14,"68":14,"69":14,"70":14,"71":14,"72":14,"73":14,"74":14,"75":14,"76":14,"77":14,"78":16,"79":16,"80":14,"81":14,"82":14,"83":14,"84":14,"85":1,"86":1,"87":1,"88":1,"89":1,"90":1,"91":1,"92":1,"93":1,"94":14,"95":14,"96":14,"97":1,"98":1,"99":1,"100":1,"101":1,"102":1,"103":1,"104":2,"105":2,"106":2,"107":2,"108":2,"109":2,"110":2,"111":2,"112":2,"113":2,"114":2,"115":2,"116":1,"117":1,"118":1,"119":1,"120":1,"121":1,"122":1,"123":1,"124":1,"125":1,"126":1,"127":1,"128":1,"129":1,"130":2,"131":2,"132":2,"133":2,"134":2,"135":2,"136":1,"137":1,"138":1,"139":1,"140":1,"141":2,"142":2,"143":1,"144":1,"145":1,"146":1,"147":1,"148":1,"149":1,"150":1,"151":1,"152":1,"153":1,"154":1,"155":1,"156":1,"157":1,"158":1,"159":1,"160":1,"161":1,"162":1,"163":1,"164":1,"165":1,"166":1,"167":1,"168":1,"169":1,"170":1,"171":1,"172":1,"173":1,"174":1,"175":1,"176":1,"177":1,"178":1,"179":1,"180":1,"181":1,"182":1,"183":1,"184":1,"185":1,"186":1,"187":1,"188":1,"189":1,"190":1,"191":1,"192":1,"193":1,"194":1,"195":1,"196":1,"197":1,"198":1,"199":1,"200":17,"201":17,"202":17,"203":17,"204":17,"205":17,"206":17,"207":26,"208":26,"209":17,"210":17,"211":17,"212":17,"213":17,"214":1,"215":1,"216":1,"217":1,"218":1,"219":1,"220":1,"221":1,"222":0,"223":0,"224":0,"225":0,"226":0,"227":0,"228":0,"229":0,"230":0,"231":0,"232":0,"233":0,"234":0,"235":0,"236":0,"237":0,"238":0,"239":0,"240":0,"241":0,"242":0,"243":0,"244":0,"245":0,"246":0,"247":0,"248":0,"249":0,"250":1,"251":1,"252":1,"253":1,"254":1,"255":1,"256":1,"257":14,"258":14,"259":14,"260":14,"261":14,"262":14,"263":14,"264":14,"265":14,"266":17,"267":1,"268":1,"269":1,"270":1,"271":17,"272":16,"273":16,"274":17,"275":14,"276":14,"277":14,"278":1,"279":1,"280":1,"281":1,"282":1,"283":1,"284":1,"285":1,"286":1,"287":1,"288":4,"289":0,"290":4,"291":4,"292":4,"293":4,"294":4,"295":4,"296":4,"297":4,"298":4,"299":4,"300":0,"301":0,"302":4,"303":4,"304":4,"305":4,"306":4,"307":4,"308":1,"309":1,"310":1,"311":1,"312":1,"313":1,"314":1,"315":1,"316":1,"317":1,"318":1,"319":1,"320":1,"321":1,"322":1,"323":1,"324":1,"325":1,"326":1,"327":1,"328":1,"329":1,"330":1,"331":1,"332":1,"333":1,"334":1,"335":1,"336":1,"337":1,"338":1,"339":1,"340":1,"341":1,"342":1,"343":0,"344":0,"345":0,"346":0,"347":0,"348":0,"349":0,"350":0,"351":0,"352":1,"353":1,"354":1,"355":1,"356":1,"357":1,"358":1},"branchMap":{"0":{"type":"branch","line":34,"loc":{"start":{"line":34,"column":2},"end":{"line":50,"column":3}},"locations":[{"start":{"line":34,"column":2},"end":{"line":50,"column":3}}]},"1":{"type":"branch","line":35,"loc":{"start":{"line":35,"column":38},"end":{"line":37,"column":5}},"locations":[{"start":{"line":35,"column":38},"end":{"line":37,"column":5}}]},"2":{"type":"branch","line":37,"loc":{"start":{"line":37,"column":4},"end":{"line":40,"column":17}},"locations":[{"start":{"line":37,"column":4},"end":{"line":40,"column":17}}]},"3":{"type":"branch","line":40,"loc":{"start":{"line":40,"column":8},"end":{"line":40,"column":25}},"locations":[{"start":{"line":40,"column":8},"end":{"line":40,"column":25}}]},"4":{"type":"branch","line":40,"loc":{"start":{"line":40,"column":25},"end":{"line":42,"column":5}},"locations":[{"start":{"line":40,"column":25},"end":{"line":42,"column":5}}]},"5":{"type":"branch","line":42,"loc":{"start":{"line":42,"column":4},"end":{"line":44,"column":17}},"locations":[{"start":{"line":42,"column":4},"end":{"line":44,"column":17}}]},"6":{"type":"branch","line":44,"loc":{"start":{"line":44,"column":8},"end":{"line":44,"column":30}},"locations":[{"start":{"line":44,"column":8},"end":{"line":44,"column":30}}]},"7":{"type":"branch","line":44,"loc":{"start":{"line":44,"column":37},"end":{"line":46,"column":5}},"locations":[{"start":{"line":44,"column":37},"end":{"line":46,"column":5}}]},"8":{"type":"branch","line":46,"loc":{"start":{"line":46,"column":4},"end":{"line":49,"column":54}},"locations":[{"start":{"line":46,"column":4},"end":{"line":49,"column":54}}]},"9":{"type":"branch","line":58,"loc":{"start":{"line":58,"column":2},"end":{"line":97,"column":3}},"locations":[{"start":{"line":58,"column":2},"end":{"line":97,"column":3}}]},"10":{"type":"branch","line":60,"loc":{"start":{"line":60,"column":35},"end":{"line":62,"column":5}},"locations":[{"start":{"line":60,"column":35},"end":{"line":62,"column":5}}]},"11":{"type":"branch","line":66,"loc":{"start":{"line":66,"column":31},"end":{"line":66,"column":70}},"locations":[{"start":{"line":66,"column":31},"end":{"line":66,"column":70}}]},"12":{"type":"branch","line":70,"loc":{"start":{"line":70,"column":9},"end":{"line":70,"column":55}},"locations":[{"start":{"line":70,"column":9},"end":{"line":70,"column":55}}]},"13":{"type":"branch","line":78,"loc":{"start":{"line":78,"column":41},"end":{"line":80,"column":7}},"locations":[{"start":{"line":78,"column":41},"end":{"line":80,"column":7}}]},"14":{"type":"branch","line":85,"loc":{"start":{"line":85,"column":64},"end":{"line":94,"column":5}},"locations":[{"start":{"line":85,"column":64},"end":{"line":94,"column":5}}]},"15":{"type":"branch","line":104,"loc":{"start":{"line":104,"column":2},"end":{"line":116,"column":3}},"locations":[{"start":{"line":104,"column":2},"end":{"line":116,"column":3}}]},"16":{"type":"branch","line":123,"loc":{"start":{"line":123,"column":2},"end":{"line":149,"column":3}},"locations":[{"start":{"line":123,"column":2},"end":{"line":149,"column":3}}]},"17":{"type":"branch","line":125,"loc":{"start":{"line":125,"column":46},"end":{"line":125,"column":54}},"locations":[{"start":{"line":125,"column":46},"end":{"line":125,"column":54}}]},"18":{"type":"branch","line":130,"loc":{"start":{"line":130,"column":36},"end":{"line":143,"column":5}},"locations":[{"start":{"line":130,"column":36},"end":{"line":143,"column":5}}]},"19":{"type":"branch","line":136,"loc":{"start":{"line":136,"column":32},"end":{"line":141,"column":9}},"locations":[{"start":{"line":136,"column":32},"end":{"line":141,"column":9}}]},"20":{"type":"branch","line":147,"loc":{"start":{"line":147,"column":11},"end":{"line":147,"column":67}},"locations":[{"start":{"line":147,"column":11},"end":{"line":147,"column":67}}]},"21":{"type":"branch","line":157,"loc":{"start":{"line":157,"column":2},"end":{"line":191,"column":3}},"locations":[{"start":{"line":157,"column":2},"end":{"line":191,"column":3}}]},"22":{"type":"branch","line":186,"loc":{"start":{"line":186,"column":16},"end":{"line":186,"column":33}},"locations":[{"start":{"line":186,"column":16},"end":{"line":186,"column":33}}]},"23":{"type":"branch","line":187,"loc":{"start":{"line":187,"column":13},"end":{"line":187,"column":51}},"locations":[{"start":{"line":187,"column":13},"end":{"line":187,"column":51}}]},"24":{"type":"branch","line":189,"loc":{"start":{"line":189,"column":38},"end":{"line":189,"column":73}},"locations":[{"start":{"line":189,"column":38},"end":{"line":189,"column":73}}]},"25":{"type":"branch","line":200,"loc":{"start":{"line":200,"column":10},"end":{"line":214,"column":3}},"locations":[{"start":{"line":200,"column":10},"end":{"line":214,"column":3}}]},"26":{"type":"branch","line":207,"loc":{"start":{"line":207,"column":64},"end":{"line":209,"column":5}},"locations":[{"start":{"line":207,"column":64},"end":{"line":209,"column":5}}]},"27":{"type":"branch","line":257,"loc":{"start":{"line":257,"column":10},"end":{"line":278,"column":3}},"locations":[{"start":{"line":257,"column":10},"end":{"line":278,"column":3}}]},"28":{"type":"branch","line":266,"loc":{"start":{"line":266,"column":30},"end":{"line":275,"column":5}},"locations":[{"start":{"line":266,"column":30},"end":{"line":275,"column":5}}]},"29":{"type":"branch","line":267,"loc":{"start":{"line":267,"column":22},"end":{"line":272,"column":13}},"locations":[{"start":{"line":267,"column":22},"end":{"line":272,"column":13}}]},"30":{"type":"branch","line":272,"loc":{"start":{"line":272,"column":6},"end":{"line":274,"column":7}},"locations":[{"start":{"line":272,"column":6},"end":{"line":274,"column":7}}]},"31":{"type":"branch","line":285,"loc":{"start":{"line":285,"column":10},"end":{"line":336,"column":3}},"locations":[{"start":{"line":285,"column":10},"end":{"line":336,"column":3}}]},"32":{"type":"branch","line":288,"loc":{"start":{"line":288,"column":19},"end":{"line":308,"column":6}},"locations":[{"start":{"line":288,"column":19},"end":{"line":308,"column":6}}]},"33":{"type":"branch","line":289,"loc":{"start":{"line":289,"column":19},"end":{"line":291,"column":13}},"locations":[{"start":{"line":289,"column":19},"end":{"line":291,"column":13}}]},"34":{"type":"branch","line":300,"loc":{"start":{"line":300,"column":21},"end":{"line":302,"column":9}},"locations":[{"start":{"line":300,"column":21},"end":{"line":302,"column":9}}]}},"b":{"0":[13],"1":[2],"2":[11],"3":[3],"4":[1],"5":[10],"6":[2],"7":[10],"8":[0],"9":[14],"10":[0],"11":[3],"12":[3],"13":[16],"14":[1],"15":[2],"16":[1],"17":[0],"18":[2],"19":[1],"20":[1],"21":[1],"22":[1],"23":[1],"24":[1],"25":[17],"26":[26],"27":[14],"28":[17],"29":[1],"30":[16],"31":[1],"32":[4],"33":[0],"34":[0]},"fnMap":{"0":{"name":"format","decl":{"start":{"line":34,"column":2},"end":{"line":50,"column":3}},"loc":{"start":{"line":34,"column":2},"end":{"line":50,"column":3}},"line":34},"1":{"name":"beautify","decl":{"start":{"line":58,"column":2},"end":{"line":97,"column":3}},"loc":{"start":{"line":58,"column":2},"end":{"line":97,"column":3}},"line":58},"2":{"name":"minify","decl":{"start":{"line":104,"column":2},"end":{"line":116,"column":3}},"loc":{"start":{"line":104,"column":2},"end":{"line":116,"column":3}},"line":104},"3":{"name":"optimize","decl":{"start":{"line":123,"column":2},"end":{"line":149,"column":3}},"loc":{"start":{"line":123,"column":2},"end":{"line":149,"column":3}},"line":123},"4":{"name":"generateSourceMap","decl":{"start":{"line":157,"column":2},"end":{"line":191,"column":3}},"loc":{"start":{"line":157,"column":2},"end":{"line":191,"column":3}},"line":157},"5":{"name":"formatRule","decl":{"start":{"line":200,"column":10},"end":{"line":214,"column":3}},"loc":{"start":{"line":200,"column":10},"end":{"line":214,"column":3}},"line":200},"6":{"name":"beautifyString","decl":{"start":{"line":222,"column":10},"end":{"line":250,"column":3}},"loc":{"start":{"line":222,"column":10},"end":{"line":250,"column":3}},"line":222},"7":{"name":"groupByMedia","decl":{"start":{"line":257,"column":10},"end":{"line":278,"column":3}},"loc":{"start":{"line":257,"column":10},"end":{"line":278,"column":3}},"line":257},"8":{"name":"encodeSourceMap","decl":{"start":{"line":285,"column":10},"end":{"line":336,"column":3}},"loc":{"start":{"line":285,"column":10},"end":{"line":336,"column":3}},"line":285},"9":{"name":"encode","decl":{"start":{"line":288,"column":19},"end":{"line":308,"column":6}},"loc":{"start":{"line":288,"column":19},"end":{"line":308,"column":6}},"line":288},"10":{"name":"sortProperties","decl":{"start":{"line":343,"column":10},"end":{"line":352,"column":3}},"loc":{"start":{"line":343,"column":10},"end":{"line":352,"column":3}},"line":343}},"f":{"0":13,"1":14,"2":2,"3":1,"4":1,"5":17,"6":0,"7":14,"8":1,"9":4,"10":0}}
,"C:\\Users\\wzy16\\Desktop\\new project\\10_CodeGenerator_WXSSGenerator\\implementation\\index.ts": {"path":"C:\\Users\\wzy16\\Desktop\\new project\\10_CodeGenerator_WXSSGenerator\\implementation\\index.ts","all":true,"statementMap":{"0":{"start":{"line":1,"column":0},"end":{"line":1,"column":3}},"1":{"start":{"line":2,"column":0},"end":{"line":2,"column":17}},"2":{"start":{"line":3,"column":0},"end":{"line":3,"column":2}},"3":{"start":{"line":4,"column":0},"end":{"line":4,"column":12}},"4":{"start":{"line":5,"column":0},"end":{"line":5,"column":3}},"5":{"start":{"line":6,"column":0},"end":{"line":6,"column":0}},"6":{"start":{"line":7,"column":0},"end":{"line":7,"column":49}},"7":{"start":{"line":8,"column":0},"end":{"line":8,"column":49}},"8":{"start":{"line":9,"column":0},"end":{"line":9,"column":43}},"9":{"start":{"line":10,"column":0},"end":{"line":10,"column":43}},"10":{"start":{"line":11,"column":0},"end":{"line":11,"column":47}},"11":{"start":{"line":12,"column":0},"end":{"line":12,"column":0}},"12":{"start":{"line":13,"column":0},"end":{"line":13,"column":7}},"13":{"start":{"line":14,"column":0},"end":{"line":14,"column":13}},"14":{"start":{"line":15,"column":0},"end":{"line":15,"column":10}},"15":{"start":{"line":16,"column":0},"end":{"line":16,"column":10}},"16":{"start":{"line":17,"column":0},"end":{"line":17,"column":11}},"17":{"start":{"line":18,"column":0},"end":{"line":18,"column":8}},"18":{"start":{"line":19,"column":0},"end":{"line":19,"column":14}},"19":{"start":{"line":20,"column":0},"end":{"line":20,"column":15}},"20":{"start":{"line":21,"column":0},"end":{"line":21,"column":18}},"21":{"start":{"line":22,"column":0},"end":{"line":22,"column":13}},"22":{"start":{"line":23,"column":0},"end":{"line":23,"column":18}},"23":{"start":{"line":24,"column":0},"end":{"line":24,"column":15}},"24":{"start":{"line":25,"column":0},"end":{"line":25,"column":11}},"25":{"start":{"line":26,"column":0},"end":{"line":26,"column":13}},"26":{"start":{"line":27,"column":0},"end":{"line":27,"column":22}},"27":{"start":{"line":28,"column":0},"end":{"line":28,"column":16}},"28":{"start":{"line":29,"column":0},"end":{"line":29,"column":18}},"29":{"start":{"line":30,"column":0},"end":{"line":30,"column":16}},"30":{"start":{"line":31,"column":0},"end":{"line":31,"column":17}},"31":{"start":{"line":32,"column":0},"end":{"line":32,"column":19}},"32":{"start":{"line":33,"column":0},"end":{"line":33,"column":18}},"33":{"start":{"line":34,"column":0},"end":{"line":34,"column":20}},"34":{"start":{"line":35,"column":0},"end":{"line":35,"column":22}},"35":{"start":{"line":36,"column":0},"end":{"line":36,"column":23}},"36":{"start":{"line":37,"column":0},"end":{"line":37,"column":12}},"37":{"start":{"line":38,"column":0},"end":{"line":38,"column":13}},"38":{"start":{"line":39,"column":0},"end":{"line":39,"column":13}},"39":{"start":{"line":40,"column":0},"end":{"line":40,"column":15}},"40":{"start":{"line":41,"column":0},"end":{"line":41,"column":14}},"41":{"start":{"line":42,"column":0},"end":{"line":42,"column":15}},"42":{"start":{"line":43,"column":0},"end":{"line":43,"column":17}},"43":{"start":{"line":44,"column":0},"end":{"line":44,"column":0}},"44":{"start":{"line":45,"column":0},"end":{"line":45,"column":8}},"45":{"start":{"line":46,"column":0},"end":{"line":46,"column":8}},"46":{"start":{"line":47,"column":0},"end":{"line":47,"column":21}},"47":{"start":{"line":48,"column":0},"end":{"line":48,"column":23}},"48":{"start":{"line":49,"column":0},"end":{"line":49,"column":23}},"49":{"start":{"line":50,"column":0},"end":{"line":50,"column":22}},"50":{"start":{"line":51,"column":0},"end":{"line":51,"column":21}},"51":{"start":{"line":52,"column":0},"end":{"line":52,"column":17}}},"s":{"0":0,"1":0,"2":0,"3":0,"4":0,"5":0,"6":0,"7":0,"8":0,"9":0,"10":0,"11":0,"12":0,"13":0,"14":0,"15":0,"16":0,"17":0,"18":0,"19":0,"20":0,"21":0,"22":0,"23":0,"24":0,"25":0,"26":0,"27":0,"28":0,"29":0,"30":0,"31":0,"32":0,"33":0,"34":0,"35":0,"36":0,"37":0,"38":0,"39":0,"40":0,"41":0,"42":0,"43":0,"44":0,"45":0,"46":0,"47":0,"48":0,"49":0,"50":0,"51":0},"branchMap":{"0":{"type":"branch","line":1,"loc":{"start":{"line":1,"column":979},"end":{"line":52,"column":17}},"locations":[{"start":{"line":1,"column":979},"end":{"line":52,"column":17}}]}},"b":{"0":[0]},"fnMap":{"0":{"name":"(empty-report)","decl":{"start":{"line":1,"column":979},"end":{"line":52,"column":17}},"loc":{"start":{"line":1,"column":979},"end":{"line":52,"column":17}},"line":1}},"f":{"0":0}}
,"C:\\Users\\wzy16\\Desktop\\new project\\10_CodeGenerator_WXSSGenerator\\implementation\\style-compiler.ts": {"path":"C:\\Users\\wzy16\\Desktop\\new project\\10_CodeGenerator_WXSSGenerator\\implementation\\style-compiler.ts","all":false,"statementMap":{"0":{"start":{"line":1,"column":0},"end":{"line":1,"column":3}},"1":{"start":{"line":2,"column":0},"end":{"line":2,"column":18}},"2":{"start":{"line":3,"column":0},"end":{"line":3,"column":2}},"3":{"start":{"line":4,"column":0},"end":{"line":4,"column":41}},"4":{"start":{"line":5,"column":0},"end":{"line":5,"column":3}},"5":{"start":{"line":6,"column":0},"end":{"line":6,"column":0}},"6":{"start":{"line":7,"column":0},"end":{"line":7,"column":13}},"7":{"start":{"line":8,"column":0},"end":{"line":8,"column":12}},"8":{"start":{"line":9,"column":0},"end":{"line":9,"column":17}},"9":{"start":{"line":10,"column":0},"end":{"line":10,"column":61}},"10":{"start":{"line":11,"column":0},"end":{"line":11,"column":13}},"11":{"start":{"line":12,"column":0},"end":{"line":12,"column":10}},"12":{"start":{"line":13,"column":0},"end":{"line":13,"column":10}},"13":{"start":{"line":14,"column":0},"end":{"line":14,"column":11}},"14":{"start":{"line":15,"column":0},"end":{"line":15,"column":15}},"15":{"start":{"line":16,"column":0},"end":{"line":16,"column":13}},"16":{"start":{"line":17,"column":0},"end":{"line":17,"column":17}},"17":{"start":{"line":18,"column":0},"end":{"line":18,"column":22}},"18":{"start":{"line":19,"column":0},"end":{"line":19,"column":23}},"19":{"start":{"line":20,"column":0},"end":{"line":20,"column":17}},"20":{"start":{"line":21,"column":0},"end":{"line":21,"column":45}},"21":{"start":{"line":22,"column":0},"end":{"line":22,"column":0}},"22":{"start":{"line":23,"column":0},"end":{"line":23,"column":79}},"23":{"start":{"line":24,"column":0},"end":{"line":24,"column":9}},"24":{"start":{"line":25,"column":0},"end":{"line":25,"column":79}},"25":{"start":{"line":26,"column":0},"end":{"line":26,"column":0}},"26":{"start":{"line":27,"column":0},"end":{"line":27,"column":3}},"27":{"start":{"line":28,"column":0},"end":{"line":28,"column":8}},"28":{"start":{"line":29,"column":0},"end":{"line":29,"column":2}},"29":{"start":{"line":30,"column":0},"end":{"line":30,"column":6}},"30":{"start":{"line":31,"column":0},"end":{"line":31,"column":30}},"31":{"start":{"line":32,"column":0},"end":{"line":32,"column":24}},"32":{"start":{"line":33,"column":0},"end":{"line":33,"column":14}},"33":{"start":{"line":34,"column":0},"end":{"line":34,"column":15}},"34":{"start":{"line":35,"column":0},"end":{"line":35,"column":3}},"35":{"start":{"line":36,"column":0},"end":{"line":36,"column":28}},"36":{"start":{"line":37,"column":0},"end":{"line":37,"column":15}},"37":{"start":{"line":38,"column":0},"end":{"line":38,"column":46}},"38":{"start":{"line":39,"column":0},"end":{"line":39,"column":63}},"39":{"start":{"line":40,"column":0},"end":{"line":40,"column":101}},"40":{"start":{"line":41,"column":0},"end":{"line":41,"column":101}},"41":{"start":{"line":42,"column":0},"end":{"line":42,"column":103}},"42":{"start":{"line":43,"column":0},"end":{"line":43,"column":65}},"43":{"start":{"line":44,"column":0},"end":{"line":44,"column":4}},"44":{"start":{"line":45,"column":0},"end":{"line":45,"column":0}},"45":{"start":{"line":46,"column":0},"end":{"line":46,"column":21}},"46":{"start":{"line":47,"column":0},"end":{"line":47,"column":35}},"47":{"start":{"line":48,"column":0},"end":{"line":48,"column":76}},"48":{"start":{"line":49,"column":0},"end":{"line":49,"column":80}},"49":{"start":{"line":50,"column":0},"end":{"line":50,"column":75}},"50":{"start":{"line":51,"column":0},"end":{"line":51,"column":105}},"51":{"start":{"line":52,"column":0},"end":{"line":52,"column":73}},"52":{"start":{"line":53,"column":0},"end":{"line":53,"column":62}},"53":{"start":{"line":54,"column":0},"end":{"line":54,"column":37}},"54":{"start":{"line":55,"column":0},"end":{"line":55,"column":35}},"55":{"start":{"line":56,"column":0},"end":{"line":56,"column":5}},"56":{"start":{"line":57,"column":0},"end":{"line":57,"column":0}},"57":{"start":{"line":58,"column":0},"end":{"line":58,"column":30}},"58":{"start":{"line":59,"column":0},"end":{"line":59,"column":34}},"59":{"start":{"line":60,"column":0},"end":{"line":60,"column":65}},"60":{"start":{"line":61,"column":0},"end":{"line":61,"column":5}},"61":{"start":{"line":62,"column":0},"end":{"line":62,"column":0}},"62":{"start":{"line":63,"column":0},"end":{"line":63,"column":5}},"63":{"start":{"line":64,"column":0},"end":{"line":64,"column":11}},"64":{"start":{"line":65,"column":0},"end":{"line":65,"column":24}},"65":{"start":{"line":66,"column":0},"end":{"line":66,"column":24}},"66":{"start":{"line":67,"column":0},"end":{"line":67,"column":21}},"67":{"start":{"line":68,"column":0},"end":{"line":68,"column":5}},"68":{"start":{"line":69,"column":0},"end":{"line":69,"column":89}},"69":{"start":{"line":70,"column":0},"end":{"line":70,"column":32}},"70":{"start":{"line":71,"column":0},"end":{"line":71,"column":54}},"71":{"start":{"line":72,"column":0},"end":{"line":72,"column":0}},"72":{"start":{"line":73,"column":0},"end":{"line":73,"column":13}},"73":{"start":{"line":74,"column":0},"end":{"line":74,"column":69}},"74":{"start":{"line":75,"column":0},"end":{"line":75,"column":78}},"75":{"start":{"line":76,"column":0},"end":{"line":76,"column":71}},"76":{"start":{"line":77,"column":0},"end":{"line":77,"column":25}},"77":{"start":{"line":78,"column":0},"end":{"line":78,"column":7}},"78":{"start":{"line":79,"column":0},"end":{"line":79,"column":5}},"79":{"start":{"line":80,"column":0},"end":{"line":80,"column":0}},"80":{"start":{"line":81,"column":0},"end":{"line":81,"column":14}},"81":{"start":{"line":82,"column":0},"end":{"line":82,"column":62}},"82":{"start":{"line":83,"column":0},"end":{"line":83,"column":47}},"83":{"start":{"line":84,"column":0},"end":{"line":84,"column":66}},"84":{"start":{"line":85,"column":0},"end":{"line":85,"column":7}},"85":{"start":{"line":86,"column":0},"end":{"line":86,"column":5}},"86":{"start":{"line":87,"column":0},"end":{"line":87,"column":0}},"87":{"start":{"line":88,"column":0},"end":{"line":88,"column":17}},"88":{"start":{"line":89,"column":0},"end":{"line":89,"column":3}},"89":{"start":{"line":90,"column":0},"end":{"line":90,"column":0}},"90":{"start":{"line":91,"column":0},"end":{"line":91,"column":5}},"91":{"start":{"line":92,"column":0},"end":{"line":92,"column":11}},"92":{"start":{"line":93,"column":0},"end":{"line":93,"column":22}},"93":{"start":{"line":94,"column":0},"end":{"line":94,"column":24}},"94":{"start":{"line":95,"column":0},"end":{"line":95,"column":26}},"95":{"start":{"line":96,"column":0},"end":{"line":96,"column":19}},"96":{"start":{"line":97,"column":0},"end":{"line":97,"column":5}},"97":{"start":{"line":98,"column":0},"end":{"line":98,"column":85}},"98":{"start":{"line":99,"column":0},"end":{"line":99,"column":50}},"99":{"start":{"line":100,"column":0},"end":{"line":100,"column":0}},"100":{"start":{"line":101,"column":0},"end":{"line":101,"column":55}},"101":{"start":{"line":102,"column":0},"end":{"line":102,"column":50}},"102":{"start":{"line":103,"column":0},"end":{"line":103,"column":17}},"103":{"start":{"line":104,"column":0},"end":{"line":104,"column":7}},"104":{"start":{"line":105,"column":0},"end":{"line":105,"column":0}},"105":{"start":{"line":106,"column":0},"end":{"line":106,"column":38}},"106":{"start":{"line":107,"column":0},"end":{"line":107,"column":46}},"107":{"start":{"line":108,"column":0},"end":{"line":108,"column":0}},"108":{"start":{"line":109,"column":0},"end":{"line":109,"column":14}},"109":{"start":{"line":110,"column":0},"end":{"line":110,"column":72}},"110":{"start":{"line":111,"column":0},"end":{"line":111,"column":0}},"111":{"start":{"line":112,"column":0},"end":{"line":112,"column":44}},"112":{"start":{"line":113,"column":0},"end":{"line":113,"column":5}},"113":{"start":{"line":114,"column":0},"end":{"line":114,"column":0}},"114":{"start":{"line":115,"column":0},"end":{"line":115,"column":12}},"115":{"start":{"line":116,"column":0},"end":{"line":116,"column":15}},"116":{"start":{"line":117,"column":0},"end":{"line":117,"column":17}},"117":{"start":{"line":118,"column":0},"end":{"line":118,"column":15}},"118":{"start":{"line":119,"column":0},"end":{"line":119,"column":6}},"119":{"start":{"line":120,"column":0},"end":{"line":120,"column":3}},"120":{"start":{"line":121,"column":0},"end":{"line":121,"column":0}},"121":{"start":{"line":122,"column":0},"end":{"line":122,"column":5}},"122":{"start":{"line":123,"column":0},"end":{"line":123,"column":11}},"123":{"start":{"line":124,"column":0},"end":{"line":124,"column":23}},"124":{"start":{"line":125,"column":0},"end":{"line":125,"column":31}},"125":{"start":{"line":126,"column":0},"end":{"line":126,"column":21}},"126":{"start":{"line":127,"column":0},"end":{"line":127,"column":5}},"127":{"start":{"line":128,"column":0},"end":{"line":128,"column":79}},"128":{"start":{"line":129,"column":0},"end":{"line":129,"column":32}},"129":{"start":{"line":130,"column":0},"end":{"line":130,"column":0}},"130":{"start":{"line":131,"column":0},"end":{"line":131,"column":13}},"131":{"start":{"line":132,"column":0},"end":{"line":132,"column":22}},"132":{"start":{"line":133,"column":0},"end":{"line":133,"column":66}},"133":{"start":{"line":134,"column":0},"end":{"line":134,"column":52}},"134":{"start":{"line":135,"column":0},"end":{"line":135,"column":25}},"135":{"start":{"line":136,"column":0},"end":{"line":136,"column":7}},"136":{"start":{"line":137,"column":0},"end":{"line":137,"column":5}},"137":{"start":{"line":138,"column":0},"end":{"line":138,"column":0}},"138":{"start":{"line":139,"column":0},"end":{"line":139,"column":14}},"139":{"start":{"line":140,"column":0},"end":{"line":140,"column":24}},"140":{"start":{"line":141,"column":0},"end":{"line":141,"column":76}},"141":{"start":{"line":142,"column":0},"end":{"line":142,"column":77}},"142":{"start":{"line":143,"column":0},"end":{"line":143,"column":0}},"143":{"start":{"line":144,"column":0},"end":{"line":144,"column":47}},"144":{"start":{"line":145,"column":0},"end":{"line":145,"column":19}},"145":{"start":{"line":146,"column":0},"end":{"line":146,"column":71}},"146":{"start":{"line":147,"column":0},"end":{"line":147,"column":16}},"147":{"start":{"line":148,"column":0},"end":{"line":148,"column":19}},"148":{"start":{"line":149,"column":0},"end":{"line":149,"column":68}},"149":{"start":{"line":150,"column":0},"end":{"line":150,"column":56}},"150":{"start":{"line":151,"column":0},"end":{"line":151,"column":29}},"151":{"start":{"line":152,"column":0},"end":{"line":152,"column":11}},"152":{"start":{"line":153,"column":0},"end":{"line":153,"column":9}},"153":{"start":{"line":154,"column":0},"end":{"line":154,"column":7}},"154":{"start":{"line":155,"column":0},"end":{"line":155,"column":5}},"155":{"start":{"line":156,"column":0},"end":{"line":156,"column":0}},"156":{"start":{"line":157,"column":0},"end":{"line":157,"column":17}},"157":{"start":{"line":158,"column":0},"end":{"line":158,"column":3}},"158":{"start":{"line":159,"column":0},"end":{"line":159,"column":0}},"159":{"start":{"line":160,"column":0},"end":{"line":160,"column":5}},"160":{"start":{"line":161,"column":0},"end":{"line":161,"column":11}},"161":{"start":{"line":162,"column":0},"end":{"line":162,"column":25}},"162":{"start":{"line":163,"column":0},"end":{"line":163,"column":23}},"163":{"start":{"line":164,"column":0},"end":{"line":164,"column":21}},"164":{"start":{"line":165,"column":0},"end":{"line":165,"column":5}},"165":{"start":{"line":166,"column":0},"end":{"line":166,"column":72}},"166":{"start":{"line":167,"column":0},"end":{"line":167,"column":75}},"167":{"start":{"line":168,"column":0},"end":{"line":168,"column":74}},"168":{"start":{"line":169,"column":0},"end":{"line":169,"column":3}},"169":{"start":{"line":170,"column":0},"end":{"line":170,"column":0}},"170":{"start":{"line":171,"column":0},"end":{"line":171,"column":5}},"171":{"start":{"line":172,"column":0},"end":{"line":172,"column":9}},"172":{"start":{"line":173,"column":0},"end":{"line":173,"column":19}},"173":{"start":{"line":174,"column":0},"end":{"line":174,"column":21}},"174":{"start":{"line":175,"column":0},"end":{"line":175,"column":24}},"175":{"start":{"line":176,"column":0},"end":{"line":176,"column":19}},"176":{"start":{"line":177,"column":0},"end":{"line":177,"column":5}},"177":{"start":{"line":178,"column":0},"end":{"line":178,"column":79}},"178":{"start":{"line":179,"column":0},"end":{"line":179,"column":42}},"179":{"start":{"line":180,"column":0},"end":{"line":180,"column":0}},"180":{"start":{"line":181,"column":0},"end":{"line":181,"column":65}},"181":{"start":{"line":182,"column":0},"end":{"line":182,"column":19}},"182":{"start":{"line":183,"column":0},"end":{"line":183,"column":5}},"183":{"start":{"line":184,"column":0},"end":{"line":184,"column":0}},"184":{"start":{"line":185,"column":0},"end":{"line":185,"column":59}},"185":{"start":{"line":186,"column":0},"end":{"line":186,"column":33}},"186":{"start":{"line":187,"column":0},"end":{"line":187,"column":19}},"187":{"start":{"line":188,"column":0},"end":{"line":188,"column":5}},"188":{"start":{"line":189,"column":0},"end":{"line":189,"column":0}},"189":{"start":{"line":190,"column":0},"end":{"line":190,"column":18}},"190":{"start":{"line":191,"column":0},"end":{"line":191,"column":42}},"191":{"start":{"line":192,"column":0},"end":{"line":192,"column":40}},"192":{"start":{"line":193,"column":0},"end":{"line":193,"column":42}},"193":{"start":{"line":194,"column":0},"end":{"line":194,"column":5}},"194":{"start":{"line":195,"column":0},"end":{"line":195,"column":0}},"195":{"start":{"line":196,"column":0},"end":{"line":196,"column":18}},"196":{"start":{"line":197,"column":0},"end":{"line":197,"column":42}},"197":{"start":{"line":198,"column":0},"end":{"line":198,"column":40}},"198":{"start":{"line":199,"column":0},"end":{"line":199,"column":41}},"199":{"start":{"line":200,"column":0},"end":{"line":200,"column":5}},"200":{"start":{"line":201,"column":0},"end":{"line":201,"column":0}},"201":{"start":{"line":202,"column":0},"end":{"line":202,"column":17}},"202":{"start":{"line":203,"column":0},"end":{"line":203,"column":17}},"203":{"start":{"line":204,"column":0},"end":{"line":204,"column":3}},"204":{"start":{"line":205,"column":0},"end":{"line":205,"column":0}},"205":{"start":{"line":206,"column":0},"end":{"line":206,"column":5}},"206":{"start":{"line":207,"column":0},"end":{"line":207,"column":12}},"207":{"start":{"line":208,"column":0},"end":{"line":208,"column":24}},"208":{"start":{"line":209,"column":0},"end":{"line":209,"column":20}},"209":{"start":{"line":210,"column":0},"end":{"line":210,"column":5}},"210":{"start":{"line":211,"column":0},"end":{"line":211,"column":58}},"211":{"start":{"line":212,"column":0},"end":{"line":212,"column":15}},"212":{"start":{"line":213,"column":0},"end":{"line":213,"column":25}},"213":{"start":{"line":214,"column":0},"end":{"line":214,"column":58}},"214":{"start":{"line":215,"column":0},"end":{"line":215,"column":5}},"215":{"start":{"line":216,"column":0},"end":{"line":216,"column":0}},"216":{"start":{"line":217,"column":0},"end":{"line":217,"column":14}},"217":{"start":{"line":218,"column":0},"end":{"line":218,"column":48}},"218":{"start":{"line":219,"column":0},"end":{"line":219,"column":3}},"219":{"start":{"line":220,"column":0},"end":{"line":220,"column":0}},"220":{"start":{"line":221,"column":0},"end":{"line":221,"column":5}},"221":{"start":{"line":222,"column":0},"end":{"line":222,"column":10}},"222":{"start":{"line":223,"column":0},"end":{"line":223,"column":21}},"223":{"start":{"line":224,"column":0},"end":{"line":224,"column":24}},"224":{"start":{"line":225,"column":0},"end":{"line":225,"column":19}},"225":{"start":{"line":226,"column":0},"end":{"line":226,"column":5}},"226":{"start":{"line":227,"column":0},"end":{"line":227,"column":65}},"227":{"start":{"line":228,"column":0},"end":{"line":228,"column":17}},"228":{"start":{"line":229,"column":0},"end":{"line":229,"column":30}},"229":{"start":{"line":230,"column":0},"end":{"line":230,"column":19}},"230":{"start":{"line":231,"column":0},"end":{"line":231,"column":5}},"231":{"start":{"line":232,"column":0},"end":{"line":232,"column":0}},"232":{"start":{"line":233,"column":0},"end":{"line":233,"column":17}},"233":{"start":{"line":234,"column":0},"end":{"line":234,"column":32}},"234":{"start":{"line":235,"column":0},"end":{"line":235,"column":56}},"235":{"start":{"line":236,"column":0},"end":{"line":236,"column":38}},"236":{"start":{"line":237,"column":0},"end":{"line":237,"column":5}},"237":{"start":{"line":238,"column":0},"end":{"line":238,"column":0}},"238":{"start":{"line":239,"column":0},"end":{"line":239,"column":22}},"239":{"start":{"line":240,"column":0},"end":{"line":240,"column":17}},"240":{"start":{"line":241,"column":0},"end":{"line":241,"column":3}},"241":{"start":{"line":242,"column":0},"end":{"line":242,"column":0}},"242":{"start":{"line":243,"column":0},"end":{"line":243,"column":5}},"243":{"start":{"line":244,"column":0},"end":{"line":244,"column":11}},"244":{"start":{"line":245,"column":0},"end":{"line":245,"column":24}},"245":{"start":{"line":246,"column":0},"end":{"line":246,"column":18}},"246":{"start":{"line":247,"column":0},"end":{"line":247,"column":5}},"247":{"start":{"line":248,"column":0},"end":{"line":248,"column":53}},"248":{"start":{"line":249,"column":0},"end":{"line":249,"column":42}},"249":{"start":{"line":250,"column":0},"end":{"line":250,"column":18}},"250":{"start":{"line":251,"column":0},"end":{"line":251,"column":5}},"251":{"start":{"line":252,"column":0},"end":{"line":252,"column":43}},"252":{"start":{"line":253,"column":0},"end":{"line":253,"column":19}},"253":{"start":{"line":254,"column":0},"end":{"line":254,"column":5}},"254":{"start":{"line":255,"column":0},"end":{"line":255,"column":28}},"255":{"start":{"line":256,"column":0},"end":{"line":256,"column":3}},"256":{"start":{"line":257,"column":0},"end":{"line":257,"column":0}},"257":{"start":{"line":258,"column":0},"end":{"line":258,"column":5}},"258":{"start":{"line":259,"column":0},"end":{"line":259,"column":11}},"259":{"start":{"line":260,"column":0},"end":{"line":260,"column":22}},"260":{"start":{"line":261,"column":0},"end":{"line":261,"column":18}},"261":{"start":{"line":262,"column":0},"end":{"line":262,"column":5}},"262":{"start":{"line":263,"column":0},"end":{"line":263,"column":47}},"263":{"start":{"line":264,"column":0},"end":{"line":264,"column":33}},"264":{"start":{"line":265,"column":0},"end":{"line":265,"column":0}},"265":{"start":{"line":266,"column":0},"end":{"line":266,"column":14}},"266":{"start":{"line":267,"column":0},"end":{"line":267,"column":37}},"267":{"start":{"line":268,"column":0},"end":{"line":268,"column":14}},"268":{"start":{"line":269,"column":0},"end":{"line":269,"column":21}},"269":{"start":{"line":270,"column":0},"end":{"line":270,"column":25}},"270":{"start":{"line":271,"column":0},"end":{"line":271,"column":8}},"271":{"start":{"line":272,"column":0},"end":{"line":272,"column":5}},"272":{"start":{"line":273,"column":0},"end":{"line":273,"column":0}},"273":{"start":{"line":274,"column":0},"end":{"line":274,"column":15}},"274":{"start":{"line":275,"column":0},"end":{"line":275,"column":79}},"275":{"start":{"line":276,"column":0},"end":{"line":276,"column":51}},"276":{"start":{"line":277,"column":0},"end":{"line":277,"column":14}},"277":{"start":{"line":278,"column":0},"end":{"line":278,"column":21}},"278":{"start":{"line":279,"column":0},"end":{"line":279,"column":24}},"279":{"start":{"line":280,"column":0},"end":{"line":280,"column":8}},"280":{"start":{"line":281,"column":0},"end":{"line":281,"column":5}},"281":{"start":{"line":282,"column":0},"end":{"line":282,"column":0}},"282":{"start":{"line":283,"column":0},"end":{"line":283,"column":14}},"283":{"start":{"line":284,"column":0},"end":{"line":284,"column":75}},"284":{"start":{"line":285,"column":0},"end":{"line":285,"column":16}},"285":{"start":{"line":286,"column":0},"end":{"line":286,"column":14}},"286":{"start":{"line":287,"column":0},"end":{"line":287,"column":21}},"287":{"start":{"line":288,"column":0},"end":{"line":288,"column":36}},"288":{"start":{"line":289,"column":0},"end":{"line":289,"column":34}},"289":{"start":{"line":290,"column":0},"end":{"line":290,"column":8}},"290":{"start":{"line":291,"column":0},"end":{"line":291,"column":5}},"291":{"start":{"line":292,"column":0},"end":{"line":292,"column":0}},"292":{"start":{"line":293,"column":0},"end":{"line":293,"column":17}},"293":{"start":{"line":294,"column":0},"end":{"line":294,"column":12}},"294":{"start":{"line":295,"column":0},"end":{"line":295,"column":19}},"295":{"start":{"line":296,"column":0},"end":{"line":296,"column":6}},"296":{"start":{"line":297,"column":0},"end":{"line":297,"column":3}},"297":{"start":{"line":298,"column":0},"end":{"line":298,"column":0}},"298":{"start":{"line":299,"column":0},"end":{"line":299,"column":5}},"299":{"start":{"line":300,"column":0},"end":{"line":300,"column":14}},"300":{"start":{"line":301,"column":0},"end":{"line":301,"column":19}},"301":{"start":{"line":302,"column":0},"end":{"line":302,"column":20}},"302":{"start":{"line":303,"column":0},"end":{"line":303,"column":5}},"303":{"start":{"line":304,"column":0},"end":{"line":304,"column":43}},"304":{"start":{"line":305,"column":0},"end":{"line":305,"column":58}},"305":{"start":{"line":306,"column":0},"end":{"line":306,"column":3}},"306":{"start":{"line":307,"column":0},"end":{"line":307,"column":0}},"307":{"start":{"line":308,"column":0},"end":{"line":308,"column":5}},"308":{"start":{"line":309,"column":0},"end":{"line":309,"column":13}},"309":{"start":{"line":310,"column":0},"end":{"line":310,"column":19}},"310":{"start":{"line":311,"column":0},"end":{"line":311,"column":19}},"311":{"start":{"line":312,"column":0},"end":{"line":312,"column":5}},"312":{"start":{"line":313,"column":0},"end":{"line":313,"column":45}},"313":{"start":{"line":314,"column":0},"end":{"line":314,"column":46}},"314":{"start":{"line":315,"column":0},"end":{"line":315,"column":3}},"315":{"start":{"line":316,"column":0},"end":{"line":316,"column":0}},"316":{"start":{"line":317,"column":0},"end":{"line":317,"column":5}},"317":{"start":{"line":318,"column":0},"end":{"line":318,"column":25}},"318":{"start":{"line":319,"column":0},"end":{"line":319,"column":19}},"319":{"start":{"line":320,"column":0},"end":{"line":320,"column":21}},"320":{"start":{"line":321,"column":0},"end":{"line":321,"column":5}},"321":{"start":{"line":322,"column":0},"end":{"line":322,"column":45}},"322":{"start":{"line":323,"column":0},"end":{"line":323,"column":68}},"323":{"start":{"line":324,"column":0},"end":{"line":324,"column":3}},"324":{"start":{"line":325,"column":0},"end":{"line":325,"column":0}},"325":{"start":{"line":326,"column":0},"end":{"line":326,"column":5}},"326":{"start":{"line":327,"column":0},"end":{"line":327,"column":10}},"327":{"start":{"line":328,"column":0},"end":{"line":328,"column":23}},"328":{"start":{"line":329,"column":0},"end":{"line":329,"column":22}},"329":{"start":{"line":330,"column":0},"end":{"line":330,"column":21}},"330":{"start":{"line":331,"column":0},"end":{"line":331,"column":5}},"331":{"start":{"line":332,"column":0},"end":{"line":332,"column":67}},"332":{"start":{"line":333,"column":0},"end":{"line":333,"column":15}},"333":{"start":{"line":334,"column":0},"end":{"line":334,"column":32}},"334":{"start":{"line":335,"column":0},"end":{"line":335,"column":41}},"335":{"start":{"line":336,"column":0},"end":{"line":336,"column":5}},"336":{"start":{"line":337,"column":0},"end":{"line":337,"column":0}},"337":{"start":{"line":338,"column":0},"end":{"line":338,"column":13}},"338":{"start":{"line":339,"column":0},"end":{"line":339,"column":32}},"339":{"start":{"line":340,"column":0},"end":{"line":340,"column":28}},"340":{"start":{"line":341,"column":0},"end":{"line":341,"column":5}},"341":{"start":{"line":342,"column":0},"end":{"line":342,"column":0}},"342":{"start":{"line":343,"column":0},"end":{"line":343,"column":12}},"343":{"start":{"line":344,"column":0},"end":{"line":344,"column":32}},"344":{"start":{"line":345,"column":0},"end":{"line":345,"column":3}},"345":{"start":{"line":346,"column":0},"end":{"line":346,"column":0}},"346":{"start":{"line":347,"column":0},"end":{"line":347,"column":5}},"347":{"start":{"line":348,"column":0},"end":{"line":348,"column":14}},"348":{"start":{"line":349,"column":0},"end":{"line":349,"column":18}},"349":{"start":{"line":350,"column":0},"end":{"line":350,"column":21}},"350":{"start":{"line":351,"column":0},"end":{"line":351,"column":5}},"351":{"start":{"line":352,"column":0},"end":{"line":352,"column":57}},"352":{"start":{"line":353,"column":0},"end":{"line":353,"column":80}},"353":{"start":{"line":354,"column":0},"end":{"line":354,"column":3}},"354":{"start":{"line":355,"column":0},"end":{"line":355,"column":0}},"355":{"start":{"line":356,"column":0},"end":{"line":356,"column":5}},"356":{"start":{"line":357,"column":0},"end":{"line":357,"column":13}},"357":{"start":{"line":358,"column":0},"end":{"line":358,"column":22}},"358":{"start":{"line":359,"column":0},"end":{"line":359,"column":22}},"359":{"start":{"line":360,"column":0},"end":{"line":360,"column":5}},"360":{"start":{"line":361,"column":0},"end":{"line":361,"column":45}},"361":{"start":{"line":362,"column":0},"end":{"line":362,"column":54}},"362":{"start":{"line":363,"column":0},"end":{"line":363,"column":51}},"363":{"start":{"line":364,"column":0},"end":{"line":364,"column":18}},"364":{"start":{"line":365,"column":0},"end":{"line":365,"column":0}},"365":{"start":{"line":366,"column":0},"end":{"line":366,"column":50}},"366":{"start":{"line":367,"column":0},"end":{"line":367,"column":3}},"367":{"start":{"line":368,"column":0},"end":{"line":368,"column":0}},"368":{"start":{"line":369,"column":0},"end":{"line":369,"column":5}},"369":{"start":{"line":370,"column":0},"end":{"line":370,"column":9}},"370":{"start":{"line":371,"column":0},"end":{"line":371,"column":19}},"371":{"start":{"line":372,"column":0},"end":{"line":372,"column":22}},"372":{"start":{"line":373,"column":0},"end":{"line":373,"column":20}},"373":{"start":{"line":374,"column":0},"end":{"line":374,"column":5}},"374":{"start":{"line":375,"column":0},"end":{"line":375,"column":56}},"375":{"start":{"line":376,"column":0},"end":{"line":376,"column":38}},"376":{"start":{"line":377,"column":0},"end":{"line":377,"column":66}},"377":{"start":{"line":378,"column":0},"end":{"line":378,"column":3}},"378":{"start":{"line":379,"column":0},"end":{"line":379,"column":0}},"379":{"start":{"line":380,"column":0},"end":{"line":380,"column":5}},"380":{"start":{"line":381,"column":0},"end":{"line":381,"column":9}},"381":{"start":{"line":382,"column":0},"end":{"line":382,"column":19}},"382":{"start":{"line":383,"column":0},"end":{"line":383,"column":20}},"383":{"start":{"line":384,"column":0},"end":{"line":384,"column":5}},"384":{"start":{"line":385,"column":0},"end":{"line":385,"column":51}},"385":{"start":{"line":386,"column":0},"end":{"line":386,"column":30}},"386":{"start":{"line":387,"column":0},"end":{"line":387,"column":48}},"387":{"start":{"line":388,"column":0},"end":{"line":388,"column":3}},"388":{"start":{"line":389,"column":0},"end":{"line":389,"column":0}},"389":{"start":{"line":390,"column":0},"end":{"line":390,"column":5}},"390":{"start":{"line":391,"column":0},"end":{"line":391,"column":9}},"391":{"start":{"line":392,"column":0},"end":{"line":392,"column":23}},"392":{"start":{"line":393,"column":0},"end":{"line":393,"column":20}},"393":{"start":{"line":394,"column":0},"end":{"line":394,"column":5}},"394":{"start":{"line":395,"column":0},"end":{"line":395,"column":60}},"395":{"start":{"line":396,"column":0},"end":{"line":396,"column":40}},"396":{"start":{"line":397,"column":0},"end":{"line":397,"column":3}},"397":{"start":{"line":398,"column":0},"end":{"line":398,"column":0}},"398":{"start":{"line":399,"column":0},"end":{"line":399,"column":5}},"399":{"start":{"line":400,"column":0},"end":{"line":400,"column":11}},"400":{"start":{"line":401,"column":0},"end":{"line":401,"column":24}},"401":{"start":{"line":402,"column":0},"end":{"line":402,"column":21}},"402":{"start":{"line":403,"column":0},"end":{"line":403,"column":18}},"403":{"start":{"line":404,"column":0},"end":{"line":404,"column":5}},"404":{"start":{"line":405,"column":0},"end":{"line":405,"column":62}},"405":{"start":{"line":406,"column":0},"end":{"line":406,"column":15}},"406":{"start":{"line":407,"column":0},"end":{"line":407,"column":30}},"407":{"start":{"line":408,"column":0},"end":{"line":408,"column":19}},"408":{"start":{"line":409,"column":0},"end":{"line":409,"column":5}},"409":{"start":{"line":410,"column":0},"end":{"line":410,"column":0}},"410":{"start":{"line":411,"column":0},"end":{"line":411,"column":14}},"411":{"start":{"line":412,"column":0},"end":{"line":412,"column":38}},"412":{"start":{"line":413,"column":0},"end":{"line":413,"column":19}},"413":{"start":{"line":414,"column":0},"end":{"line":414,"column":5}},"414":{"start":{"line":415,"column":0},"end":{"line":415,"column":0}},"415":{"start":{"line":416,"column":0},"end":{"line":416,"column":16}},"416":{"start":{"line":417,"column":0},"end":{"line":417,"column":3}},"417":{"start":{"line":418,"column":0},"end":{"line":418,"column":1}},"418":{"start":{"line":419,"column":0},"end":{"line":419,"column":0}},"419":{"start":{"line":420,"column":0},"end":{"line":420,"column":79}},"420":{"start":{"line":421,"column":0},"end":{"line":421,"column":5}},"421":{"start":{"line":422,"column":0},"end":{"line":422,"column":79}},"422":{"start":{"line":423,"column":0},"end":{"line":423,"column":0}},"423":{"start":{"line":424,"column":0},"end":{"line":424,"column":29}}},"s":{"0":1,"1":1,"2":1,"3":1,"4":1,"5":1,"6":1,"7":1,"8":1,"9":1,"10":1,"11":1,"12":1,"13":1,"14":1,"15":1,"16":1,"17":1,"18":1,"19":1,"20":1,"21":1,"22":1,"23":1,"24":1,"25":1,"26":1,"27":1,"28":1,"29":1,"30":1,"31":1,"32":1,"33":1,"34":1,"35":1,"36":29,"37":29,"38":29,"39":29,"40":29,"41":29,"42":29,"43":29,"44":29,"45":29,"46":29,"47":29,"48":29,"49":29,"50":29,"51":29,"52":29,"53":29,"54":29,"55":29,"56":29,"57":29,"58":29,"59":29,"60":29,"61":1,"62":1,"63":1,"64":1,"65":1,"66":1,"67":1,"68":1,"69":12,"70":12,"71":12,"72":12,"73":12,"74":11,"75":11,"76":11,"77":11,"78":11,"79":12,"80":12,"81":12,"82":1,"83":1,"84":1,"85":1,"86":12,"87":12,"88":12,"89":1,"90":1,"91":1,"92":1,"93":1,"94":1,"95":1,"96":1,"97":1,"98":20,"99":20,"100":20,"101":31,"102":0,"103":0,"104":31,"105":31,"106":31,"107":31,"108":31,"109":31,"110":31,"111":31,"112":31,"113":20,"114":20,"115":20,"116":20,"117":20,"118":20,"119":20,"120":1,"121":1,"122":1,"123":1,"124":1,"125":1,"126":1,"127":1,"128":3,"129":3,"130":3,"131":3,"132":3,"133":3,"134":3,"135":3,"136":3,"137":3,"138":3,"139":3,"140":3,"141":4,"142":4,"143":4,"144":1,"145":1,"146":4,"147":3,"148":3,"149":3,"150":3,"151":3,"152":3,"153":4,"154":3,"155":3,"156":3,"157":3,"158":1,"159":1,"160":1,"161":1,"162":1,"163":1,"164":1,"165":1,"166":1,"167":1,"168":1,"169":1,"170":1,"171":1,"172":1,"173":1,"174":1,"175":1,"176":1,"177":1,"178":2,"179":2,"180":2,"181":0,"182":0,"183":2,"184":2,"185":2,"186":1,"187":1,"188":1,"189":1,"190":2,"191":1,"192":1,"193":1,"194":0,"195":0,"196":2,"197":0,"198":0,"199":0,"200":0,"201":0,"202":0,"203":2,"204":1,"205":1,"206":1,"207":1,"208":1,"209":1,"210":1,"211":12,"212":12,"213":0,"214":0,"215":12,"216":12,"217":12,"218":12,"219":1,"220":1,"221":1,"222":1,"223":1,"224":1,"225":1,"226":1,"227":31,"228":31,"229":18,"230":18,"231":13,"232":13,"233":31,"234":2,"235":2,"236":2,"237":11,"238":11,"239":11,"240":31,"241":1,"242":1,"243":1,"244":1,"245":1,"246":1,"247":1,"248":2,"249":0,"250":0,"251":2,"252":2,"253":2,"254":0,"255":2,"256":1,"257":1,"258":1,"259":1,"260":1,"261":1,"262":1,"263":2,"264":2,"265":2,"266":2,"267":0,"268":0,"269":0,"270":0,"271":0,"272":2,"273":2,"274":2,"275":2,"276":0,"277":0,"278":0,"279":0,"280":0,"281":2,"282":2,"283":2,"284":2,"285":2,"286":2,"287":2,"288":2,"289":2,"290":2,"291":0,"292":0,"293":0,"294":0,"295":0,"296":2,"297":1,"298":1,"299":1,"300":1,"301":1,"302":1,"303":1,"304":31,"305":31,"306":1,"307":1,"308":1,"309":1,"310":1,"311":1,"312":1,"313":13,"314":13,"315":1,"316":1,"317":1,"318":1,"319":1,"320":1,"321":1,"322":31,"323":31,"324":1,"325":1,"326":1,"327":1,"328":1,"329":1,"330":1,"331":1,"332":4,"333":4,"334":1,"335":1,"336":3,"337":3,"338":4,"339":0,"340":0,"341":3,"342":3,"343":3,"344":4,"345":1,"346":1,"347":1,"348":1,"349":1,"350":1,"351":1,"352":4,"353":4,"354":1,"355":1,"356":1,"357":1,"358":1,"359":1,"360":1,"361":1,"362":1,"363":1,"364":1,"365":1,"366":1,"367":1,"368":1,"369":1,"370":1,"371":1,"372":1,"373":1,"374":1,"375":1,"376":1,"377":1,"378":1,"379":1,"380":1,"381":1,"382":1,"383":1,"384":1,"385":0,"386":0,"387":0,"388":1,"389":1,"390":1,"391":1,"392":1,"393":1,"394":1,"395":1,"396":1,"397":1,"398":1,"399":1,"400":1,"401":1,"402":1,"403":1,"404":1,"405":3,"406":3,"407":1,"408":1,"409":2,"410":2,"411":3,"412":1,"413":1,"414":1,"415":1,"416":3,"417":1,"418":1,"419":1,"420":1,"421":1,"422":1,"423":1},"branchMap":{"0":{"type":"branch","line":36,"loc":{"start":{"line":36,"column":7},"end":{"line":61,"column":5}},"locations":[{"start":{"line":36,"column":7},"end":{"line":61,"column":5}}]},"1":{"type":"branch","line":69,"loc":{"start":{"line":69,"column":2},"end":{"line":89,"column":3}},"locations":[{"start":{"line":69,"column":2},"end":{"line":89,"column":3}}]},"2":{"type":"branch","line":74,"loc":{"start":{"line":74,"column":68},"end":{"line":79,"column":5}},"locations":[{"start":{"line":74,"column":68},"end":{"line":79,"column":5}}]},"3":{"type":"branch","line":82,"loc":{"start":{"line":82,"column":61},"end":{"line":86,"column":5}},"locations":[{"start":{"line":82,"column":61},"end":{"line":86,"column":5}}]},"4":{"type":"branch","line":98,"loc":{"start":{"line":98,"column":2},"end":{"line":120,"column":3}},"locations":[{"start":{"line":98,"column":2},"end":{"line":120,"column":3}}]},"5":{"type":"branch","line":101,"loc":{"start":{"line":101,"column":54},"end":{"line":113,"column":5}},"locations":[{"start":{"line":101,"column":54},"end":{"line":113,"column":5}}]},"6":{"type":"branch","line":102,"loc":{"start":{"line":102,"column":49},"end":{"line":104,"column":7}},"locations":[{"start":{"line":102,"column":49},"end":{"line":104,"column":7}}]},"7":{"type":"branch","line":128,"loc":{"start":{"line":128,"column":2},"end":{"line":158,"column":3}},"locations":[{"start":{"line":128,"column":2},"end":{"line":158,"column":3}}]},"8":{"type":"branch","line":141,"loc":{"start":{"line":141,"column":75},"end":{"line":154,"column":7}},"locations":[{"start":{"line":141,"column":75},"end":{"line":154,"column":7}}]},"9":{"type":"branch","line":144,"loc":{"start":{"line":144,"column":46},"end":{"line":147,"column":15}},"locations":[{"start":{"line":144,"column":46},"end":{"line":147,"column":15}}]},"10":{"type":"branch","line":147,"loc":{"start":{"line":147,"column":8},"end":{"line":153,"column":9}},"locations":[{"start":{"line":147,"column":8},"end":{"line":153,"column":9}}]},"11":{"type":"branch","line":166,"loc":{"start":{"line":166,"column":2},"end":{"line":169,"column":3}},"locations":[{"start":{"line":166,"column":2},"end":{"line":169,"column":3}}]},"12":{"type":"branch","line":167,"loc":{"start":{"line":167,"column":31},"end":{"line":167,"column":60}},"locations":[{"start":{"line":167,"column":31},"end":{"line":167,"column":60}}]},"13":{"type":"branch","line":178,"loc":{"start":{"line":178,"column":2},"end":{"line":204,"column":3}},"locations":[{"start":{"line":178,"column":2},"end":{"line":204,"column":3}}]},"14":{"type":"branch","line":181,"loc":{"start":{"line":181,"column":64},"end":{"line":183,"column":5}},"locations":[{"start":{"line":181,"column":64},"end":{"line":183,"column":5}}]},"15":{"type":"branch","line":185,"loc":{"start":{"line":185,"column":24},"end":{"line":185,"column":59}},"locations":[{"start":{"line":185,"column":24},"end":{"line":185,"column":59}}]},"16":{"type":"branch","line":186,"loc":{"start":{"line":186,"column":32},"end":{"line":191,"column":41}},"locations":[{"start":{"line":186,"column":32},"end":{"line":191,"column":41}}]},"17":{"type":"branch","line":191,"loc":{"start":{"line":191,"column":41},"end":{"line":194,"column":5}},"locations":[{"start":{"line":191,"column":41},"end":{"line":194,"column":5}}]},"18":{"type":"branch","line":192,"loc":{"start":{"line":192,"column":29},"end":{"line":192,"column":40}},"locations":[{"start":{"line":192,"column":29},"end":{"line":192,"column":40}}]},"19":{"type":"branch","line":194,"loc":{"start":{"line":194,"column":4},"end":{"line":197,"column":41}},"locations":[{"start":{"line":194,"column":4},"end":{"line":197,"column":41}}]},"20":{"type":"branch","line":197,"loc":{"start":{"line":197,"column":41},"end":{"line":203,"column":17}},"locations":[{"start":{"line":197,"column":41},"end":{"line":203,"column":17}}]},"21":{"type":"branch","line":211,"loc":{"start":{"line":211,"column":10},"end":{"line":219,"column":3}},"locations":[{"start":{"line":211,"column":10},"end":{"line":219,"column":3}}]},"22":{"type":"branch","line":213,"loc":{"start":{"line":213,"column":24},"end":{"line":215,"column":5}},"locations":[{"start":{"line":213,"column":24},"end":{"line":215,"column":5}}]},"23":{"type":"branch","line":227,"loc":{"start":{"line":227,"column":10},"end":{"line":241,"column":3}},"locations":[{"start":{"line":227,"column":10},"end":{"line":241,"column":3}}]},"24":{"type":"branch","line":229,"loc":{"start":{"line":229,"column":29},"end":{"line":231,"column":5}},"locations":[{"start":{"line":229,"column":29},"end":{"line":231,"column":5}}]},"25":{"type":"branch","line":231,"loc":{"start":{"line":231,"column":4},"end":{"line":234,"column":31}},"locations":[{"start":{"line":231,"column":4},"end":{"line":234,"column":31}}]},"26":{"type":"branch","line":234,"loc":{"start":{"line":234,"column":31},"end":{"line":237,"column":5}},"locations":[{"start":{"line":234,"column":31},"end":{"line":237,"column":5}}]},"27":{"type":"branch","line":237,"loc":{"start":{"line":237,"column":4},"end":{"line":240,"column":17}},"locations":[{"start":{"line":237,"column":4},"end":{"line":240,"column":17}}]},"28":{"type":"branch","line":248,"loc":{"start":{"line":248,"column":10},"end":{"line":256,"column":3}},"locations":[{"start":{"line":248,"column":10},"end":{"line":256,"column":3}}]},"29":{"type":"branch","line":249,"loc":{"start":{"line":249,"colum
[...]
tart":{"line":302,"column":0},"end":{"line":302,"column":0}},"302":{"start":{"line":303,"column":0},"end":{"line":303,"column":5}},"303":{"start":{"line":304,"column":0},"end":{"line":304,"column":11}},"304":{"start":{"line":305,"column":0},"end":{"line":305,"column":19}},"305":{"start":{"line":306,"column":0},"end":{"line":306,"column":17}},"306":{"start":{"line":307,"column":0},"end":{"line":307,"column":5}},"307":{"start":{"line":308,"column":0},"end":{"line":308,"column":43}},"308":{"start":{"line":309,"column":0},"end":{"line":309,"column":17}},"309":{"start":{"line":310,"column":0},"end":{"line":310,"column":42}},"310":{"start":{"line":311,"column":0},"end":{"line":311,"column":54}},"311":{"start":{"line":312,"column":0},"end":{"line":312,"column":25}},"312":{"start":{"line":313,"column":0},"end":{"line":313,"column":5}},"313":{"start":{"line":314,"column":0},"end":{"line":314,"column":39}},"314":{"start":{"line":315,"column":0},"end":{"line":315,"column":3}},"315":{"start":{"line":316,"column":0},"end":{"line":316,"column":0}},"316":{"start":{"line":317,"column":0},"end":{"line":317,"column":5}},"317":{"start":{"line":318,"column":0},"end":{"line":318,"column":10}},"318":{"start":{"line":319,"column":0},"end":{"line":319,"column":19}},"319":{"start":{"line":320,"column":0},"end":{"line":320,"column":18}},"320":{"start":{"line":321,"column":0},"end":{"line":321,"column":5}},"321":{"start":{"line":322,"column":0},"end":{"line":322,"column":56}},"322":{"start":{"line":323,"column":0},"end":{"line":323,"column":37}},"323":{"start":{"line":324,"column":0},"end":{"line":324,"column":18}},"324":{"start":{"line":325,"column":0},"end":{"line":325,"column":5}},"325":{"start":{"line":326,"column":0},"end":{"line":326,"column":0}},"326":{"start":{"line":327,"column":0},"end":{"line":327,"column":38}},"327":{"start":{"line":328,"column":0},"end":{"line":328,"column":17}},"328":{"start":{"line":329,"column":0},"end":{"line":329,"column":18}},"329":{"start":{"line":330,"column":0},"end":{"line":330,"column":5}},"330":{"start":{"line":331,"column":0},"end":{"line":331,"column":0}},"331":{"start":{"line":332,"column":0},"end":{"line":332,"column":13}},"332":{"start":{"line":333,"column":0},"end":{"line":333,"column":88}},"333":{"start":{"line":334,"column":0},"end":{"line":334,"column":29}},"334":{"start":{"line":335,"column":0},"end":{"line":335,"column":18}},"335":{"start":{"line":336,"column":0},"end":{"line":336,"column":5}},"336":{"start":{"line":337,"column":0},"end":{"line":337,"column":0}},"337":{"start":{"line":338,"column":0},"end":{"line":338,"column":17}},"338":{"start":{"line":339,"column":0},"end":{"line":339,"column":3}},"339":{"start":{"line":340,"column":0},"end":{"line":340,"column":0}},"340":{"start":{"line":341,"column":0},"end":{"line":341,"column":5}},"341":{"start":{"line":342,"column":0},"end":{"line":342,"column":9}},"342":{"start":{"line":343,"column":0},"end":{"line":343,"column":19}},"343":{"start":{"line":344,"column":0},"end":{"line":344,"column":23}},"344":{"start":{"line":345,"column":0},"end":{"line":345,"column":24}},"345":{"start":{"line":346,"column":0},"end":{"line":346,"column":5}},"346":{"start":{"line":347,"column":0},"end":{"line":347,"column":71}},"347":{"start":{"line":348,"column":0},"end":{"line":348,"column":37}},"348":{"start":{"line":349,"column":0},"end":{"line":349,"column":13}},"349":{"start":{"line":350,"column":0},"end":{"line":350,"column":5}},"350":{"start":{"line":351,"column":0},"end":{"line":351,"column":0}},"351":{"start":{"line":352,"column":0},"end":{"line":352,"column":13}},"352":{"start":{"line":353,"column":0},"end":{"line":353,"column":84}},"353":{"start":{"line":354,"column":0},"end":{"line":354,"column":16}},"354":{"start":{"line":355,"column":0},"end":{"line":355,"column":54}},"355":{"start":{"line":356,"column":0},"end":{"line":356,"column":21}},"356":{"start":{"line":357,"column":0},"end":{"line":357,"column":36}},"357":{"start":{"line":358,"column":0},"end":{"line":358,"column":7}},"358":{"start":{"line":359,"column":0},"end":{"line":359,"column":5}},"359":{"start":{"line":360,"column":0},"end":{"line":360,"column":0}},"360":{"start":{"line":361,"column":0},"end":{"line":361,"column":31}},"361":{"start":{"line":362,"column":0},"end":{"line":362,"column":10}},"362":{"start":{"line":363,"column":0},"end":{"line":363,"column":22}},"363":{"start":{"line":364,"column":0},"end":{"line":364,"column":11}},"364":{"start":{"line":365,"column":0},"end":{"line":365,"column":28}},"365":{"start":{"line":366,"column":0},"end":{"line":366,"column":34}},"366":{"start":{"line":367,"column":0},"end":{"line":367,"column":6}},"367":{"start":{"line":368,"column":0},"end":{"line":368,"column":0}},"368":{"start":{"line":369,"column":0},"end":{"line":369,"column":31}},"369":{"start":{"line":370,"column":0},"end":{"line":370,"column":3}},"370":{"start":{"line":371,"column":0},"end":{"line":371,"column":1}},"371":{"start":{"line":372,"column":0},"end":{"line":372,"column":0}},"372":{"start":{"line":373,"column":0},"end":{"line":373,"column":79}},"373":{"start":{"line":374,"column":0},"end":{"line":374,"column":5}},"374":{"start":{"line":375,"column":0},"end":{"line":375,"column":79}},"375":{"start":{"line":376,"column":0},"end":{"line":376,"column":0}},"376":{"start":{"line":377,"column":0},"end":{"line":377,"column":29}}},"s":{"0":1,"1":1,"2":1,"3":1,"4":1,"5":1,"6":1,"7":1,"8":1,"9":1,"10":1,"11":1,"12":1,"13":1,"14":1,"15":1,"16":1,"17":1,"18":1,"19":1,"20":1,"21":1,"22":1,"23":1,"24":1,"25":1,"26":1,"27":1,"28":1,"29":1,"30":1,"31":1,"32":1,"33":1,"34":1,"35":1,"36":1,"37":1,"38":1,"39":1,"40":1,"41":1,"42":1,"43":1,"44":1,"45":1,"46":1,"47":1,"48":1,"49":1,"50":1,"51":1,"52":1,"53":1,"54":1,"55":1,"56":1,"57":1,"58":1,"59":1,"60":1,"61":1,"62":1,"63":1,"64":17,"65":17,"66":17,"67":17,"68":17,"69":17,"70":0,"71":0,"72":17,"73":1,"74":1,"75":1,"76":1,"77":1,"78":1,"79":1,"80":1,"81":11,"82":11,"83":11,"84":11,"85":11,"86":11,"87":11,"88":11,"89":11,"90":11,"91":11,"92":11,"93":11,"94":11,"95":11,"96":11,"97":11,"98":11,"99":2,"100":2,"101":2,"102":0,"103":0,"104":0,"105":0,"106":0,"107":0,"108":11,"109":1,"110":1,"111":1,"112":1,"113":1,"114":1,"115":1,"116":1,"117":2,"118":2,"119":2,"120":2,"121":2,"122":1,"123":1,"124":1,"125":1,"126":1,"127":1,"128":1,"129":1,"130":1,"131":1,"132":1,"133":1,"134":1,"135":1,"136":1,"137":1,"138":2,"139":0,"140":0,"141":0,"142":0,"143":0,"144":0,"145":2,"146":1,"147":1,"148":1,"149":1,"150":1,"151":1,"152":1,"153":0,"154":0,"155":0,"156":0,"157":0,"158":0,"159":0,"160":0,"161":0,"162":0,"163":0,"164":0,"165":0,"166":0,"167":0,"168":0,"169":0,"170":1,"171":1,"172":1,"173":1,"174":1,"175":1,"176":1,"177":1,"178":1,"179":1,"180":1,"181":1,"182":1,"183":1,"184":1,"185":1,"186":1,"187":1,"188":1,"189":1,"190":1,"191":1,"192":1,"193":4,"194":1,"195":1,"196":3,"197":3,"198":4,"199":1,"200":1,"201":3,"202":3,"203":4,"204":1,"205":1,"206":1,"207":1,"208":1,"209":1,"210":1,"211":1,"212":1,"213":1,"214":1,"215":1,"216":1,"217":2,"218":2,"219":2,"220":2,"221":2,"222":2,"223":1,"224":1,"225":1,"226":1,"227":1,"228":1,"229":1,"230":1,"231":9,"232":9,"233":9,"234":9,"235":0,"236":0,"237":0,"238":0,"239":0,"240":9,"241":9,"242":9,"243":10,"244":10,"245":10,"246":9,"247":9,"248":9,"249":1,"250":1,"251":1,"252":1,"253":1,"254":1,"255":1,"256":1,"257":10,"258":10,"259":10,"260":1,"261":1,"262":1,"263":0,"264":0,"265":1,"266":10,"267":10,"268":10,"269":1,"270":1,"271":1,"272":1,"273":1,"274":1,"275":11,"276":0,"277":0,"278":11,"279":11,"280":1,"281":1,"282":10,"283":11,"284":11,"285":1,"286":1,"287":11,"288":11,"289":1,"290":1,"291":1,"292":1,"293":1,"294":1,"295":1,"296":1,"297":2,"298":2,"299":2,"300":2,"301":1,"302":1,"303":1,"304":1,"305":1,"306":1,"307":1,"308":5,"309":5,"310":122,"311":122,"312":122,"313":5,"314":5,"315":1,"316":1,"317":1,"318":1,"319":1,"320":1,"321":1,"322":2,"323":0,"324":0,"325":2,"326":2,"327":2,"328":1,"329":1,"330":1,"331":1,"332":2,"333":0,"334":0,"335":0,"336":1,"337":1,"338":2,"339":1,"340":1,"341":1,"342":1,"343":1,"344":1,"345":1,"346":1,"347":1,"348":0,"349":0,"350":1,"351":1,"352":1,"353":0,"354":0,"355":0,"356":0,"357":0,"358":0,"359":1,"360":1,"361":1,"362":1,"363":1,"364":1,"365":1,"366":1,"367":1,"368":1,"369":1,"370":1,"371":1,"372":1,"373":1,"374":1,"375":1,"376":1},"branchMap":{"0":{"type":"branch","line":64,"loc":{"start":{"line":64,"column":2},"end":{"line":73,"column":3}},"locations":[{"start":{"line":64,"column":2},"end":{"line":73,"column":3}}]},"1":{"type":"branch","line":70,"loc":{"start":{"line":70,"column":8},"end":{"line":70,"column":31}},"locations":[{"start":{"line":70,"column":8},"end":{"line":70,"column":31}}]},"2":{"type":"branch","line":70,"loc":{"start":{"line":70,"column":31},"end":{"line":72,"column":5}},"locations":[{"start":{"line":70,"column":31},"end":{"line":72,"column":5}}]},"3":{"type":"branch","line":81,"loc":{"start":{"line":81,"column":2},"end":{"line":109,"column":3}},"locations":[{"start":{"line":81,"column":2},"end":{"line":109,"column":3}}]},"4":{"type":"branch","line":99,"loc":{"start":{"line":99,"column":4},"end":{"line":108,"column":5}},"locations":[{"start":{"line":99,"column":4},"end":{"line":108,"column":5}}]},"5":{"type":"branch","line":102,"loc":{"start":{"line":102,"column":6},"end":{"line":108,"column":5}},"locations":[{"start":{"line":102,"column":6},"end":{"line":108,"column":5}}]},"6":{"type":"branch","line":117,"loc":{"start":{"line":117,"column":2},"end":{"line":146,"column":3}},"locations":[{"start":{"line":117,"column":2},"end":{"line":146,"column":3}}]},"7":{"type":"branch","line":122,"loc":{"start":{"line":122,"column":18},"end":{"line":139,"column":13}},"locations":[{"start":{"line":122,"column":18},"end":{"line":139,"column":13}}]},"8":{"type":"branch","line":139,"loc":{"start":{"line":139,"column":4},"end":{"line":145,"column":5}},"locations":[{"start":{"line":139,"column":4},"end":{"line":145,"column":5}}]},"9":{"type":"branch","line":176,"loc":{"start":{"line":176,"column":2},"end":{"line":178,"column":3}},"locations":[{"start":{"line":176,"column":2},"end":{"line":178,"column":3}}]},"10":{"type":"branch","line":185,"loc":{"start":{"line":185,"column":2},"end":{"line":187,"column":3}},"locations":[{"start":{"line":185,"column":2},"end":{"line":187,"column":3}}]},"11":{"type":"branch","line":193,"loc":{"start":{"line":193,"column":2},"end":{"line":204,"column":3}},"locations":[{"start":{"line":193,"column":2},"end":{"line":204,"column":3}}]},"12":{"type":"branch","line":194,"loc":{"start":{"line":194,"column":33},"end":{"line":196,"column":5}},"locations":[{"start":{"line":194,"column":33},"end":{"line":196,"column":5}}]},"13":{"type":"branch","line":196,"loc":{"start":{"line":196,"column":4},"end":{"line":199,"column":21}},"locations":[{"start":{"line":196,"column":4},"end":{"line":199,"column":21}}]},"14":{"type":"branch","line":199,"loc":{"start":{"line":199,"column":21},"end":{"line":201,"column":5}},"locations":[{"start":{"line":199,"column":21},"end":{"line":201,"column":5}}]},"15":{"type":"branch","line":201,"loc":{"start":{"line":201,"column":4},"end":{"line":203,"column":30}},"locations":[{"start":{"line":201,"column":4},"end":{"line":203,"column":30}}]},"16":{"type":"branch","line":209,"loc":{"start":{"line":209,"column":2},"end":{"line":211,"column":3}},"locations":[{"start":{"line":209,"column":2},"end":{"line":211,"column":3}}]},"17":{"type":"branch","line":217,"loc":{"start":{"line":217,"column":2},"end":{"line":223,"column":3}},"locations":[{"start":{"line":217,"column":2},"end":{"line":223,"column":3}}]},"18":{"type":"branch","line":221,"loc":{"start":{"line":221,"column":33},"end":{"line":221,"column":49}},"locations":[{"start":{"line":221,"column":33},"end":{"line":221,"column":49}}]},"19":{"type":"branch","line":231,"loc":{"start":{"line":231,"column":10},"end":{"line":249,"column":3}},"locations":[{"start":{"line":231,"column":10},"end":{"line":249,"column":3}}]},"20":{"type":"branch","line":235,"loc":{"start":{"line":235,"column":8},"end":{"line":235,"column":24}},"locations":[{"start":{"line":235,"column":8},"end":{"line":235,"column":24}}]},"21":{"type":"branch","line":235,"loc":{"start":{"line":235,"column":24},"end":{"line":240,"column":5}},"locations":[{"start":{"line":235,"column":24},"end":{"line":240,"column":5}}]},"22":{"type":"branch","line":243,"loc":{"start":{"line":243,"column":40},"end":{"line":246,"column":5}},"locations":[{"start":{"line":243,"column":40},"end":{"line":246,"column":5}}]},"23":{"type":"branch","line":257,"loc":{"start":{"line":257,"column":10},"end":{"line":269,"column":3}},"locations":[{"start":{"line":257,"column":10},"end":{"line":269,"column":3}}]},"24":{"type":"branch","line":260,"loc":{"start":{"line":260,"column":39},"end":{"line":266,"column":5}},"locations":[{"start":{"line":260,"column":39},"end":{"line":266,"column":5}}]},"25":{"type":"branch","line":263,"loc":{"start":{"line":263,"column":6},"end":{"line":265,"column":7}},"locations":[{"start":{"line":263,"column":6},"end":{"line":265,"column":7}}]},"26":{"type":"branch","line":275,"loc":{"start":{"line":275,"column":10},"end":{"line":289,"column":3}},"locations":[{"start":{"line":275,"column":10},"end":{"line":289,"column":3}}]},"27":{"type":"branch","line":276,"loc":{"start":{"line":276,"column":36},"end":{"line":278,"column":5}},"locations":[{"start":{"line":276,"column":36},"end":{"line":278,"column":5}}]},"28":{"type":"branch","line":280,"loc":{"start":{"line":280,"column":33},"end":{"line":282,"column":5}},"locations":[{"start":{"line":280,"column":33},"end":{"line":282,"column":5}}]},"29":{"type":"branch","line":282,"loc":{"start":{"line":282,"column":4},"end":{"line":284,"column":40}},"locations":[{"start":{"line":282,"column":4},"end":{"line":284,"column":40}}]},"30":{"type":"branch","line":285,"loc":{"start":{"line":285,"column":21},"end":{"line":285,"column":44}},"locations":[{"start":{"line":285,"column":21},"end":{"line":285,"column":44}}]},"31":{"type":"branch","line":285,"loc":{"start":{"line":285,"column":44},"end":{"line":287,"column":7}},"locations":[{"start":{"line":285,"column":44},"end":{"line":287,"column":7}}]},"32":{"type":"branch","line":288,"loc":{"start":{"line":288,"column":4},"end":{"line":288,"column":5}},"locations":[{"start":{"line":288,"column":4},"end":{"line":288,"column":5}}]},"33":{"type":"branch","line":297,"loc":{"start":{"line":297,"column":10},"end":{"line":301,"column":3}},"locations":[{"start":{"line":297,"column":10},"end":{"line":301,"column":3}}]},"34":{"type":"branch","line":298,"loc":{"start":{"line":298,"column":46},"end":{"line":298,"column":57}},"locations":[{"start":{"line":298,"column":46},"end":{"line":298,"column":57}}]},"35":{"type":"branch","line":308,"loc":{"start":{"line":308,"column":10},"end":{"line":315,"column":3}},"locations":[{"start":{"line":308,"column":10},"end":{"line":315,"column":3}}]},"36":{"type":"branch","line":310,"loc":{"start":{"line":310,"column":41},"end":{"line":313,"column":5}},"locations":[{"start":{"line":310,"column":41},"end":{"line":313,"column":5}}]},"37":{"type":"branch","line":322,"loc":{"start":{"line":322,"column":10},"end":{"line":339,"column":3}},"locations":[{"start":{"line":322,"column":10},"end":{"line":339,"column":3}}]},"38":{"type":"branch","line":323,"loc":{"start":{"line":323,"column":36},"end":{"line":325,"column":5}},"locations":[{"start":{"line":323,"column":36},"end":{"line":325,"column":5}}]},"39":{"type":"branch","line":328,"loc":{"start":{"line":328,"column":16},"end":{"line":333,"column":87}},"locations":[{"start":{"line":328,"column":16},"end":{"line":333,"column":87}}]},"40":{"type":"branch","line":333,"loc":{"start":{"line":333,"column":87},"end":{"line":336,"column":5}},"locations":[{"start":{"line":333,"column":87},"end":{"line":336,"column":5}}]},"41":{"type":"branch","line":336,"loc":{"start":{"line":336,"column":4},"end":{"line":338,"column":17}},"locations":[{"start":{"line":336,"column":4},"end":{"line":338,"column":17}}]},"42":{"type":"branch","line":347,"loc":{"start":{"line":347,"column":10},"end":{"line":370,"column":3}},"locations":[{"start":{"line":347,"column":10},"end":{"line":370,"column":3}}]},"43":{"type":"branch","line":348,"loc":{"start":{"line":348,"column":36},"end":{"line":350,"column":5}},"locations":[{"start":{"line":348,"column":36},"end":{"line":350,"column":5}}]},"44":{"type":"branch","line":353,"loc":{"start":{"line":353,"column":83},"end":{"line":359,"column":5}},"locations":[{"start":{"line":353,"column":83},"end":{"line":359,"column":5}}]}},"b":{"0":[17],"1":[0],"2":[0],"3":[11],"4":[2],"5":[0],"6":[2],"7":[1],"8":[0],"9":[1],"10":[1],"11":[4],"12":[1],"13":[3],"14":[1],"15":[3],"16":[1],"17":[2],"18":[0],"19":[9],"20":[1],"21":[0],"22":[10],"23":[10],"24":[1],"25":[0],"26":[11],"27":[0],"28":[1],"29":[10],"30":[10],"31":[1],"32":[9],"33":[2],"34":[0],"35":[5],"36":[122],"37":[2],"38":[0],"39":[1],"40":[0],"41":[1],"42":[1],"43":[0],"44":[0]},"fnMap":{"0":{"name":"WXSSGenerator","decl":{"start":{"line":64,"column":2},"end":{"line":73,"column":3}},"loc":{"start":{"line":64,"column":2},"end":{"line":73,"column":3}},"line":64},"1":{"name":"generateWXSS","decl":{"start":{"line":81,"column":2},"end":{"line":109,"column":3}},"loc":{"start":{"line":81,"column":2},"end":{"line":109,"column":3}},"line":81},"2":{"name":"generateComponentWXSS","decl":{"start":{"line":117,"column":2},"end":{"line":146,"column":3}},"loc":{"start":{"line":117,"column":2},"end":{"line":146,"column":3}},"line":117},"3":{"name":"generateThemeWXSS","decl":{"start":{"line":153,"column":2},"end":{"line":170,"column":3}},"loc":{"start":{"line":153,"column":2},"end":{"line":170,"column":3}},"line":153},"4":{"name":"registerTheme","decl":{"start":{"line":176,"column":2},"end":{"line":178,"column":3}},"loc":{"start":{"line":176,"column":2},"end":{"line":178,"column":3}},"line":176},"5":{"name":"applyTheme","decl":{"start":{"line":185,"column":2},"end":{"line":187,"column":3}},"loc":{"start":{"line":185,"column":2},"end":{"line":187,"column":3}},"line":185},"6":{"name":"use","decl":{"start":{"line":193,"column":2},"end":{"line":204,"column":3}},"loc":{"start":{"line":193,"column":2},"end":{"line":204,"column":3}},"line":193},"7":{"name":"clearCache","decl":{"start":{"line":209,"column":2},"end":{"line":211,"column":3}},"loc":{"start":{"line":209,"column":2},"end":{"line":211,"column":3}},"line":209},"8":{"name":"getCacheStats","decl":{"start":{"line":217,"column":2},"end":{"line":223,"column":3}},"loc":{"start":{"line":217,"column":2},"end":{"line":223,"column":3}},"line":217},"9":{"name":"compileComponents","decl":{"start":{"line":231,"column":10},"end":{"line":249,"column":3}},"loc":{"start":{"line":231,"column":10},"end":{"line":249,"column":3}},"line":231},"10":{"name":"applyPlugins","decl":{"start":{"line":257,"column":10},"end":{"line":269,"column":3}},"loc":{"start":{"line":257,"column":10},"end":{"line":269,"column":3}},"line":257},"11":{"name":"validateInput","decl":{"start":{"line":275,"column":10},"end":{"line":289,"column":3}},"loc":{"start":{"line":275,"column":10},"end":{"line":289,"column":3}},"line":275},"12":{"name":"generateCacheKey","decl":{"start":{"line":297,"column":10},"end":{"line":301,"column":3}},"loc":{"start":{"line":297,"column":10},"end":{"line":301,"column":3}},"line":297},"13":{"name":"simpleHash","decl":{"start":{"line":308,"column":10},"end":{"line":315,"column":3}},"loc":{"start":{"line":308,"column":10},"end":{"line":315,"column":3}},"line":308},"14":{"name":"getFromCache","decl":{"start":{"line":322,"column":10},"end":{"line":339,"column":3}},"loc":{"start":{"line":322,"column":10},"end":{"line":339,"column":3}},"line":322},"15":{"name":"setCache","decl":{"start":{"line":347,"column":10},"end":{"line":370,"column":3}},"loc":{"start":{"line":347,"column":10},"end":{"line":370,"column":3}},"line":347}},"f":{"0":17,"1":11,"2":2,"3":0,"4":1,"5":1,"6":4,"7":1,"8":2,"9":9,"10":10,"11":11,"12":2,"13":5,"14":2,"15":1}}
}
