{"C:\\Users\\wzy16\\Desktop\\new project\\13_Runtime_APIWrapper\\implementation\\api-wrapper.ts": {"path":"C:\\Users\\wzy16\\Desktop\\new project\\13_Runtime_APIWrapper\\implementation\\api-wrapper.ts","all":false,"statementMap":{"0":{"start":{"line":1,"column":0},"end":{"line":1,"column":3}},"1":{"start":{"line":2,"column":0},"end":{"line":2,"column":26}},"2":{"start":{"line":3,"column":0},"end":{"line":3,"column":2}},"3":{"start":{"line":4,"column":0},"end":{"line":4,"column":39}},"4":{"start":{"line":5,"column":0},"end":{"line":5,"column":3}},"5":{"start":{"line":6,"column":0},"end":{"line":6,"column":0}},"6":{"start":{"line":7,"column":0},"end":{"line":7,"column":8}},"7":{"start":{"line":8,"column":0},"end":{"line":8,"column":17}},"8":{"start":{"line":9,"column":0},"end":{"line":9,"column":16}},"9":{"start":{"line":10,"column":0},"end":{"line":10,"column":11}},"10":{"start":{"line":11,"column":0},"end":{"line":11,"column":19}},"11":{"start":{"line":12,"column":0},"end":{"line":12,"column":15}},"12":{"start":{"line":13,"column":0},"end":{"line":13,"column":24}},"13":{"start":{"line":14,"column":0},"end":{"line":14,"column":14}},"14":{"start":{"line":15,"column":0},"end":{"line":15,"column":21}},"15":{"start":{"line":16,"column":0},"end":{"line":16,"column":17}},"16":{"start":{"line":17,"column":0},"end":{"line":17,"column":61}},"17":{"start":{"line":18,"column":0},"end":{"line":18,"column":8}},"18":{"start":{"line":19,"column":0},"end":{"line":19,"column":19}},"19":{"start":{"line":20,"column":0},"end":{"line":20,"column":28}},"20":{"start":{"line":21,"column":0},"end":{"line":21,"column":23}},"21":{"start":{"line":22,"column":0},"end":{"line":22,"column":73}},"22":{"start":{"line":23,"column":0},"end":{"line":23,"column":0}},"23":{"start":{"line":24,"column":0},"end":{"line":24,"column":3}},"24":{"start":{"line":25,"column":0},"end":{"line":25,"column":13}},"25":{"start":{"line":26,"column":0},"end":{"line":26,"column":3}},"26":{"start":{"line":27,"column":0},"end":{"line":27,"column":50}},"27":{"start":{"line":28,"column":0},"end":{"line":28,"column":41}},"28":{"start":{"line":29,"column":0},"end":{"line":29,"column":0}},"29":{"start":{"line":30,"column":0},"end":{"line":30,"column":34}},"30":{"start":{"line":31,"column":0},"end":{"line":31,"column":39}},"31":{"start":{"line":32,"column":0},"end":{"line":32,"column":3}},"32":{"start":{"line":33,"column":0},"end":{"line":33,"column":0}},"33":{"start":{"line":34,"column":0},"end":{"line":34,"column":57}},"34":{"start":{"line":35,"column":0},"end":{"line":35,"column":19}},"35":{"start":{"line":36,"column":0},"end":{"line":36,"column":11}},"36":{"start":{"line":37,"column":0},"end":{"line":37,"column":33}},"37":{"start":{"line":38,"column":0},"end":{"line":38,"column":28}},"38":{"start":{"line":39,"column":0},"end":{"line":39,"column":10}},"39":{"start":{"line":40,"column":0},"end":{"line":40,"column":6}},"40":{"start":{"line":41,"column":0},"end":{"line":41,"column":31}},"41":{"start":{"line":42,"column":0},"end":{"line":42,"column":3}},"42":{"start":{"line":43,"column":0},"end":{"line":43,"column":0}},"43":{"start":{"line":44,"column":0},"end":{"line":44,"column":29}},"44":{"start":{"line":45,"column":0},"end":{"line":45,"column":27}},"45":{"start":{"line":46,"column":0},"end":{"line":46,"column":3}},"46":{"start":{"line":47,"column":0},"end":{"line":47,"column":0}},"47":{"start":{"line":48,"column":0},"end":{"line":48,"column":17}},"48":{"start":{"line":49,"column":0},"end":{"line":49,"column":23}},"49":{"start":{"line":50,"column":0},"end":{"line":50,"column":3}},"50":{"start":{"line":51,"column":0},"end":{"line":51,"column":0}},"51":{"start":{"line":52,"column":0},"end":{"line":52,"column":29}},"52":{"start":{"line":53,"column":0},"end":{"line":53,"column":38}},"53":{"start":{"line":54,"column":0},"end":{"line":54,"column":29}},"54":{"start":{"line":55,"column":0},"end":{"line":55,"column":0}},"55":{"start":{"line":56,"column":0},"end":{"line":56,"column":13}},"56":{"start":{"line":57,"column":0},"end":{"line":57,"column":39}},"57":{"start":{"line":58,"column":0},"end":{"line":58,"column":29}},"58":{"start":{"line":59,"column":0},"end":{"line":59,"column":19}},"59":{"start":{"line":60,"column":0},"end":{"line":60,"column":5}},"60":{"start":{"line":61,"column":0},"end":{"line":61,"column":0}},"61":{"start":{"line":62,"column":0},"end":{"line":62,"column":16}},"62":{"start":{"line":63,"column":0},"end":{"line":63,"column":3}},"63":{"start":{"line":64,"column":0},"end":{"line":64,"column":0}},"64":{"start":{"line":65,"column":0},"end":{"line":65,"column":18}},"65":{"start":{"line":66,"column":0},"end":{"line":66,"column":27}},"66":{"start":{"line":67,"column":0},"end":{"line":67,"column":3}},"67":{"start":{"line":68,"column":0},"end":{"line":68,"column":1}},"68":{"start":{"line":69,"column":0},"end":{"line":69,"column":0}},"69":{"start":{"line":70,"column":0},"end":{"line":70,"column":3}},"70":{"start":{"line":71,"column":0},"end":{"line":71,"column":13}},"71":{"start":{"line":72,"column":0},"end":{"line":72,"column":3}},"72":{"start":{"line":73,"column":0},"end":{"line":73,"column":68}},"73":{"start":{"line":74,"column":0},"end":{"line":74,"column":16}},"74":{"start":{"line":75,"column":0},"end":{"line":75,"column":21}},"75":{"start":{"line":76,"column":0},"end":{"line":76,"column":40}},"76":{"start":{"line":77,"column":0},"end":{"line":77,"column":0}},"77":{"start":{"line":78,"column":0},"end":{"line":78,"column":35}},"78":{"start":{"line":79,"column":0},"end":{"line":79,"column":23}},"79":{"start":{"line":80,"column":0},"end":{"line":80,"column":3}},"80":{"start":{"line":81,"column":0},"end":{"line":81,"column":0}},"81":{"start":{"line":82,"column":0},"end":{"line":82,"column":27}},"82":{"start":{"line":83,"column":0},"end":{"line":83,"column":29}},"83":{"start":{"line":84,"column":0},"end":{"line":84,"column":3}},"84":{"start":{"line":85,"column":0},"end":{"line":85,"column":0}},"85":{"start":{"line":86,"column":0},"end":{"line":86,"column":50}},"86":{"start":{"line":87,"column":0},"end":{"line":87,"column":25}},"87":{"start":{"line":88,"column":0},"end":{"line":88,"column":9}},"88":{"start":{"line":89,"column":0},"end":{"line":89,"column":24}},"89":{"start":{"line":90,"column":0},"end":{"line":90,"column":15}},"90":{"start":{"line":91,"column":0},"end":{"line":91,"column":21}},"91":{"start":{"line":92,"column":0},"end":{"line":92,"column":5}},"92":{"start":{"line":93,"column":0},"end":{"line":93,"column":3}},"93":{"start":{"line":94,"column":0},"end":{"line":94,"column":0}},"94":{"start":{"line":95,"column":0},"end":{"line":95,"column":17}},"95":{"start":{"line":96,"column":0},"end":{"line":96,"column":20}},"96":{"start":{"line":97,"column":0},"end":{"line":97,"column":20}},"97":{"start":{"line":98,"column":0},"end":{"line":98,"column":3}},"98":{"start":{"line":99,"column":0},"end":{"line":99,"column":0}},"99":{"start":{"line":100,"column":0},"end":{"line":100,"column":42}},"100":{"start":{"line":101,"column":0},"end":{"line":101,"column":39}},"101":{"start":{"line":102,"column":0},"end":{"line":102,"column":69}},"102":{"start":{"line":103,"column":0},"end":{"line":103,"column":5}},"103":{"start":{"line":104,"column":0},"end":{"line":104,"column":18}},"104":{"start":{"line":105,"column":0},"end":{"line":105,"column":3}},"105":{"start":{"line":106,"column":0},"end":{"line":106,"column":0}},"106":{"start":{"line":107,"column":0},"end":{"line":107,"column":27}},"107":{"start":{"line":108,"column":0},"end":{"line":108,"column":18}},"108":{"start":{"line":109,"column":0},"end":{"line":109,"column":36}},"109":{"start":{"line":110,"column":0},"end":{"line":110,"column":21}},"110":{"start":{"line":111,"column":0},"end":{"line":111,"column":3}},"111":{"start":{"line":112,"column":0},"end":{"line":112,"column":1}},"112":{"start":{"line":113,"column":0},"end":{"line":113,"column":0}},"113":{"start":{"line":114,"column":0},"end":{"line":114,"column":3}},"114":{"start":{"line":115,"column":0},"end":{"line":115,"column":11}},"115":{"start":{"line":116,"column":0},"end":{"line":116,"column":28}},"116":{"start":{"line":117,"column":0},"end":{"line":117,"column":3}},"117":{"start":{"line":118,"column":0},"end":{"line":118,"column":25}},"118":{"start":{"line":119,"column":0},"end":{"line":119,"column":37}},"119":{"start":{"line":120,"column":0},"end":{"line":120,"column":43}},"120":{"start":{"line":121,"column":0},"end":{"line":121,"column":41}},"121":{"start":{"line":122,"column":0},"end":{"line":122,"column":39}},"122":{"start":{"line":123,"column":0},"end":{"line":123,"column":57}},"123":{"start":{"line":124,"column":0},"end":{"line":124,"column":38}},"124":{"start":{"line":125,"column":0},"end":{"line":125,"column":52}},"125":{"start":{"line":126,"column":0},"end":{"line":126,"column":0}},"126":{"start":{"line":127,"column":0},"end":{"line":127,"column":46}},"127":{"start":{"line":128,"column":0},"end":{"line":128,"column":19}},"128":{"start":{"line":129,"column":0},"end":{"line":129,"column":21}},"129":{"start":{"line":130,"column":0},"end":{"line":130,"column":27}},"130":{"start":{"line":131,"column":0},"end":{"line":131,"column":24}},"131":{"start":{"line":132,"column":0},"end":{"line":132,"column":44}},"132":{"start":{"line":133,"column":0},"end":{"line":133,"column":27}},"133":{"start":{"line":134,"column":0},"end":{"line":134,"column":31}},"134":{"start":{"line":135,"column":0},"end":{"line":135,"column":16}},"135":{"start":{"line":136,"column":0},"end":{"line":136,"column":6}},"136":{"start":{"line":137,"column":0},"end":{"line":137,"column":0}},"137":{"start":{"line":138,"column":0},"end":{"line":138,"column":14}},"138":{"start":{"line":139,"column":0},"end":{"line":139,"column":47}},"139":{"start":{"line":140,"column":0},"end":{"line":140,"column":0}},"140":{"start":{"line":141,"column":0},"end":{"line":141,"column":14}},"141":{"start":{"line":142,"column":0},"end":{"line":142,"column":59}},"142":{"start":{"line":143,"column":0},"end":{"line":143,"column":35}},"143":{"start":{"line":144,"column":0},"end":{"line":144,"column":35}},"144":{"start":{"line":145,"column":0},"end":{"line":145,"column":47}},"145":{"start":{"line":146,"column":0},"end":{"line":146,"column":7}},"146":{"start":{"line":147,"column":0},"end":{"line":147,"column":0}},"147":{"start":{"line":148,"column":0},"end":{"line":148,"column":58}},"148":{"start":{"line":149,"column":0},"end":{"line":149,"column":49}},"149":{"start":{"line":150,"column":0},"end":{"line":150,"column":7}},"150":{"start":{"line":151,"column":0},"end":{"line":151,"column":0}},"151":{"start":{"line":152,"column":0},"end":{"line":152,"column":59}},"152":{"start":{"line":153,"column":0},"end":{"line":153,"column":50}},"153":{"start":{"line":154,"column":0},"end":{"line":154,"column":7}},"154":{"start":{"line":155,"column":0},"end":{"line":155,"column":0}},"155":{"start":{"line":156,"column":0},"end":{"line":156,"column":56}},"156":{"start":{"line":157,"column":0},"end":{"line":157,"column":47}},"157":{"start":{"line":158,"column":0},"end":{"line":158,"column":7}},"158":{"start":{"line":159,"column":0},"end":{"line":159,"column":0}},"159":{"start":{"line":160,"column":0},"end":{"line":160,"column":15}},"160":{"start":{"line":161,"column":0},"end":{"line":161,"column":43}},"161":{"start":{"line":162,"column":0},"end":{"line":162,"column":55}},"162":{"start":{"line":163,"column":0},"end":{"line":163,"column":6}},"163":{"start":{"line":164,"column":0},"end":{"line":164,"column":0}},"164":{"start":{"line":165,"column":0},"end":{"line":165,"column":15}},"165":{"start":{"line":166,"column":0},"end":{"line":166,"column":49}},"166":{"start":{"line":167,"column":0},"end":{"line":167,"column":0}},"167":{"start":{"line":168,"column":0},"end":{"line":168,"column":15}},"168":{"start":{"line":169,"column":0},"end":{"line":169,"column":65}},"169":{"start":{"line":170,"column":0},"end":{"line":170,"column":40}},"170":{"start":{"line":171,"column":0},"end":{"line":171,"column":6}},"171":{"start":{"line":172,"column":0},"end":{"line":172,"column":3}},"172":{"start":{"line":173,"column":0},"end":{"line":173,"column":0}},"173":{"start":{"line":174,"column":0},"end":{"line":174,"column":5}},"174":{"start":{"line":175,"column":0},"end":{"line":175,"column":18}},"175":{"start":{"line":176,"column":0},"end":{"line":176,"column":5}},"176":{"start":{"line":177,"column":0},"end":{"line":177,"column":69}},"177":{"start":{"line":178,"column":0},"end":{"line":178,"column":45}},"178":{"start":{"line":179,"column":0},"end":{"line":179,"column":19}},"179":{"start":{"line":180,"column":0},"end":{"line":180,"column":38}},"180":{"start":{"line":181,"column":0},"end":{"line":181,"column":15}},"181":{"start":{"line":182,"column":0},"end":{"line":182,"column":27}},"182":{"start":{"line":183,"column":0},"end":{"line":183,"column":34}},"183":{"start":{"line":184,"column":0},"end":{"line":184,"column":27}},"184":{"start":{"line":185,"column":0},"end":{"line":185,"column":35}},"185":{"start":{"line":186,"column":0},"end":{"line":186,"column":22}},"186":{"start":{"line":187,"column":0},"end":{"line":187,"column":17}},"187":{"start":{"line":188,"column":0},"end":{"line":188,"column":11}},"188":{"start":{"line":189,"column":0},"end":{"line":189,"column":10}},"189":{"start":{"line":190,"column":0},"end":{"line":190,"column":15}},"190":{"start":{"line":191,"column":0},"end":{"line":191,"column":7}},"191":{"start":{"line":192,"column":0},"end":{"line":192,"column":0}},"192":{"start":{"line":193,"column":0},"end":{"line":193,"column":18}},"193":{"start":{"line":194,"column":0},"end":{"line":194,"column":55}},"194":{"start":{"line":195,"column":0},"end":{"line":195,"column":15}},"195":{"start":{"line":196,"column":0},"end":{"line":196,"column":27}},"196":{"start":{"line":197,"column":0},"end":{"line":197,"column":34}},"197":{"start":{"line":198,"column":0},"end":{"line":198,"column":28}},"198":{"start":{"line":199,"column":0},"end":{"line":199,"column":35}},"199":{"start":{"line":200,"column":0},"end":{"line":200,"column":22}},"200":{"start":{"line":201,"column":0},"end":{"line":201,"column":17}},"201":{"start":{"line":202,"column":0},"end":{"line":202,"column":11}},"202":{"start":{"line":203,"column":0},"end":{"line":203,"column":10}},"203":{"start":{"line":204,"column":0},"end":{"line":204,"column":15}},"204":{"start":{"line":205,"column":0},"end":{"line":205,"column":7}},"205":{"start":{"line":206,"column":0},"end":{"line":206,"column":0}},"206":{"start":{"line":207,"column":0},"end":{"line":207,"column":16}},"207":{"start":{"line":208,"column":0},"end":{"line":208,"column":28}},"208":{"start":{"line":209,"column":0},"end":{"line":209,"column":19}},"209":{"start":{"line":210,"column":0},"end":{"line":210,"column":32}},"210":{"start":{"line":211,"column":0},"end":{"line":211,"column":28}},"211":{"start":{"line":212,"column":0},"end":{"line":212,"column":10}},"212":{"start":{"line":213,"column":0},"end":{"line":213,"column":29}},"213":{"start":{"line":214,"column":0},"end":{"line":214,"column":65}},"214":{"start":{"line":215,"column":0},"end":{"line":215,"column":24}},"215":{"start":{"line":216,"column":0},"end":{"line":216,"column":10}},"216":{"start":{"line":217,"column":0},"end":{"line":217,"column":9}},"217":{"start":{"line":218,"column":0},"end":{"line":218,"column":7}},"218":{"start":{"line":219,"column":0},"end":{"line":219,"column":3}},"219":{"start":{"line":220,"column":0},"end":{"line":220,"column":0}},"220":{"start":{"line":221,"column":0},"end":{"line":221,"column":5}},"221":{"start":{"line":222,"column":0},"end":{"line":222,"column":13}},"222":{"start":{"line":223,"column":0},"end":{"line":223,"column":5}},"223":{"start":{"line":224,"column":0},"end":{"line":224,"column":68}},"224":{"start":{"line":225,"column":0},"end":{"line":225,"column":47}},"225":{"start":{"line":226,"column":0},"end":{"line":226,"column":0}},"226":{"start":{"line":227,"column":0},"end":{"line":227,"column":9}},"227":{"start":{"line":228,"column":0},"end":{"line":228,"column":15}},"228":{"start":{"line":229,"column":0},"end":{"line":229,"column":36}},"229":{"start":{"line":230,"column":0},"end":{"line":230,"column":73}},"230":{"start":{"line":231,"column":0},"end":{"line":231,"column":7}},"231":{"start":{"line":232,"column":0},"end":{"line":232,"column":0}},"232":{"start":{"line":233,"column":0},"end":{"line":233,"column":16}},"233":{"start":{"line":234,"column":0},"end":{"line":234,"column":74}},"234":{"start":{"line":235,"column":0},"end":{"line":235,"column":15}},"235":{"start":{"line":236,"column":0},"end":{"line":236,"column":8}},"236":{"start":{"line":237,"column":0},"end":{"line":237,"column":0}},"237":{"start":{"line":238,"column":0},"end":{"line":238,"column":13}},"238":{"start":{"line":239,"column":0},"end":{"line":239,"column":80}},"239":{"start":{"line":240,"column":0},"end":{"line":240,"column":62}},"240":{"start":{"line":241,"column":0},"end":{"line":241,"column":55}},"241":{"start":{"line":242,"column":0},"end":{"line":242,"column":0}},"242":{"start":{"line":243,"column":0},"end":{"line":243,"column":53}},"243":{"start":{"line":244,"column":0},"end":{"line":244,"column":17}},"244":{"start":{"line":245,"column":0},"end":{"line":245,"column":40}},"245":{"start":{"line":246,"column":0},"end":{"line":246,"column":56}},"246":{"start":{"line":247,"column":0},"end":{"line":247,"column":57}},"247":{"start":{"line":248,"column":0},"end":{"line":248,"column":11}},"248":{"start":{"line":249,"column":0},"end":{"line":249,"column":0}},"249":{"start":{"line":250,"column":0},"end":{"line":250,"column":34}},"250":{"start":{"line":251,"column":0},"end":{"line":251,"column":9}},"251":{"start":{"line":252,"column":0},"end":{"line":252,"column":7}},"252":{"start":{"line":253,"column":0},"end":{"line":253,"column":0}},"253":{"start":{"line":254,"column":0},"end":{"line":254,"column":23}},"254":{"start":{"line":255,"column":0},"end":{"line":255,"column":67}},"255":{"start":{"line":256,"column":0},"end":{"line":256,"column":65}},"256":{"start":{"line":257,"column":0},"end":{"line":257,"column":28}},"257":{"start":{"line":258,"column":0},"end":{"line":258,"column":66}},"258":{"start":{"line":259,"column":0},"end":{"line":259,"column":22}},"259":{"start":{"line":260,"column":0},"end":{"line":260,"column":13}},"260":{"start":{"line":261,"column":0},"end":{"line":261,"column":42}},"261":{"start":{"line":262,"column":0},"end":{"line":262,"column":57}},"262":{"start":{"line":263,"column":0},"end":{"line":263,"column":44}},"263":{"start":{"line":264,"column":0},"end":{"line":264,"column":48}},"264":{"start":{"line":265,"column":0},"end":{"line":265,"column":50}},"265":{"start":{"line":266,"column":0},"end":{"line":266,"column":62}},"266":{"start":{"line":267,"column":0},"end":{"line":267,"column":70}},"267":{"start":{"line":268,"column":0},"end":{"line":268,"column":13}},"268":{"start":{"line":269,"column":0},"end":{"line":269,"column":12}},"269":{"start":{"line":270,"column":0},"end":{"line":270,"column":0}},"270":{"start":{"line":271,"column":0},"end":{"line":271,"column":22}},"271":{"start":{"line":272,"column":0},"end":{"line":272,"column":43}},"272":{"start":{"line":273,"column":0},"end":{"line":273,"column":47}},"273":{"start":{"line":274,"column":0},"end":{"line":274,"column":34}},"274":{"start":{"line":275,"column":0},"end":{"line":275,"column":27}},"275":{"start":{"line":276,"column":0},"end":{"line":276,"column":14}},"276":{"start":{"line":277,"column":0},"end":{"line":277,"column":11}},"277":{"start":{"line":278,"column":0},"end":{"line":278,"column":0}},"278":{"start":{"line":279,"column":0},"end":{"line":279,"column":20}},"279":{"start":{"line":280,"column":0},"end":{"line":280,"column":82}},"280":{"start":{"line":281,"column":0},"end":{"line":281,"column":20}},"281":{"start":{"line":282,"column":0},"end":{"line":282,"column":12}},"282":{"start":{"line":283,"column":0},"end":{"line":283,"column":0}},"283":{"start":{"line":284,"column":0},"end":{"line":284,"column":37}},"284":{"start":{"line":285,"column":0},"end":{"line":285,"column":11}},"285":{"start":{"line":286,"column":0},"end":{"line":286,"column":9}},"286":{"start":{"line":287,"column":0},"end":{"line":287,"column":0}},"287":{"start":{"line":288,"column":0},"end":{"line":288,"column":13}},"288":{"start":{"line":289,"column":0},"end":{"line":289,"column":80}},"289":{"start":{"line":290,"column":0},"end":{"line":290,"column":62}},"290":{"start":{"line":291,"column":0},"end":{"line":291,"column":89}},"291":{"start":{"line":292,"column":0},"end":{"line":292,"column":0}},"292":{"start":{"line":293,"column":0},"end":{"line":293,"column":27}},"293":{"start":{"line":294,"column":0},"end":{"line":294,"column":60}},"294":{"start":{"line":295,"column":0},"end":{"line":295,"column":9}},"295":{"start":{"line":296,"column":0},"end":{"line":296,"column":7}},"296":{"start":{"line":297,"column":0},"end":{"line":297,"column":0}},"297":{"start":{"line":298,"column":0},"end":{"line":298,"column":15}},"298":{"start":{"line":299,"column":0},"end":{"line":299,"column":36}},"299":{"start":{"line":300,"column":0},"end":{"line":300,"column":53}},"300":{"start":{"line":301,"column":0},"end":{"line":301,"column":7}},"301":{"start":{"line":302,"column":0},"end":{"line":302,"column":0}},"302":{"start":{"line":303,"column":0},"end":{"line":303,"column":25}},"303":{"start":{"line":304,"column":0},"end":{"line":304,"column":26}},"304":{"start":{"line":305,"column":0},"end":{"line":305,"column":16}},"305":{"start":{"line":306,"column":0},"end":{"line":306,"column":22}},"306":{"start":{"line":307,"column":0},"end":{"line":307,"column":37}},"307":{"start":{"line":308,"column":0},"end":{"line":308,"column":17}},"308":{"start":{"line":309,"column":0},"end":{"line":309,"column":44}},"309":{"start":{"line":310,"column":0},"end":{"line":310,"column":0}},"310":{"start":{"line":311,"column":0},"end":{"line":311,"column":72}},"311":{"start":{"line":312,"column":0},"end":{"line":312,"column":16}},"312":{"start":{"line":313,"column":0},"end":{"line":313,"column":8}},"313":{"start":{"line":314,"column":0},"end":{"line":314,"column":0}},"314":{"start":{"line":315,"column":0},"end":{"line":315,"column":15}},"315":{"start":{"line":316,"column":0},"end":{"line":316,"column":36}},"316":{"start":{"line":317,"column":0},"end":{"line":317,"column":80}},"317":{"start":{"line":318,"column":0},"end":{"line":318,"column":7}},"318":{"start":{"line":319,"column":0},"end":{"line":319,"column":0}},"319":{"start":{"line":320,"column":0},"end":{"line":320,"column":29}},"320":{"start":{"line":321,"column":0},"end":{"line":321,"column":5}},"321":{"start":{"line":322,"column":0},"end":{"line":322,"column":3}},"322":{"start":{"line":323,"column":0},"end":{"line":323,"column":0}},"323":{"start":{"line":324,"column":0},"end":{"line":324,"column":5}},"324":{"start":{"line":325,"column":0},"end":{"line":325,"column":9}},"325":{"start":{"line":326,"column":0},"end":{"line":326,"column":5}},"326":{"start":{"line":327,"column":0},"end":{"line":327,"column":29}},"327":{"start":{"line":328,"column":0},"end":{"line":328,"column":16}},"328":{"start":{"line":329,"column":0},"end":{"line":329,"column":21}},"329":{"start":{"line":330,"column":0},"end":{"line":330,"column":17}},"330":{"start":{"line":331,"column":0},"end":{"line":331,"column":36}},"331":{"start":{"line":332,"column":0},"end":{"line":332,"column":35}},"332":{"start":{"line":333,"column":0},"end":{"line":333,"column":21}},"333":{"start":{"line":334,"column":0},"end":{"line":334,"column":53}},"334":{"start":{"line":335,"column":0},"end":{"line":335,"column":49}},"335":{"start":{"line":336,"column":0},"end":{"line":336,"column":3}},"336":{"start":{"line":337,"column":0},"end":{"line":337,"column":0}},"337":{"start":{"line":338,"column":0},"end":{"line":338,"column":5}},"338":{"start":{"line":339,"column":0},"end":{"line":339,"column":9}},"339":{"start":{"line":340,"column":0},"end":{"line":340,"column":5}},"340":{"start":{"line":341,"column":0},"end":{"line":341,"column":31}},"341":{"start":{"line":342,"column":0},"end":{"line":342,"column":16}},"342":{"start":{"line":343,"column":0},"end":{"line":343,"column":36}},"343":{"start":{"line":344,"column":0},"end":{"line":344,"column":21}},"344":{"start":{"line":345,"column":0},"end":{"line":345,"column":22}},"345":{"start":{"line":346,"column":0},"end":{"line":346,"column":61}},"346":{"start":{"line":347,"column":0},"end":{"line":347,"column":51}},"347":{"start":{"line":348,"column":0},"end":{"line":348,"column":3}},"348":{"start":{"line":349,"column":0},"end":{"line":349,"column":0}},"349":{"start":{"line":350,"column":0},"end":{"line":350,"column":5}},"350":{"start":{"line":351,"column":0},"end":{"line":351,"column":10}},"351":{"start":{"line":352,"column":0},"end":{"line":352,"column":5}},"352":{"start":{"line":353,"column":0},"end":{"line":353,"column":58}},"353":{"start":{"line":354,"column":0},"end":{"line":354,"column":50}},"354":{"start":{"line":355,"column":0},"end":{"line":355,"column":53}},"355":{"start":{"line":356,"column":0},"end":{"line":356,"column":41}},"356":{"start":{"line":357,"column":0},"end":{"line":357,"column":3}},"357":{"start":{"line":358,"column":0},"end":{"line":358,"column":0}},"358":{"start":{"line":359,"column":0},"end":{"line":359,"column":5}},"359":{"start":{"line":360,"column":0},"end":{"line":360,"column":11}},"360":{"start":{"line":361,"column":0},"end":{"line":361,"column":5}},"361":{"start":{"line":362,"column":0},"end":{"line":362,"column":41}},"362":{"start":{"line":363,"column":0},"end":{"line":363,"column":70}},"363":{"start":{"line":364,"column":0},"end":{"line":364,"column":3}},"364":{"start":{"line":365,"column":0},"end":{"line":365,"column":0}},"365":{"start":{"line":366,"column":0},"end":{"line":366,"column":5}},"366":{"start":{"line":367,"column":0},"end":{"line":367,"column":9}},"367":{"start":{"line":368,"column":0},"end":{"line":368,"column":5}},"368":{"start":{"line":369,"column":0},"end":{"line":369,"column":46}},"369":{"start":{"line":370,"column":0},"end":{"line":370,"column":61}},"370":{"start":{"line":371,"column":0},"end":{"line":371,"column":3}},"371":{"start":{"line":372,"column":0},"end":{"line":372,"column":0}},"372":{"start":{"line":373,"column":0},"end":{"line":373,"column":5}},"373":{"start":{"line":374,"column":0},"end":{"line":374,"column":9}},"374":{"start":{"line":375,"column":0},"end":{"line":375,"column":5}},"375":{"start":{"line":376,"column":0},"end":{"line":376,"column":22}},"376":{"start":{"line":377,"column":0},"end":{"line":377,"column":30}},"377":{"start":{"line":378,"column":0},"end":{"line":378,"column":3}},"378":{"start":{"line":379,"column":0},"end":{"line":379,"column":0}},"379":{"start":{"line":380,"column":0},"end":{"line":380,"column":5}},"380":{"start":{"line":381,"column":0},"end":{"line":381,"column":11}},"381":{"start":{"line":382,"column":0},"end":{"line":382,"column":5}},"382":{"start":{"line":383,"column":0},"end":{"line":383,"column":26}},"383":{"start":{"line":384,"column":0},"end":{"line":384,"column":36}},"384":{"start":{"line":385,"column":0},"end":{"line":385,"column":3}},"385":{"start":{"line":386,"column":0},"end":{"line":386,"column":0}},"386":{"start":{"line":387,"column":0},"end":{"line":387,"column":5}},"387":{"start":{"line":388,"column":0},"end":{"line":388,"column":9}},"388":{"start":{"line":389,"column":0},"end":{"line":389,"column":5}},"389":{"start":{"line":390,"column":0},"end":{"line":390,"column":43}},"390":{"start":{"line":391,"column":0},"end":{"line":391,"column":30}},"391":{"start":{"line":392,"column":0},"end":{"line":392,"column":3}},"392":{"start":{"line":393,"column":0},"end":{"line":393,"column":0}},"393":{"start":{"line":394,"column":0},"end":{"line":394,"column":5}},"394":{"start":{"line":395,"column":0},"end":{"line":395,"column":9}},"395":{"start":{"line":396,"column":0},"end":{"line":396,"column":5}},"396":{"start":{"line":397,"column":0},"end":{"line":397,"column":57}},"397":{"start":{"line":398,"column":0},"end":{"line":398,"column":48}},"398":{"start":{"line":399,"column":0},"end":{"line":399,"column":3}},"399":{"start":{"line":400,"column":0},"end":{"line":400,"column":1}},"400":{"start":{"line":401,"column":0},"end":{"line":401,"column":0}},"401":{"start":{"line":402,"column":0},"end":{"line":402,"column":3}},"402":{"start":{"line":403,"column":0},"end":{"line":403,"column":13}},"403":{"start":{"line":404,"column":0},"end":{"line":404,"column":3}},"404":{"start":{"line":405,"column":0},"end":{"line":405,"column":73}},"405":{"start":{"line":406,"column":0},"end":{"line":406,"column":32}},"406":{"start":{"line":407,"column":0},"end":{"line":407,"column":1}},"407":{"start":{"line":408,"column":0},"end":{"line":408,"column":0}},"408":{"start":{"line":409,"column":0},"end":{"line":409,"column":3}},"409":{"start":{"line":410,"column":0},"end":{"line":410,"column":13}},"410":{"start":{"line":411,"column":0},"end":{"line":411,"column":3}},"411":{"start":{"line":412,"column":0},"end":{"line":412,"column":52}}},"s":{"0":1,"1":1,"2":1,"3":1,"4":1,"5":1,"6":1,"7":1,"8":1,"9":1,"10":1,"11":1,"12":1,"13":1,"14":1,"15":1,"16":1,"17":1,"18":1,"19":1,"20":1,"21":1,"22":1,"23":1,"24":1,"25":1,"26":86,"27":86,"28":1,"29":1,"30":15,"31":15,"32":1,"33":1,"34":12,"35":12,"36":12,"37":12,"38":12,"39":12,"40":12,"41":12,"42":1,"43":1,"44":0,"45":0,"46":1,"47":1,"48":1,"49":1,"50":1,"51":1,"52":0,"53":0,"54":0,"55":0,"56":0,"57":0,"58":0,"59":0,"60":0,"61":0,"62":0,"63":1,"64":1,"65":0,"66":0,"67":1,"68":1,"69":1,"70":1,"71":1,"72":1,"73":1,"74":1,"75":1,"76":1,"77":1,"78":86,"79":86,"80":1,"81":1,"82":0,"83":0,"84":1,"85":1,"86":17,"87":17,"88":17,"89":17,"90":17,"91":17,"92":17,"93":1,"94":1,"95":0,"96":0,"97":0,"98":1,"99":1,"100":17,"101":0,"102":0,"103":17,"104":17,"105":1,"106":1,"107":17,"108":17,"109":17,"110":17,"111":1,"112":1,"113":1,"114":1,"115":1,"116":1,"117":1,"118":1,"119":1,"120":1,"121":1,"122":1,"123":1,"124":1,"125":1,"126":1,"127":86,"128":86,"129":86,"130":86,"131":86,"132":86,"133":86,"134":86,"135":86,"136":86,"137":86,"138":86,"139":86,"140":86,"141":86,"142":86,"143":86,"144":86,"145":86,"146":86,"147":86,"148":258,"149":86,"150":86,"151":86,"152":86,"153":86,"154":86,"155":86,"156":86,"157":86,"158":86,"159":86,"160":86,"161":86,"162":86,"163":86,"164":86,"165":86,"166":86,"167":86,"168":86,"169":86,"170":86,"171":86,"172":1,"173":1,"174":1,"175":1,"176":1,"177":61,"178":61,"179":61,"180":0,"181":0,"182":0,"183":0,"184":0,"185":0,"186":0,"187":0,"188":0,"189":0,"190":0,"191":61,"192":61,"193":61,"194":0,"195":0,"196":0,"197":0,"198":0,"199":0,"200":0,"201":0,"202":0,"203":0,"204":0,"205":61,"206":61,"207":61,"208":61,"209":61,"210":57,"211":57,"212":61,"213":4,"214":4,"215":4,"216":61,"217":61,"218":61,"219":1,"220":1,"221":1,"222":1,"223":1,"224":15,"225":15,"226":15,"227":15,"228":15,"229":0,"230":0,"231":15,"232":15,"233":15,"234":15,"235":15,"236":15,"237":15,"238":15,"239":15,"240":15,"241":15,"242":15,"243":1,"244":1,"245":0,"246":0,"247":0,"248":1,"249":1,"250":1,"251":15,"252":14,"253":14,"254":14,"255":17,"256":17,"257":17,"258":17,"259":17,"260":17,"261":17,"262":17,"263":17,"264":17,"265":17,"266":17,"267":17,"268":17,"269":13,"270":13,"271":17,"272":1,"273":1,"274":1,"275":1,"276":1,"277":12,"278":12,"279":12,"280":12,"281":12,"282":12,"283":12,"284":17,"285":14,"286":12,"287":12,"288":15,"289":12,"290":12,"291":12,"292":12,"293":12,"294":12,"295":12,"296":12,"297":12,"298":15,"299":0,"300":0,"301":12,"302":12,"303":15,"304":2,"305":2,"306":2,"307":2,"308":0,"309":2,"310":2,"311":2,"312":2,"313":2,"314":2,"315":2,"316":0,"317":0,"318":2,"319":2,"320":2,"321":15,"322":1,"323":1,"324":1,"325":1,"326":1,"327":4,"328":4,"329":4,"330":4,"331":4,"332":4,"333":4,"334":4,"335":4,"336":1,"337":1,"338":1,"339":1,"340":1,"341":4,"342":4,"343":4,"344":4,"345":4,"346":4,"347":4,"348":1,"349":1,"350":1,"351":1,"352":1,"353":27,"354":27,"355":27,"356":27,"357":1,"358":1,"359":1,"360":1,"361":1,"362":15,"363":15,"364":1,"365":1,"366":1,"367":1,"368":1,"369":0,"370":0,"371":1,"372":1,"373":1,"374":1,"375":1,"376":1,"377":1,"378":1,"379":1,"380":1,"381":1,"382":1,"383":0,"384":0,"385":1,"386":1,"387":1,"388":1,"389":1,"390":2,"391":2,"392":1,"393":1,"394":1,"395":1,"396":1,"397":1,"398":1,"399":1,"400":1,"401":1,"402":1,"403":1,"404":1,"405":17,"406":17,"407":1,"408":1,"409":1,"410":1,"411":1},"branchMap":{"0":{"type":"branch","line":27,"loc":{"start":{"line":27,"column":0},"end":{"line":28,"column":41}},"locations":[{"start":{"line":27,"column":0},"end":{"line":28,"column":41}}]},"1":{"type":"branch","line":30,"loc":{"start":{"line":30,"column":2},"end":{"line":32,"column":3}},"locations":[{"start":{"line":30,"column":2},"end":{"line":32,"column":3}}]},"2":{"type":"branch","line":31,"loc":{"start":{"line":31,"column":29},"end":{"line":31,"column":39}},"locations":[{"start":{"line":31,"column":29},"end":{"line":31,"column":39}}]},"3":{"type":"branch","line":34,"loc":{"start":{"line":34,"column":2},"end":{"line":42,"column":3}},"locations":[{"start":{"line":34,"column":2},"end":{"line":42,"column":3}}]},"4":{"type":"branch","line":48,"loc":{"start":{"line":48,"column":2},"end":{"line":50,"column":3}},"locations":[{"start":{"line":48,"column":2},"end":{"line":50,"column":3}}]},"5":{"type":"branch","line":78,"loc":{"start":{"line":78,"column":2},"end":{"line":80,"column":3}},"locations":[{"start":{"line":78,"column":2},"end":{"line":80,"column":3}}]},"6":{"type":"branch","line":86,"loc":{"start":{"line":86,"column":2},"end":{"line":93,"column":3}},"locations":[{"start":{"line":86,"column":2},"end":{"line":93,"column":3}}]},"7":{"type":"branch","line":100,"loc":{"start":{"line":100,"column":2},"end":{"line":105,"column":3}},"locations":[{"start":{"line":100,"column":2},"end":{"line":105,"column":3}}]},"8":{"type":"branch","line":101,"loc":{"start":{"line":101,"column":38},"end":{"line":103,"column":5}},"locations":[{"start":{"line":101,"column":38},"end":{"line":103,"column":5}}]},"9":{"type":"branch","line":107,"loc":{"start":{"line":107,"column":10},"end":{"line":111,"column":3}},"locations":[{"start":{"line":107,"column":10},"end":{"line":111,"column":3}}]},"10":{"type":"branch","line":110,"loc":{"start":{"line":110,"column":14},"end":{"line":110,"column":21}},"locations":[{"start":{"line":110,"column":14},"end":{"line":110,"column":21}}]},"11":{"type":"branch","line":127,"loc":{"start":{"line":127,"column":2},"end":{"line":172,"column":3}},"locations":[{"start":{"line":127,"column":2},"end":{"line":172,"column":3}}]},"12":{"type":"branch","line":170,"loc":{"start":{"line":170,"column":18},"end":{"line":170,"column":40}},"locations":[{"start":{"line":170,"column":18},"end":{"line":170,"column":40}}]},"13":{"type":"branch","line":148,"loc":{"start":{"line":148,"column":40},"end":{"line":150,"column":5}},"locations":[{"start":{"line":148,"column":40},"end":{"line":150,"column":5}}]},"14":{"type":"branch","line":152,"loc":{"start":{"line":152,"column":41},"end":{"line":154,"column":5}},"locations":[{"start":{"line":152,"column":41},"end":{"line":154,"column":5}}]},"15":{"type":"branch","line":156,"loc":{"start":{"line":156,"column":38},"end":{"line":158,"column":5}},"locations":[{"start":{"line":156,"column":38},"end":{"line":158,"column":5}}]},"16":{"type":"branch","line":177,"loc":{"start":{"line":177,"column":12},"end":{"line":219,"column":3}},"locations":[{"start":{"line":177,"column":12},"end":{"line":219,"column":3}}]},"17":{"type":"branch","line":178,"loc":{"start":{"line":178,"column":23},"end":{"line":218,"column":5}},"locations":[{"start":{"line":178,"column":23},"end":{"line":218,"column":5}}]},"18":{"type":"branch","line":180,"loc":{"start":{"line":180,"column":37},"end":{"line":191,"column":7}},"locations":[{"start":{"line":180,"column":37},"end":{"line":191,"column":7}}]},"19":{"type":"branch","line":194,"loc":{"start":{"line":194,"column":54},"end":{"line":205,"column":7}},"locations":[{"start":{"line":194,"column":54},"end":{"line":205,"column":7}}]},"20":{"type":"branch","line":210,"loc":{"start":{"line":210,"column":17},"end":{"line":212,"column":10}},"locations":[{"start":{"line":210,"column":17},"end":{"line":212,"column":10}}]},"21":{"type":"branch","line":213,"loc":{"start":{"line":213,"column":14},"end":{"line":216,"column":10}},"locations":[{"start":{"line":213,"column":14},"end":{"line":216,"column":10}}]},"22":{"type":"branch","line":224,"loc":{"start":{"line":224,"column":2},"end":{"line":322,"column":3}},"locations":[{"start":{"line":224,"column":2},"end":{"line":322,"column":3}}]},"23":{"type":"branch","line":229,"loc":{"start":{"line":229,"column":35},"end":{"line":231,"column":7}},"locations":[{"start":{"line":229,"column":35},"end":{"line":231,"column":7}}]},"24":{"type":"branch","line":243,"loc":{"start":{"line":243,"column":12},"end":{"line":243,"column":52}},"locations":[{"start":{"line":243,"column":12},"end":{"line":243,"column":52}}]},"25":{"type":"branch","line":243,"loc":{"start":{"line":243,"column":52},"end":{"line":251,"column":9}},"locations":[{"start":{"line":243,"column":52},"end":{"line":251,"column":9}}]},"26":{"type":"branch","line":245,"loc":{"start":{"line":245,"column":39},"end":{"line":248,"column":11}},"locations":[{"start":{"line":245,"column":39},"end":{"line":248,"column":11}}]},"27":{"type":"branch","line":252,"loc":{"start":{"line":252,"column":6},"end":{"line":286,"column":9}},"locations":[{"start":{"line":252,"column":6},"end":{"line":286,"column":9}}]},"28":{"type":"branch","line":286,"loc":{"start":{"line":286,"column":7},"end":{"line":289,"column":79}},"locations":[{"start":{"line":286,"column":7},"end":{"line":289,"column":79}}]},"29":{"type":"branch","line":289,"loc":{"start":{"line":289,"column":79},"end":{"line":299,"column":35}},"locations":[{"start":{"line":289,"column":79},"end":{"line":299,"column":35}}]},"30":{"type":"branch","line":291,"loc":{"start":{"line":291,"column":44},"end":{"line":291,"column":87}},"locations":[{"start":{"line":291,"column":44},"end":{"line":291,"column":87}}]},"31":{"type":"branch","line":291,"loc":{"start":{"line":291,"column":68},"end":{"line":291,"column":89}},"locations":[{"start":{"line":291,"column":68},"end":{"line":291,"column":89}}]},"32":{"type":"branch","line":299,"loc":{"start":{"line":299,"column":35},"end":{"line":301,"column":7}},"locations":[{"start":{"line":299,"column":35},"end":{"line":301,"column":7}}]},"33":{"type":"branch","line":301,"loc":{"start":{"line":301,"column":6},"end":{"line":304,"column":13}},"locations":[{"start":{"line":301,"column":6},"end":{"line":304,"column":13}}]},"34":{"type":"branch","line":304,"loc":{"start":{"line":304,"column":4},"end":{"line":321,"column":5}},"locations":[{"start":{"line":304,"column":4},"end":{"line":321,"column":5}}]},"35":{"type":"branch","line":308,"loc":{"start":{"line":308,"column":12},"end":{"line":309,"column":44}},"locations":[{"start":{"line":308,"column":12},"end":{"line":309,"column":44}}]},"36":{"type":"branch","line":316,"loc":{"start":{"line":316,"column":35},"end":{"line":318,"column":7}},"locations":[{"start":{"line":316,"column":35},"end":{"line":318,"column":7}}]},"37":{"type":"branch","line":255,"loc":{"start":{"line":255,"column":54},"end":{"line":286,"column":7}},"locations":[{"start":{"line":255,"column":54},"end":{"line":286,"column":7}}]},"38":{"type":"branch","line":256,"loc":{"start":{"line":256,"column":52},"end":{"line":285,"column":9}},"locations":[{"start":{"line":256,"column":52},"end":{"line":285,"column":9}}]},"39":{"type":"branch","line":262,"loc":{"start":{"line":262,"column":41},"end":{"line":262,"column":57}},"locations":[{"start":{"line":262,"column":41},"end":{"line":262,"column":57}}]},"40":{"type":"branch","line":269,"loc":{"start":{"line":269,"column":10},"end":{"line":272,"column":42}},"locations":[{"start":{"line":269,"column":10},"end":{"line":272,"column":42}}]},"41":{"type":"branch","line":272,"loc":{"start":{"line":272,"column":42},"end":{"line":277,"column":11}},"locations":[{"start":{"line":272,"column":42},"end":{"line":277,"column":11}}]},"42":{"type":"branch","line":277,"loc":{"start":{"line":277,"column":10},"end":{"line":284,"column":37}},"locations":[{"start":{"line":277,"column":10},"end":{"line":284,"column":37}}]},"43":{"type":"branch","line":327,"loc":{"start":{"line":327,"column":2},"end":{"line":336,"column":3}},"locations":[{"start":{"line":327,"column":2},"end":{"line":336,"column":3}}]},"44":{"type":"branch","line":341,"loc":{"start":{"line":341,"column":2},"end":{"line":348,"column":3}},"locations":[{"start":{"line":341,"column":2},"end":{"line":348,"column":3}}]},"45":{"type":"branch","line":353,"loc":{"start":{"line":353,"column":12},"end":{"line":357,"column":3}},"locations":[{"start":{"line":353,"column":12},"end":{"line":357,"column":3}}]},"46":{"type":"branch","line":355,"loc":{"start":{"line":355,"column":20},"end":{"line":355,"column":50}},"locations":[{"start":{"line":355,"column":20},"end":{"line":355,"column":50}}]},"47":{"type":"branch","line":355,"loc":{"start":{"line":355,"column":46},"end":{"line":355,"column":53}},"locations":[{"start":{"line":355,"column":46},"end":{"line":355,"column":53}}]},"48":{"type":"branch","line":362,"loc":{"start":{"line":362,"column":12},"end":{"line":364,"column":3}},"locations":[{"start":{"line":362,"column":12},"end":{"line":364,"column":3}}]},"49":{"type":"branch","line":376,"loc":{"start":{"line":376,"column":2},"end":{"line":378,"column":3}},"locations":[{"start":{"line":376,"column":2},"end":{"line":378,"column":3}}]},"50":{"type":"branch","line":390,"loc":{"start":{"line":390,"column":2},"end":{"line":392,"column":3}},"locations":[{"start":{"line":390,"column":2},"end":{"line":392,"column":3}}]},"51":{"type":"branch","line":397,"loc":{"start":{"line":397,"column":2},"end":{"line":399,"column":3}},"locations":[{"start":{"line":397,"column":2},"end":{"line":399,"column":3}}]},"52":{"type":"branch","line":405,"loc":{"start":{"line":405,"column":7},"end":{"line":407,"column":1}},"locations":[{"start":{"line":405,"column":7},"end":{"line":407,"column":1}}]}},"b":{"0":[86],"1":[15],"2":[14],"3":[12],"4":[1],"5":[86],"6":[17],"7":[17],"8":[0],"9":[17],"10":[0],"11":[86],"12":[0],"13":[258],"14":[86],"15":[86],"16":[61],"17":[61],"18":[0],"19":[0],"20":[57],"21":[4],"22":[15],"23":[0],"24":[1],"25":[1],"26":[0],"27":[14],"28":[12],"29":[12],"30":[7],"31":[0],"32":[0],"33":[12],"34":[2],"35":[0],"36":[0],"37":[17],"38":[17],"39":[11],"40":[13],"41":[1],"42":[12],"43":[4],"44":[4],"45":[27],"46":[6],"47":[21],"48":[15],"49":[1],"50":[2],"51":[1],"52":[17]},"fnMap":{"0":{"name":"SimpleCacheManager","decl":{"start":{"line":27,"column":0},"end":{"line":28,"column":41}},"loc":{"start":{"line":27,"column":0},"end":{"line":28,"column":41}},"line":27},"1":{"name":"get","decl":{"start":{"line":30,"column":2},"end":{"line":32,"column":3}},"loc":{"start":{"line":30,"column":2},"end":{"line":32,"column":3}},"line":30},"2":{"name":"set","decl":{"start":{"line":34,"column":2},"end":{"line":42,"column":3}},"loc":{"start":{"line":34,"column":2},"end":{"line":42,"column":3}},"line":34},"3":{"name":"delete","decl":{"start":{"line":44,"column":2},"end":{"line":46,"column":3}},"loc":{"start":{"line":44,"column":2},"end":{"line":46,"column":3}},"line":44},"4":{"name":"clear","decl":{"start":{"line":48,"column":2},"end":{"line":50,"column":3}},"loc":{"start":{"line":48,"column":2},"end":{"line":50,"column":3}},"line":48},"5":{"name":"has","decl":{"start":{"line":52,"column":2},"end":{"line":63,"column":3}},"loc":{"start":{"line":52,"column":2},"end":{"line":63,"column":3}},"line":52},"6":{"name":"size","decl":{"start":{"line":65,"column":2},"end":{"line":67,"column":3}},"loc":{"start":{"line":65,"column":2},"end":{"line":67,"column":3}},"line":65},"7":{"name":"SimpleConcurrencyController","decl":{"start":{"line":78,"column":2},"end":{"line":80,"column":3}},"loc":{"start":{"line":78,"column":2},"end":{"line":80,"column":3}},"line":78},"8":{"name":"get queueSize","decl":{"start":{"line":82,"column":2},"end":{"line":84,"column":3}},"loc":{"start":{"line":82,"column":2},"end":{"line":84,"column":3}},"line":82},"9":{"name":"run","decl":{"start":{"line":86,"column":2},"end":{"line":93,"column":3}},"loc":{"start":{"line":86,"column":2},"end":{"line":93,"column":3}},"line":86},"10":{"name":"reset","decl":{"start":{"line":95,"column":2},"end":{"line":98,"column":3}},"loc":{"start":{"line":95,"column":2},"end":{"line":98,"column":3}},"line":95},"11":{"name":"acquire","decl":{"start":{"line":100,"column":2},"end":{"line":105,"column":3}},"loc":{"start":{"line":100,"column":2},"end":{"line":105,"column":3}},"line":100},"12":{"name":"release","decl":{"start":{"line":107,"column":10},"end":{"line":111,"column":3}},"loc":{"start":{"line":107,"column":10},"end":{"line":111,"column":3}},"line":107},"13":{"name":"APIWrapper","decl":{"start":{"line":127,"column":2},"end":{"line":172,"column":3}},"loc":{"start":{"line":127,"column":2},"end":{"line":172,"column":3}},"line":127},"14":{"name":"promisify","decl":{"start":{"line":177,"column":12},"end":{"line":219,"column":3}},"loc":{"start":{"line":177,"column":12},"end":{"line":219,"column":3}},"line":177},"15":{"name":"success","decl":{"start":{"line":210,"column":17},"end":{"line":212,"column":10}},"loc":{"start":{"line":210,"column":17},"end":{"line":212,"column":10}},"line":210},"16":{"name":"fail","decl":{"start":{"line":213,"column":14},"end":{"line":216,"column":10}},"loc":{"start":{"line":213,"column":14},"end":{"line":216,"column":10}},"line":213},"17":{"name":"request","decl":{"start":{"line":224,"column":2},"end":{"line":322,"column":3}},"loc":{"start":{"line":224,"column":2},"end":{"line":322,"column":3}},"line":224},"18":{"name":"uploadFile","decl":{"start":{"line":327,"column":2},"end":{"line":336,"column":3}},"loc":{"start":{"line":327,"column":2},"end":{"line":336,"column":3}},"line":327},"19":{"name":"downloadFile","decl":{"start":{"line":341,"column":2},"end":{"line":348,"column":3}},"loc":{"start":{"line":341,"column":2},"end":{"line":348,"column":3}},"line":341},"20":{"name":"getCacheKey","decl":{"start":{"line":353,"column":12},"end":{"line":357,"column":3}},"loc":{"start":{"line":353,"column":12},"end":{"line":357,"column":3}},"line":353},"21":{"name":"generateRequestId","decl":{"start":{"line":362,"column":12},"end":{"line":364,"column":3}},"loc":{"start":{"line":362,"column":12},"end":{"line":364,"column":3}},"line":362},"22":{"name":"sleep","decl":{"start":{"line":369,"column":12},"end":{"line":371,"column":3}},"loc":{"start":{"line":369,"column":12},"end":{"line":371,"column":3}},"line":369},"23":{"name":"clearCache","decl":{"start":{"line":376,"column":2},"end":{"line":378,"column":3}},"loc":{"start":{"line":376,"column":2},"end":{"line":378,"column":3}},"line":376},"24":{"name":"getCacheSize","decl":{"start":{"line":383,"column":2},"end":{"line":385,"column":3}},"loc":{"start":{"line":383,"column":2},"end":{"line":385,"column":3}},"line":383},"25":{"name":"getConfig","decl":{"start":{"line":390,"column":2},"end":{"line":392,"column":3}},"loc":{"start":{"line":390,"column":2},"end":{"line":392,"column":3}},"line":390},"26":{"name":"updateConfig","decl":{"start":{"line":397,"column":2},"end":{"line":399,"column":3}},"loc":{"start":{"line":397,"column":2},"end":{"line":399,"column":3}},"line":397},"27":{"name":"createAPIWrapper","decl":{"start":{"line":405,"column":7},"end":{"line":407,"column":1}},"loc":{"start":{"line":405,"column":7},"end":{"line":407,"column":1}},"line":405}},"f":{"0":86,"1":15,"2":12,"3":0,"4":1,"5":0,"6":0,"7":86,"8":0,"9":17,"10":0,"11":17,"12":17,"13":86,"14":61,"15":57,"16":4,"17":15,"18":4,"19":4,"20":27,"21":15,"22":0,"23":1,"24":0,"25":2,"26":1,"27":17}}
,"C:\\Users\\wzy16\\Desktop\\new project\\13_Runtime_APIWrapper\\implementation\\error-handler.ts": {"path":"C:\\Users\\wzy16\\Desktop\\new project\\13_Runtime_APIWrapper\\implementation\\error-handler.ts","all":false,"statementMap":{"0":{"start":{"line":1,"column":0},"end":{"line":1,"column":3}},"1":{"start":{"line":2,"column":0},"end":{"line":2,"column":23}},"2":{"start":{"line":3,"column":0},"end":{"line":3,"column":2}},"3":{"start":{"line":4,"column":0},"end":{"line":4,"column":32}},"4":{"start":{"line":5,"column":0},"end":{"line":5,"column":3}},"5":{"start":{"line":6,"column":0},"end":{"line":6,"column":0}},"6":{"start":{"line":7,"column":0},"end":{"line":7,"column":46}},"7":{"start":{"line":8,"column":0},"end":{"line":8,"column":0}},"8":{"start":{"line":9,"column":0},"end":{"line":9,"column":35}},"9":{"start":{"line":10,"column":0},"end":{"line":10,"column":21}},"10":{"start":{"line":11,"column":0},"end":{"line":11,"column":0}},"11":{"start":{"line":12,"column":0},"end":{"line":12,"column":3}},"12":{"start":{"line":13,"column":0},"end":{"line":13,"column":9}},"13":{"start":{"line":14,"column":0},"end":{"line":14,"column":24}},"14":{"start":{"line":15,"column":0},"end":{"line":15,"column":3}},"15":{"start":{"line":16,"column":0},"end":{"line":16,"column":61}},"16":{"start":{"line":17,"column":0},"end":{"line":17,"column":18}},"17":{"start":{"line":18,"column":0},"end":{"line":18,"column":15}},"18":{"start":{"line":19,"column":0},"end":{"line":19,"column":18}},"19":{"start":{"line":20,"column":0},"end":{"line":20,"column":22}},"20":{"start":{"line":21,"column":0},"end":{"line":21,"column":23}},"21":{"start":{"line":22,"column":0},"end":{"line":22,"column":20}},"22":{"start":{"line":23,"column":0},"end":{"line":23,"column":21}},"23":{"start":{"line":24,"column":0},"end":{"line":24,"column":30}},"24":{"start":{"line":25,"column":0},"end":{"line":25,"column":0}},"25":{"start":{"line":26,"column":0},"end":{"line":26,"column":14}},"26":{"start":{"line":27,"column":0},"end":{"line":27,"column":20}},"27":{"start":{"line":28,"column":0},"end":{"line":28,"column":17}},"28":{"start":{"line":29,"column":0},"end":{"line":29,"column":20}},"29":{"start":{"line":30,"column":0},"end":{"line":30,"column":24}},"30":{"start":{"line":31,"column":0},"end":{"line":31,"column":32}},"31":{"start":{"line":32,"column":0},"end":{"line":32,"column":5}},"32":{"start":{"line":33,"column":0},"end":{"line":33,"column":19}},"33":{"start":{"line":34,"column":0},"end":{"line":34,"column":27}},"34":{"start":{"line":35,"column":0},"end":{"line":35,"column":21}},"35":{"start":{"line":36,"column":0},"end":{"line":36,"column":21}},"36":{"start":{"line":37,"column":0},"end":{"line":37,"column":27}},"37":{"start":{"line":38,"column":0},"end":{"line":38,"column":39}},"38":{"start":{"line":39,"column":0},"end":{"line":39,"column":35}},"39":{"start":{"line":40,"column":0},"end":{"line":40,"column":32}},"40":{"start":{"line":41,"column":0},"end":{"line":41,"column":0}},"41":{"start":{"line":42,"column":0},"end":{"line":42,"column":12}},"42":{"start":{"line":43,"column":0},"end":{"line":43,"column":56}},"43":{"start":{"line":44,"column":0},"end":{"line":44,"column":3}},"44":{"start":{"line":45,"column":0},"end":{"line":45,"column":0}},"45":{"start":{"line":46,"column":0},"end":{"line":46,"column":5}},"46":{"start":{"line":47,"column":0},"end":{"line":47,"column":11}},"47":{"start":{"line":48,"column":0},"end":{"line":48,"column":5}},"48":{"start":{"line":49,"column":0},"end":{"line":49,"column":41}},"49":{"start":{"line":50,"column":0},"end":{"line":50,"column":31}},"50":{"start":{"line":51,"column":0},"end":{"line":51,"column":16}},"51":{"start":{"line":52,"column":0},"end":{"line":52,"column":3}},"52":{"start":{"line":53,"column":0},"end":{"line":53,"column":0}},"53":{"start":{"line":54,"column":0},"end":{"line":54,"column":5}},"54":{"start":{"line":55,"column":0},"end":{"line":55,"column":11}},"55":{"start":{"line":56,"column":0},"end":{"line":56,"column":5}},"56":{"start":{"line":57,"column":0},"end":{"line":57,"column":46}},"57":{"start":{"line":58,"column":0},"end":{"line":58,"column":45}},"58":{"start":{"line":59,"column":0},"end":{"line":59,"column":16}},"59":{"start":{"line":60,"column":0},"end":{"line":60,"column":3}},"60":{"start":{"line":61,"column":0},"end":{"line":61,"column":0}},"61":{"start":{"line":62,"column":0},"end":{"line":62,"column":5}},"62":{"start":{"line":63,"column":0},"end":{"line":63,"column":14}},"63":{"start":{"line":64,"column":0},"end":{"line":64,"column":5}},"64":{"start":{"line":65,"column":0},"end":{"line":65,"column":33}},"65":{"start":{"line":66,"column":0},"end":{"line":66,"column":12}},"66":{"start":{"line":67,"column":0},"end":{"line":67,"column":22}},"67":{"start":{"line":68,"column":0},"end":{"line":68,"column":22}},"68":{"start":{"line":69,"column":0},"end":{"line":69,"column":22}},"69":{"start":{"line":70,"column":0},"end":{"line":70,"column":28}},"70":{"start":{"line":71,"column":0},"end":{"line":71,"column":36}},"71":{"start":{"line":72,"column":0},"end":{"line":72,"column":32}},"72":{"start":{"line":73,"column":0},"end":{"line":73,"column":32}},"73":{"start":{"line":74,"column":0},"end":{"line":74,"column":24}},"74":{"start":{"line":75,"column":0},"end":{"line":75,"column":6}},"75":{"start":{"line":76,"column":0},"end":{"line":76,"column":3}},"76":{"start":{"line":77,"column":0},"end":{"line":77,"column":0}},"77":{"start":{"line":78,"column":0},"end":{"line":78,"column":5}},"78":{"start":{"line":79,"column":0},"end":{"line":79,"column":11}},"79":{"start":{"line":80,"column":0},"end":{"line":80,"column":5}},"80":{"start":{"line":81,"column":0},"end":{"line":81,"column":22}},"81":{"start":{"line":82,"column":0},"end":{"line":82,"column":58}},"82":{"start":{"line":83,"column":0},"end":{"line":83,"column":3}},"83":{"start":{"line":84,"column":0},"end":{"line":84,"column":1}},"84":{"start":{"line":85,"column":0},"end":{"line":85,"column":0}},"85":{"start":{"line":86,"column":0},"end":{"line":86,"column":3}},"86":{"start":{"line":87,"column":0},"end":{"line":87,"column":8}},"87":{"start":{"line":88,"column":0},"end":{"line":88,"column":26}},"88":{"start":{"line":89,"column":0},"end":{"line":89,"column":3}},"89":{"start":{"line":90,"column":0},"end":{"line":90,"column":27}},"90":{"start":{"line":91,"column":0},"end":{"line":91,"column":5}},"91":{"start":{"line":92,"column":0},"end":{"line":92,"column":14}},"92":{"start":{"line":93,"column":0},"end":{"line":93,"column":5}},"93":{"start":{"line":94,"column":0},"end":{"line":94,"column":64}},"94":{"start":{"line":95,"column":0},"end":{"line":95,"column":55}},"95":{"start":{"line":96,"column":0},"end":{"line":96,"column":55}},"96":{"start":{"line":97,"column":0},"end":{"line":97,"column":0}},"97":{"start":{"line":98,"column":0},"end":{"line":98,"column":11}},"98":{"start":{"line":99,"column":0},"end":{"line":99,"column":62}},"99":{"start":{"line":100,"column":0},"end":{"line":100,"column":30}},"100":{"start":{"line":101,"column":0},"end":{"line":101,"column":26}},"101":{"start":{"line":102,"column":0},"end":{"line":102,"column":18}},"102":{"start":{"line":103,"column":0},"end":{"line":103,"column":15}},"103":{"start":{"line":104,"column":0},"end":{"line":104,"column":14}},"104":{"start":{"line":105,"column":0},"end":{"line":105,"column":21}},"105":{"start":{"line":106,"column":0},"end":{"line":106,"column":8}},"106":{"start":{"line":107,"column":0},"end":{"line":107,"column":5}},"107":{"start":{"line":108,"column":0},"end":{"line":108,"column":0}},"108":{"start":{"line":109,"column":0},"end":{"line":109,"column":24}},"109":{"start":{"line":110,"column":0},"end":{"line":110,"column":8}},"110":{"start":{"line":111,"column":0},"end":{"line":111,"column":38}},"111":{"start":{"line":112,"column":0},"end":{"line":112,"column":37}},"112":{"start":{"line":113,"column":0},"end":{"line":113,"column":30}},"113":{"start":{"line":114,"column":0},"end":{"line":114,"column":27}},"114":{"start":{"line":115,"column":0},"end":{"line":115,"column":7}},"115":{"start":{"line":116,"column":0},"end":{"line":116,"column":30}},"116":{"start":{"line":117,"column":0},"end":{"line":117,"column":36}},"117":{"start":{"line":118,"column":0},"end":{"line":118,"column":28}},"118":{"start":{"line":119,"column":0},"end":{"line":119,"column":16}},"119":{"start":{"line":120,"column":0},"end":{"line":120,"column":14}},"120":{"start":{"line":121,"column":0},"end":{"line":121,"column":13}},"121":{"start":{"line":122,"column":0},"end":{"line":122,"column":8}},"122":{"start":{"line":123,"column":0},"end":{"line":123,"column":5}},"123":{"start":{"line":124,"column":0},"end":{"line":124,"column":0}},"124":{"start":{"line":125,"column":0},"end":{"line":125,"column":11}},"125":{"start":{"line":126,"column":0},"end":{"line":126,"column":8}},"126":{"start":{"line":127,"column":0},"end":{"line":127,"column":32}},"127":{"start":{"line":128,"column":0},"end":{"line":128,"column":35}},"128":{"start":{"line":129,"column":0},"end":{"line":129,"column":27}},"129":{"start":{"line":130,"column":0},"end":{"line":130,"column":7}},"130":{"start":{"line":131,"column":0},"end":{"line":131,"column":30}},"131":{"start":{"line":132,"column":0},"end":{"line":132,"column":32}},"132":{"start":{"line":133,"column":0},"end":{"line":133,"column":24}},"133":{"start":{"line":134,"column":0},"end":{"line":134,"column":17}},"134":{"start":{"line":135,"column":0},"end":{"line":135,"column":14}},"135":{"start":{"line":136,"column":0},"end":{"line":136,"column":23}},"136":{"start":{"line":137,"column":0},"end":{"line":137,"column":8}},"137":{"start":{"line":138,"column":0},"end":{"line":138,"column":5}},"138":{"start":{"line":139,"column":0},"end":{"line":139,"column":0}},"139":{"start":{"line":140,"column":0},"end":{"line":140,"column":11}},"140":{"start":{"line":141,"column":0},"end":{"line":141,"column":8}},"141":{"start":{"line":142,"column":0},"end":{"line":142,"column":37}},"142":{"start":{"line":143,"column":0},"end":{"line":143,"column":35}},"143":{"start":{"line":144,"column":0},"end":{"line":144,"column":27}},"144":{"start":{"line":145,"column":0},"end":{"line":145,"column":7}},"145":{"start":{"line":146,"column":0},"end":{"line":146,"column":30}},"146":{"start":{"line":147,"column":0},"end":{"line":147,"column":33}},"147":{"start":{"line":148,"column":0},"end":{"line":148,"column":25}},"148":{"start":{"line":149,"column":0},"end":{"line":149,"column":15}},"149":{"start":{"line":150,"column":0},"end":{"line":150,"column":14}},"150":{"start":{"line":151,"column":0},"end":{"line":151,"column":13}},"151":{"start":{"line":152,"column":0},"end":{"line":152,"column":8}},"152":{"start":{"line":153,"column":0},"end":{"line":153,"column":5}},"153":{"start":{"line":154,"column":0},"end":{"line":154,"column":0}},"154":{"start":{"line":155,"column":0},"end":{"line":155,"column":14}},"155":{"start":{"line":156,"column":0},"end":{"line":156,"column":28}},"156":{"start":{"line":157,"column":0},"end":{"line":157,"column":29}},"157":{"start":{"line":158,"column":0},"end":{"line":158,"column":39}},"158":{"start":{"line":159,"column":0},"end":{"line":159,"column":23}},"159":{"start":{"line":160,"column":0},"end":{"line":160,"column":12}},"160":{"start":{"line":161,"column":0},"end":{"line":161,"column":11}},"161":{"start":{"line":162,"column":0},"end":{"line":162,"column":6}},"162":{"start":{"line":163,"column":0},"end":{"line":163,"column":3}},"163":{"start":{"line":164,"column":0},"end":{"line":164,"column":0}},"164":{"start":{"line":165,"column":0},"end":{"line":165,"column":5}},"165":{"start":{"line":166,"column":0},"end":{"line":166,"column":13}},"166":{"start":{"line":167,"column":0},"end":{"line":167,"column":5}},"167":{"start":{"line":168,"column":0},"end":{"line":168,"column":68}},"168":{"start":{"line":169,"column":0},"end":{"line":169,"column":16}},"169":{"start":{"line":170,"column":0},"end":{"line":170,"column":48}},"170":{"start":{"line":171,"column":0},"end":{"line":171,"column":75}},"171":{"start":{"line":172,"column":0},"end":{"line":172,"column":56}},"172":{"start":{"line":173,"column":0},"end":{"line":173,"column":54}},"173":{"start":{"line":174,"column":0},"end":{"line":174,"column":52}},"174":{"start":{"line":175,"column":0},"end":{"line":175,"column":53}},"175":{"start":{"line":176,"column":0},"end":{"line":176,"column":64}},"176":{"start":{"line":177,"column":0},"end":{"line":177,"column":58}},"177":{"start":{"line":178,"column":0},"end":{"line":178,"column":62}},"178":{"start":{"line":179,"column":0},"end":{"line":179,"column":8}},"179":{"start":{"line":180,"column":0},"end":{"line":180,"column":0}},"180":{"start":{"line":181,"column":0},"end":{"line":181,"column":45}},"181":{"start":{"line":182,"column":0},"end":{"line":182,"column":35}},"182":{"start":{"line":183,"column":0},"end":{"line":183,"column":40}},"183":{"start":{"line":184,"column":0},"end":{"line":184,"column":8}},"184":{"start":{"line":185,"column":0},"end":{"line":185,"column":0}},"185":{"start":{"line":186,"column":0},"end":{"line":186,"column":30}},"186":{"start":{"line":187,"column":0},"end":{"line":187,"column":33}},"187":{"start":{"line":188,"column":0},"end":{"line":188,"column":19}},"188":{"start":{"line":189,"column":0},"end":{"line":189,"column":39}},"189":{"start":{"line":190,"column":0},"end":{"line":190,"column":13}},"190":{"start":{"line":191,"column":0},"end":{"line":191,"column":13}},"191":{"start":{"line":192,"column":0},"end":{"line":192,"column":8}},"192":{"start":{"line":193,"column":0},"end":{"line":193,"column":5}},"193":{"start":{"line":194,"column":0},"end":{"line":194,"column":0}},"194":{"start":{"line":195,"column":0},"end":{"line":195,"column":16}},"195":{"start":{"line":196,"column":0},"end":{"line":196,"column":28}},"196":{"start":{"line":197,"column":0},"end":{"line":197,"column":75}},"197":{"start":{"line":198,"column":0},"end":{"line":198,"column":60}},"198":{"start":{"line":199,"column":0},"end":{"line":199,"column":54}},"199":{"start":{"line":200,"column":0},"end":{"line":200,"column":65}},"200":{"start":{"line":201,"column":0},"end":{"line":201,"column":58}},"201":{"start":{"line":202,"column":0},"end":{"line":202,"column":8}},"202":{"start":{"line":203,"column":0},"end":{"line":203,"column":0}},"203":{"start":{"line":204,"column":0},"end":{"line":204,"column":45}},"204":{"start":{"line":205,"column":0},"end":{"line":205,"column":35}},"205":{"start":{"line":206,"column":0},"end":{"line":206,"column":40}},"206":{"start":{"line":207,"column":0},"end":{"line":207,"column":8}},"207":{"start":{"line":208,"column":0},"end":{"line":208,"column":0}},"208":{"start":{"line":209,"column":0},"end":{"line":209,"column":30}},"209":{"start":{"line":210,"column":0},"end":{"line":210,"column":31}},"210":{"start":{"line":211,"column":0},"end":{"line":211,"column":19}},"211":{"start":{"line":212,"column":0},"end":{"line":212,"column":39}},"212":{"start":{"line":213,"column":0},"end":{"line":213,"column":13}},"213":{"start":{"line":214,"column":0},"end":{"line":214,"column":24}},"214":{"start":{"line":215,"column":0},"end":{"line":215,"column":8}},"215":{"start":{"line":216,"column":0},"end":{"line":216,"column":5}},"216":{"start":{"line":217,"column":0},"end":{"line":217,"column":0}},"217":{"start":{"line":218,"column":0},"end":{"line":218,"column":12}},"218":{"start":{"line":219,"column":0},"end":{"line":219,"column":28}},"219":{"start":{"line":220,"column":0},"end":{"line":220,"column":24}},"220":{"start":{"line":221,"column":0},"end":{"line":221,"column":27}},"221":{"start":{"line":222,"column":0},"end":{"line":222,"column":30}},"222":{"start":{"line":223,"column":0},"end":{"line":223,"column":11}},"223":{"start":{"line":224,"column":0},"end":{"line":224,"column":11}},"224":{"start":{"line":225,"column":0},"end":{"line":225,"column":6}},"225":{"start":{"line":226,"column":0},"end":{"line":226,"column":3}},"226":{"start":{"line":227,"column":0},"end":{"line":227,"column":0}},"227":{"start":{"line":228,"column":0},"end":{"line":228,"column":5}},"228":{"start":{"line":229,"column":0},"end":{"line":229,"column":11}},"229":{"start":{"line":230,"column":0},"end":{"line":230,"column":22}},"230":{"start":{"line":231,"column":0},"end":{"line":231,"column":24}},"231":{"start":{"line":232,"column":0},"end":{"line":232,"column":21}},"232":{"start":{"line":233,"column":0},"end":{"line":233,"column":5}},"233":{"start":{"line":234,"column":0},"end":{"line":234,"column":29}},"234":{"start":{"line":235,"column":0},"end":{"line":235,"column":26}},"235":{"start":{"line":236,"column":0},"end":{"line":236,"column":20}},"236":{"start":{"line":237,"column":0},"end":{"line":237,"column":14}},"237":{"start":{"line":238,"column":0},"end":{"line":238,"column":15}},"238":{"start":{"line":239,"column":0},"end":{"line":239,"column":28}},"239":{"start":{"line":240,"column":0},"end":{"line":240,"column":31}},"240":{"start":{"line":241,"column":0},"end":{"line":241,"column":22}},"241":{"start":{"line":242,"column":0},"end":{"line":242,"column":14}},"242":{"start":{"line":243,"column":0},"end":{"line":243,"column":11}},"243":{"start":{"line":244,"column":0},"end":{"line":244,"column":11}},"244":{"start":{"line":245,"column":0},"end":{"line":245,"column":6}},"245":{"start":{"line":246,"column":0},"end":{"line":246,"column":3}},"246":{"start":{"line":247,"column":0},"end":{"line":247,"column":0}},"247":{"start":{"line":248,"column":0},"end":{"line":248,"column":5}},"248":{"start":{"line":249,"column":0},"end":{"line":249,"column":11}},"249":{"start":{"line":250,"column":0},"end":{"line":250,"column":5}},"250":{"start":{"line":251,"column":0},"end":{"line":251,"column":44}},"251":{"start":{"line":252,"column":0},"end":{"line":252,"column":18}},"252":{"start":{"line":253,"column":0},"end":{"line":253,"column":40}},"253":{"start":{"line":254,"column":0},"end":{"line":254,"column":19}},"254":{"start":{"line":255,"column":0},"end":{"line":255,"column":5}},"255":{"start":{"line":256,"column":0},"end":{"line":256,"column":0}},"256":{"start":{"line":257,"column":0},"end":{"line":257,"column":16}},"257":{"start":{"line":258,"column":0},"end":{"line":258,"column":33}},"258":{"start":{"line":259,"column":0},"end":{"line":259,"column":30}},"259":{"start":{"line":260,"column":0},"end":{"line":260,"column":31}},"260":{"start":{"line":261,"column":0},"end":{"line":261,"column":24}},"261":{"start":{"line":262,"column":0},"end":{"line":262,"column":22}},"262":{"start":{"line":263,"column":0},"end":{"line":263,"column":14}},"263":{"start":{"line":264,"column":0},"end":{"line":264,"column":13}},"264":{"start":{"line":265,"column":0},"end":{"line":265,"column":8}},"265":{"start":{"line":266,"column":0},"end":{"line":266,"column":5}},"266":{"start":{"line":267,"column":0},"end":{"line":267,"column":0}},"267":{"start":{"line":268,"column":0},"end":{"line":268,"column":12}},"268":{"start":{"line":269,"column":0},"end":{"line":269,"column":36}},"269":{"start":{"line":270,"column":0},"end":{"line":270,"column":30}},"270":{"start":{"line":271,"column":0},"end":{"line":271,"column":31}},"271":{"start":{"line":272,"column":0},"end":{"line":272,"column":18}},"272":{"start":{"line":273,"column":0},"end":{"line":273,"column":14}},"273":{"start":{"line":274,"column":0},"end":{"line":274,"column":18}},"274":{"start":{"line":275,"column":0},"end":{"line":275,"column":13}},"275":{"start":{"line":276,"column":0},"end":{"line":276,"column":8}},"276":{"start":{"line":277,"column":0},"end":{"line":277,"column":5}},"277":{"start":{"line":278,"column":0},"end":{"line":278,"column":0}},"278":{"start":{"line":279,"column":0},"end":{"line":279,"column":11}},"279":{"start":{"line":280,"column":0},"end":{"line":280,"column":28}},"280":{"start":{"line":281,"column":0},"end":{"line":281,"column":24}},"281":{"start":{"line":282,"column":0},"end":{"line":282,"column":16}},"282":{"start":{"line":283,"column":0},"end":{"line":283,"column":13}},"283":{"start":{"line":284,"column":0},"end":{"line":284,"column":12}},"284":{"start":{"line":285,"column":0},"end":{"line":285,"column":11}},"285":{"start":{"line":286,"column":0},"end":{"line":286,"column":6}},"286":{"start":{"line":287,"column":0},"end":{"line":287,"column":3}},"287":{"start":{"line":288,"column":0},"end":{"line":288,"column":1}},"288":{"start":{"line":289,"column":0},"end":{"line":289,"column":0}},"289":{"start":{"line":290,"column":0},"end":{"line":290,"column":3}},"290":{"start":{"line":291,"column":0},"end":{"line":291,"column":9}},"291":{"start":{"line":292,"column":0},"end":{"line":292,"column":20}},"292":{"start":{"line":293,"column":0},"end":{"line":293,"column":3}},"293":{"start":{"line":294,"column":0},"end":{"line":294,"column":39}},"294":{"start":{"line":295,"column":0},"end":{"line":295,"column":9}},"295":{"start":{"line":296,"column":0},"end":{"line":296,"column":74}},"296":{"start":{"line":297,"column":0},"end":{"line":297,"column":5}},"297":{"start":{"line":298,"column":0},"end":{"line":298,"column":9}},"298":{"start":{"line":299,"column":0},"end":{"line":299,"column":19}},"299":{"start":{"line":300,"column":0},"end":{"line":300,"column":34}},"300":{"start":{"line":301,"column":0},"end":{"line":301,"column":26}},"301":{"start":{"line":302,"column":0},"end":{"line":302,"column":22}},"302":{"start":{"line":303,"column":0},"end":{"line":303,"column":22}},"303":{"start":{"line":304,"column":0},"end":{"line":304,"column":4}},"304":{"start":{"line":305,"column":0},"end":{"line":305,"column":27}},"305":{"start":{"line":306,"column":0},"end":{"line":306,"column":28}},"306":{"start":{"line":307,"column":0},"end":{"line":307,"column":20}},"307":{"start":{"line":308,"column":0},"end":{"line":308,"column":22}},"308":{"start":{"line":309,"column":0},"end":{"line":309,"column":22}},"309":{"start":{"line":310,"column":0},"end":{"line":310,"column":4}},"310":{"start":{"line":311,"column":0},"end":{"line":311,"column":25}},"311":{"start":{"line":312,"column":0},"end":{"line":312,"column":34}},"312":{"start":{"line":313,"column":0},"end":{"line":313,"column":28}},"313":{"start":{"line":314,"column":0},"end":{"line":314,"column":23}},"314":{"start":{"line":315,"column":0},"end":{"line":315,"column":23}},"315":{"start":{"line":316,"column":0},"end":{"line":316,"column":4}},"316":{"start":{"line":317,"column":0},"end":{"line":317,"column":0}},"317":{"start":{"line":318,"column":0},"end":{"line":318,"column":14}},"318":{"start":{"line":319,"column":0},"end":{"line":319,"column":22}},"319":{"start":{"line":320,"column":0},"end":{"line":320,"column":33}},"320":{"start":{"line":321,"column":0},"end":{"line":321,"column":26}},"321":{"start":{"line":322,"column":0},"end":{"line":322,"column":20}},"322":{"start":{"line":323,"column":0},"end":{"line":323,"column":23}},"323":{"start":{"line":324,"column":0},"end":{"line":324,"column":4}},"324":{"start":{"line":325,"column":0},"end":{"line":325,"column":22}},"325":{"start":{"line":326,"column":0},"end":{"line":326,"column":33}},"326":{"start":{"line":327,"column":0},"end":{"line":327,"column":26}},"327":{"start":{"line":328,"column":0},"end":{"line":328,"column":22}},"328":{"start":{"line":329,"column":0},"end":{"line":329,"column":23}},"329":{"start":{"line":330,"column":0},"end":{"line":330,"column":4}},"330":{"start":{"line":331,"column":0},"end":{"line":331,"column":25}},"331":{"start":{"line":332,"column":0},"end":{"line":332,"column":33}},"332":{"start":{"line":333,"column":0},"end":{"line":333,"column":26}},"333":{"start":{"line":334,"column":0},"end":{"line":334,"column":22}},"334":{"start":{"line":335,"column":0},"end":{"line":335,"column":23}},"335":{"start":{"line":336,"column":0},"end":{"line":336,"column":4}},"336":{"start":{"line":337,"column":0},"end":{"line":337,"column":0}},"337":{"start":{"line":338,"column":0},"end":{"line":338,"column":9}},"338":{"start":{"line":339,"column":0},"end":{"line":339,"column":21}},"339":{"start":{"line":340,"column":0},"end":{"line":340,"column":38}},"340":{"start":{"line":341,"column":0},"end":{"line":341,"column":30}},"341":{"start":{"line":342,"column":0},"end":{"line":342,"column":22}},"342":{"start":{"line":343,"column":0},"end":{"line":343,"column":23}},"343":{"start":{"line":344,"column":0},"end":{"line":344,"column":4}},"344":{"start":{"line":345,"column":0},"end":{"line":345,"column":31}},"345":{"start":{"line":346,"column":0},"end":{"line":346,"column":38}},"346":{"start":{"line":347,"column":0},"end":{"line":347,"column":24}},"347":{"start":{"line":348,"column":0},"end":{"line":348,"column":22}},"348":{"start":{"line":349,"column":0},"end":{"line":349,"column":23}},"349":{"start":{"line":350,"column":0},"end":{"line":350,"column":4}},"350":{"start":{"line":351,"column":0},"end":{"line":351,"column":0}},"351":{"start":{"line":352,"column":0},"end":{"line":352,"column":9}},"352":{"start":{"line":353,"column":0},"end":{"line":353,"column":22}},"353":{"start":{"line":354,"column":0},"end":{"line":354,"column":34}},"354":{"start":{"line":355,"column":0},"end":{"line":355,"column":25}},"355":{"start":{"line":356,"column":0},"end":{"line":356,"column":22}},"356":{"start":{"line":357,"column":0},"end":{"line":357,"column":22}},"357":{"start":{"line":358,"column":0},"end":{"line":358,"column":4}},"358":{"start":{"line":359,"column":0},"end":{"line":359,"column":24}},"359":{"start":{"line":360,"column":0},"end":{"line":360,"column":34}},"360":{"start":{"line":361,"column":0},"end":{"line":361,"column":27}},"361":{"start":{"line":362,"column":0},"end":{"line":362,"column":22}},"362":{"start":{"line":363,"column":0},"end":{"line":363,"column":22}},"363":{"start":{"line":364,"column":0},"end":{"line":364,"column":4}},"364":{"start":{"line":365,"column":0},"end":{"line":365,"column":0}},"365":{"start":{"line":366,"column":0},"end":{"line":366,"column":9}},"366":{"start":{"line":367,"column":0},"end":{"line":367,"column":26}},"367":{"start":{"line":368,"column":0},"end":{"line":368,"column":35}},"368":{"start":{"line":369,"column":0},"end":{"line":369,"column":26}},"369":{"start":{"line":370,"column":0},"end":{"line":370,"column":20}},"370":{"start":{"line":371,"column":0},"end":{"line":371,"column":23}},"371":{"start":{"line":372,"column":0},"end":{"line":372,"column":4}},"372":{"start":{"line":373,"column":0},"end":{"line":373,"column":33}},"373":{"start":{"line":374,"column":0},"end":{"line":374,"column":35}},"374":{"start":{"line":375,"column":0},"end":{"line":375,"column":30}},"375":{"start":{"line":376,"column":0},"end":{"line":376,"column":22}},"376":{"start":{"line":377,"column":0},"end":{"line":377,"column":23}},"377":{"start":{"line":378,"column":0},"end":{"line":378,"column":4}},"378":{"start":{"line":379,"column":0},"end":{"line":379,"column":0}},"379":{"start":{"line":380,"column":0},"end":{"line":380,"column":9}},"380":{"start":{"line":381,"column":0},"end":{"line":381,"column":23}},"381":{"start":{"line":382,"column":0},"end":{"line":382,"column":38}},"382":{"start":{"line":383,"column":0},"end":{"line":383,"column":27}},"383":{"start":{"line":384,"column":0},"end":{"line":384,"column":22}},"384":{"start":{"line":385,"column":0},"end":{"line":385,"column":23}},"385":{"start":{"line":386,"column":0},"end":{"line":386,"column":4}},"386":{"start":{"line":387,"column":0},"end":{"line":387,"column":33}},"387":{"start":{"line":388,"column":0},"end":{"line":388,"column":38}},"388":{"start":{"line":389,"column":0},"end":{"line":389,"column":33}},"389":{"start":{"line":390,"column":0},"end":{"line":390,"column":24}},"390":{"start":{"line":391,"column":0},"end":{"line":391,"column":23}},"391":{"start":{"line":392,"column":0},"end":{"line":392,"column":4}},"392":{"start":{"line":393,"column":0},"end":{"line":393,"column":0}},"393":{"start":{"line":394,"column":0},"end":{"line":394,"column":12}},"394":{"start":{"line":395,"column":0},"end":{"line":395,"column":23}},"395":{"start":{"line":396,"column":0},"end":{"line":396,"column":33}},"396":{"start":{"line":397,"column":0},"end":{"line":397,"column":31}},"397":{"start":{"line":398,"column":0},"end":{"line":398,"column":22}},"398":{"start":{"line":399,"column":0},"end":{"line":399,"column":23}},"399":{"start":{"line":400,"column":0},"end":{"line":400,"column":4}},"400":{"start":{"line":401,"column":0},"end":{"line":401,"column":30}},"401":{"start":{"line":402,"column":0},"end":{"line":402,"column":35}},"402":{"start":{"line":403,"column":0},"end":{"line":403,"column":35}},"403":{"start":{"line":404,"column":0},"end":{"line":404,"column":24}},"404":{"start":{"line":405,"column":0},"end":{"line":405,"column":23}},"405":{"start":{"line":406,"column":0},"end":{"line":406,"column":4}},"406":{"start":{"line":407,"column":0},"end":{"line":407,"column":2}},"407":{"start":{"line":408,"column":0},"end":{"line":408,"column":0}},"408":{"start":{"line":409,"column":0},"end":{"line":409,"column":3}},"409":{"start":{"line":410,"column":0},"end":{"line":410,"column":15}},"410":{"start":{"line":411,"column":0},"end":{"line":411,"column":3}},"411":{"start":{"line":412,"column":0},"end":{"line":412,"column":50}},"412":{"start":{"line":413,"column":0},"end":{"line":413,"column":18}},"413":{"start":{"line":414,"column":0},"end":{"line":414,"column":15}},"414":{"start":{"line":415,"column":0},"end":{"line":415,"column":18}},"415":{"start":{"line":416,"column":0},"end":{"line":416,"column":23}},"416":{"start":{"line":417,"column":0},"end":{"line":417,"column":10}},"417":{"start":{"line":418,"column":0},"end":{"line":418,"column":9}},"418":{"start":{"line":419,"column":0},"end":{"line":419,"column":34}},"419":{"start":{"line":420,"column":0},"end":{"line":420,"column":37}},"420":{"start":{"line":421,"column":0},"end":{"line":421,"column":3}},"421":{"start":{"line":422,"column":0},"end":{"line":422,"column":0}},"422":{"start":{"line":423,"column":0},"end":{"line":423,"column":9}},"423":{"start":{"line":424,"column":0},"end":{"line":424,"column":65}},"424":{"start":{"line":425,"column":0},"end":{"line":425,"column":31}},"425":{"start":{"line":426,"column":0},"end":{"line":426,"column":19}},"426":{"start":{"line":427,"column":0},"end":{"line":427,"column":5}},"427":{"start":{"line":428,"column":0},"end":{"line":428,"column":3}},"428":{"start":{"line":429,"column":0},"end":{"line":429,"column":0}},"429":{"start":{"line":430,"column":0},"end":{"line":430,"column":14}},"430":{"start":{"line":431,"column":0},"end":{"line":431,"column":1}},"431":{"start":{"line":432,"column":0},"end":{"line":432,"column":0}},"432":{"start":{"line":433,"column":0},"end":{"line":433,"column":3}},"433":{"start":{"line":434,"column":0},"end":{"line":434,"column":12}},"434":{"start":{"line":435,"column":0},"end":{"line":435,"column":3}},"435":{"start":{"line":436,"column":0},"end":{"line":436,"column":60}},"436":{"start":{"line":437,"column":0},"end":{"line":437,"column":27}},"437":{"start":{"line":438,"column":0},"end":{"line":438,"column":1}},"438":{"start":{"line":439,"column":0},"end":{"line":439,"column":0}},"439":{"start":{"line":440,"column":0},"end":{"line":440,"column":3}},"440":{"start":{"line":441,"column":0},"end":{"line":441,"column":14}},"441":{"start":{"line":442,"column":0},"end":{"line":442,"column":3}},"442":{"start":{"line":443,"column":0},"end":{"line":443,"column":58}},"443":{"start":{"line":444,"column":0},"end":{"line":444,"column":10}},"444":{"start":{"line":445,"column":0},"end":{"line":445,"column":78}},"445":{"start":{"line":446,"column":0},"end":{"line":446,"column":4}},"446":{"start":{"line":447,"column":0},"end":{"line":447,"column":1}},"447":{"start":{"line":448,"column":0},"end":{"line":448,"column":0}},"448":{"start":{"line":449,"column":0},"end":{"line":449,"column":3}},"449":{"start":{"line":450,"column":0},"end":{"line":450,"column":14}},"450":{"start":{"line":451,"column":0},"end":{"line":451,"column":3}},"451":{"start":{"line":452,"column":0},"end":{"line":452,"column":61}},"452":{"start":{"line":453,"column":0},"end":{"line":453,"column":52}},"453":{"start":{"line":454,"column":0},"end":{"line":454,"column":1}},"454":{"start":{"line":455,"column":0},"end":{"line":455,"column":0}},"455":{"start":{"line":456,"column":0},"end":{"line":456,"column":3}},"456":{"start":{"line":457,"column":0},"end":{"line":457,"column":14}},"457":{"start":{"line":458,"column":0},"end":{"line":458,"col
[...]
,"C:\\Users\\wzy16\\Desktop\\new project\\13_Runtime_APIWrapper\\implementation\\wx-api\\share.ts": {"path":"C:\\Users\\wzy16\\Desktop\\new project\\13_Runtime_APIWrapper\\implementation\\wx-api\\share.ts","all":false,"statementMap":{"0":{"start":{"line":1,"column":0},"end":{"line":1,"column":3}},"1":{"start":{"line":2,"column":0},"end":{"line":2,"column":27}},"2":{"start":{"line":3,"column":0},"end":{"line":3,"column":3}},"3":{"start":{"line":4,"column":0},"end":{"line":4,"column":0}},"4":{"start":{"line":5,"column":0},"end":{"line":5,"column":44}},"5":{"start":{"line":6,"column":0},"end":{"line":6,"column":0}},"6":{"start":{"line":7,"column":0},"end":{"line":7,"column":42}},"7":{"start":{"line":8,"column":0},"end":{"line":8,"column":33}},"8":{"start":{"line":9,"column":0},"end":{"line":9,"column":30}},"9":{"start":{"line":10,"column":0},"end":{"line":10,"column":21}},"10":{"start":{"line":11,"column":0},"end":{"line":11,"column":21}},"11":{"start":{"line":12,"column":0},"end":{"line":12,"column":58}},"12":{"start":{"line":13,"column":0},"end":{"line":13,"column":3}},"13":{"start":{"line":14,"column":0},"end":{"line":14,"column":0}},"14":{"start":{"line":15,"column":0},"end":{"line":15,"column":40}},"15":{"start":{"line":16,"column":0},"end":{"line":16,"column":47}},"16":{"start":{"line":17,"column":0},"end":{"line":17,"column":3}},"17":{"start":{"line":18,"column":0},"end":{"line":18,"column":0}},"18":{"start":{"line":19,"column":0},"end":{"line":19,"column":34}},"19":{"start":{"line":20,"column":0},"end":{"line":20,"column":30}},"20":{"start":{"line":21,"column":0},"end":{"line":21,"column":33}},"21":{"start":{"line":22,"column":0},"end":{"line":22,"column":24}},"22":{"start":{"line":23,"column":0},"end":{"line":23,"column":23}},"23":{"start":{"line":24,"column":0},"end":{"line":24,"column":21}},"24":{"start":{"line":25,"column":0},"end":{"line":25,"column":54}},"25":{"start":{"line":26,"column":0},"end":{"line":26,"column":3}},"26":{"start":{"line":27,"column":0},"end":{"line":27,"column":0}},"27":{"start":{"line":28,"column":0},"end":{"line":28,"column":31}},"28":{"start":{"line":29,"column":0},"end":{"line":29,"column":24}},"29":{"start":{"line":30,"column":0},"end":{"line":30,"column":21}},"30":{"start":{"line":31,"column":0},"end":{"line":31,"column":15}},"31":{"start":{"line":32,"column":0},"end":{"line":32,"column":19}},"32":{"start":{"line":33,"column":0},"end":{"line":33,"column":26}},"33":{"start":{"line":34,"column":0},"end":{"line":34,"column":15}},"34":{"start":{"line":35,"column":0},"end":{"line":35,"column":21}},"35":{"start":{"line":36,"column":0},"end":{"line":36,"column":6}},"36":{"start":{"line":37,"column":0},"end":{"line":37,"column":51}},"37":{"start":{"line":38,"column":0},"end":{"line":38,"column":3}},"38":{"start":{"line":39,"column":0},"end":{"line":39,"column":1}},"39":{"start":{"line":40,"column":0},"end":{"line":40,"column":0}},"40":{"start":{"line":41,"column":0},"end":{"line":41,"column":36}}},"s":{"0":1,"1":1,"2":1,"3":1,"4":1,"5":1,"6":1,"7":1,"8":1,"9":1,"10":1,"11":1,"12":1,"13":1,"14":1,"15":1,"16":1,"17":1,"18":1,"19":1,"20":1,"21":1,"22":1,"23":1,"24":1,"25":1,"26":1,"27":1,"28":1,"29":1,"30":1,"31":1,"32":1,"33":1,"34":1,"35":1,"36":1,"37":1,"38":1,"39":1,"40":1},"branchMap":{"0":{"type":"branch","line":8,"loc":{"start":{"line":8,"column":2},"end":{"line":13,"column":3}},"locations":[{"start":{"line":8,"column":2},"end":{"line":13,"column":3}}]},"1":{"type":"branch","line":15,"loc":{"start":{"line":15,"column":2},"end":{"line":17,"column":3}},"locations":[{"start":{"line":15,"column":2},"end":{"line":17,"column":3}}]},"2":{"type":"branch","line":19,"loc":{"start":{"line":19,"column":2},"end":{"line":26,"column":3}},"locations":[{"start":{"line":19,"column":2},"end":{"line":26,"column":3}}]},"3":{"type":"branch","line":28,"loc":{"start":{"line":28,"column":2},"end":{"line":38,"column":3}},"locations":[{"start":{"line":28,"column":2},"end":{"line":38,"column":3}}]}},"b":{"0":[1],"1":[1],"2":[1],"3":[1]},"fnMap":{"0":{"name":"showShareMenu","decl":{"start":{"line":8,"column":2},"end":{"line":13,"column":3}},"loc":{"start":{"line":8,"column":2},"end":{"line":13,"column":3}},"line":8},"1":{"name":"hideShareMenu","decl":{"start":{"line":15,"column":2},"end":{"line":17,"column":3}},"loc":{"start":{"line":15,"column":2},"end":{"line":17,"column":3}},"line":15},"2":{"name":"updateShareMenu","decl":{"start":{"line":19,"column":2},"end":{"line":26,"column":3}},"loc":{"start":{"line":19,"column":2},"end":{"line":26,"column":3}},"line":19},"3":{"name":"getShareInfo","decl":{"start":{"line":28,"column":2},"end":{"line":38,"column":3}},"loc":{"start":{"line":28,"column":2},"end":{"line":38,"column":3}},"line":28}},"f":{"0":1,"1":1,"2":1,"3":1}}
,"C:\\Users\\wzy16\\Desktop\\new project\\13_Runtime_APIWrapper\\implementation\\wx-api\\storage.ts": {"path":"C:\\Users\\wzy16\\Desktop\\new project\\13_Runtime_APIWrapper\\implementation\\wx-api\\storage.ts","all":false,"statementMap":{"0":{"start":{"line":1,"column":0},"end":{"line":1,"column":3}},"1":{"start":{"line":2,"column":0},"end":{"line":2,"column":27}},"2":{"start":{"line":3,"column":0},"end":{"line":3,"column":2}},"3":{"start":{"line":4,"column":0},"end":{"line":4,"column":23}},"4":{"start":{"line":5,"column":0},"end":{"line":5,"column":3}},"5":{"start":{"line":6,"column":0},"end":{"line":6,"column":0}},"6":{"start":{"line":7,"column":0},"end":{"line":7,"column":44}},"7":{"start":{"line":8,"column":0},"end":{"line":8,"column":42}},"8":{"start":{"line":9,"column":0},"end":{"line":9,"column":0}},"9":{"start":{"line":10,"column":0},"end":{"line":10,"column":3}},"10":{"start":{"line":11,"column":0},"end":{"line":11,"column":9}},"11":{"start":{"line":12,"column":0},"end":{"line":12,"column":19}},"12":{"start":{"line":13,"column":0},"end":{"line":13,"column":3}},"13":{"start":{"line":14,"column":0},"end":{"line":14,"column":44}},"14":{"start":{"line":15,"column":0},"end":{"line":15,"column":5}},"15":{"start":{"line":16,"column":0},"end":{"line":16,"column":11}},"16":{"start":{"line":17,"column":0},"end":{"line":17,"column":5}},"17":{"start":{"line":18,"column":0},"end":{"line":18,"column":59}},"18":{"start":{"line":19,"column":0},"end":{"line":19,"column":55}},"19":{"start":{"line":20,"column":0},"end":{"line":20,"column":3}},"20":{"start":{"line":21,"column":0},"end":{"line":21,"column":0}},"21":{"start":{"line":22,"column":0},"end":{"line":22,"column":5}},"22":{"start":{"line":23,"column":0},"end":{"line":23,"column":11}},"23":{"start":{"line":24,"column":0},"end":{"line":24,"column":5}},"24":{"start":{"line":25,"column":0},"end":{"line":25,"column":48}},"25":{"start":{"line":26,"column":0},"end":{"line":26,"column":36}},"26":{"start":{"line":27,"column":0},"end":{"line":27,"column":33}},"27":{"start":{"line":28,"column":0},"end":{"line":28,"column":5}},"28":{"start":{"line":29,"column":0},"end":{"line":29,"column":33}},"29":{"start":{"line":30,"column":0},"end":{"line":30,"column":3}},"30":{"start":{"line":31,"column":0},"end":{"line":31,"column":0}},"31":{"start":{"line":32,"column":0},"end":{"line":32,"column":5}},"32":{"start":{"line":33,"column":0},"end":{"line":33,"column":11}},"33":{"start":{"line":34,"column":0},"end":{"line":34,"column":5}},"34":{"start":{"line":35,"column":0},"end":{"line":35,"column":54}},"35":{"start":{"line":36,"column":0},"end":{"line":36,"column":76}},"36":{"start":{"line":37,"column":0},"end":{"line":37,"column":23}},"37":{"start":{"line":38,"column":0},"end":{"line":38,"column":3}},"38":{"start":{"line":39,"column":0},"end":{"line":39,"column":0}},"39":{"start":{"line":40,"column":0},"end":{"line":40,"column":5}},"40":{"start":{"line":41,"column":0},"end":{"line":41,"column":11}},"41":{"start":{"line":42,"column":0},"end":{"line":42,"column":5}},"42":{"start":{"line":43,"column":0},"end":{"line":43,"column":43}},"43":{"start":{"line":44,"column":0},"end":{"line":44,"column":36}},"44":{"start":{"line":45,"column":0},"end":{"line":45,"column":33}},"45":{"start":{"line":46,"column":0},"end":{"line":46,"column":5}},"46":{"start":{"line":47,"column":0},"end":{"line":47,"column":39}},"47":{"start":{"line":48,"column":0},"end":{"line":48,"column":3}},"48":{"start":{"line":49,"column":0},"end":{"line":49,"column":0}},"49":{"start":{"line":50,"column":0},"end":{"line":50,"column":5}},"50":{"start":{"line":51,"column":0},"end":{"line":51,"column":13}},"51":{"start":{"line":52,"column":0},"end":{"line":52,"column":5}},"52":{"start":{"line":53,"column":0},"end":{"line":53,"column":35}},"53":{"start":{"line":54,"column":0},"end":{"line":54,"column":19}},"54":{"start":{"line":55,"column":0},"end":{"line":55,"column":24}},"55":{"start":{"line":56,"column":0},"end":{"line":56,"column":22}},"56":{"start":{"line":57,"column":0},"end":{"line":57,"column":6}},"57":{"start":{"line":58,"column":0},"end":{"line":58,"column":48}},"58":{"start":{"line":59,"column":0},"end":{"line":59,"column":3}},"59":{"start":{"line":60,"column":0},"end":{"line":60,"column":0}},"60":{"start":{"line":61,"column":0},"end":{"line":61,"column":5}},"61":{"start":{"line":62,"column":0},"end":{"line":62,"column":13}},"62":{"start":{"line":63,"column":0},"end":{"line":63,"column":5}},"63":{"start":{"line":64,"column":0},"end":{"line":64,"column":25}},"64":{"start":{"line":65,"column":0},"end":{"line":65,"column":19}},"65":{"start":{"line":66,"column":0},"end":{"line":66,"column":24}},"66":{"start":{"line":67,"column":0},"end":{"line":67,"column":22}},"67":{"start":{"line":68,"column":0},"end":{"line":68,"column":5}},"68":{"start":{"line":69,"column":0},"end":{"line":69,"column":36}},"69":{"start":{"line":70,"column":0},"end":{"line":70,"column":33}},"70":{"start":{"line":71,"column":0},"end":{"line":71,"column":5}},"71":{"start":{"line":72,"column":0},"end":{"line":72,"column":35}},"72":{"start":{"line":73,"column":0},"end":{"line":73,"column":3}},"73":{"start":{"line":74,"column":0},"end":{"line":74,"column":0}},"74":{"start":{"line":75,"column":0},"end":{"line":75,"column":5}},"75":{"start":{"line":76,"column":0},"end":{"line":76,"column":11}},"76":{"start":{"line":77,"column":0},"end":{"line":77,"column":5}},"77":{"start":{"line":78,"column":0},"end":{"line":78,"column":51}},"78":{"start":{"line":79,"column":0},"end":{"line":79,"column":52}},"79":{"start":{"line":80,"column":0},"end":{"line":80,"column":3}},"80":{"start":{"line":81,"column":0},"end":{"line":81,"column":0}},"81":{"start":{"line":82,"column":0},"end":{"line":82,"column":5}},"82":{"start":{"line":83,"column":0},"end":{"line":83,"column":11}},"83":{"start":{"line":84,"column":0},"end":{"line":84,"column":5}},"84":{"start":{"line":85,"column":0},"end":{"line":85,"column":40}},"85":{"start":{"line":86,"column":0},"end":{"line":86,"column":36}},"86":{"start":{"line":87,"column":0},"end":{"line":87,"column":33}},"87":{"start":{"line":88,"column":0},"end":{"line":88,"column":5}},"88":{"start":{"line":89,"column":0},"end":{"line":89,"column":30}},"89":{"start":{"line":90,"column":0},"end":{"line":90,"column":3}},"90":{"start":{"line":91,"column":0},"end":{"line":91,"column":0}},"91":{"start":{"line":92,"column":0},"end":{"line":92,"column":5}},"92":{"start":{"line":93,"column":0},"end":{"line":93,"column":13}},"93":{"start":{"line":94,"column":0},"end":{"line":94,"column":5}},"94":{"start":{"line":95,"column":0},"end":{"line":95,"column":39}},"95":{"start":{"line":96,"column":0},"end":{"line":96,"column":46}},"96":{"start":{"line":97,"column":0},"end":{"line":97,"column":3}},"97":{"start":{"line":98,"column":0},"end":{"line":98,"column":0}},"98":{"start":{"line":99,"column":0},"end":{"line":99,"column":5}},"99":{"start":{"line":100,"column":0},"end":{"line":100,"column":13}},"100":{"start":{"line":101,"column":0},"end":{"line":101,"column":5}},"101":{"start":{"line":102,"column":0},"end":{"line":102,"column":28}},"102":{"start":{"line":103,"column":0},"end":{"line":103,"column":36}},"103":{"start":{"line":104,"column":0},"end":{"line":104,"column":33}},"104":{"start":{"line":105,"column":0},"end":{"line":105,"column":5}},"105":{"start":{"line":106,"column":0},"end":{"line":106,"column":26}},"106":{"start":{"line":107,"column":0},"end":{"line":107,"column":3}},"107":{"start":{"line":108,"column":0},"end":{"line":108,"column":1}},"108":{"start":{"line":109,"column":0},"end":{"line":109,"column":0}},"109":{"start":{"line":110,"column":0},"end":{"line":110,"column":3}},"110":{"start":{"line":111,"column":0},"end":{"line":111,"column":12}},"111":{"start":{"line":112,"column":0},"end":{"line":112,"column":3}},"112":{"start":{"line":113,"column":0},"end":{"line":113,"column":48}},"113":{"start":{"line":114,"column":0},"end":{"line":114,"column":26}},"114":{"start":{"line":115,"column":0},"end":{"line":115,"column":1}},"115":{"start":{"line":116,"column":0},"end":{"line":116,"column":0}},"116":{"start":{"line":117,"column":0},"end":{"line":117,"column":3}},"117":{"start":{"line":118,"column":0},"end":{"line":118,"column":12}},"118":{"start":{"line":119,"column":0},"end":{"line":119,"column":3}},"119":{"start":{"line":120,"column":0},"end":{"line":120,"column":42}}},"s":{"0":1,"1":1,"2":1,"3":1,"4":1,"5":1,"6":1,"7":1,"8":1,"9":1,"10":1,"11":1,"12":1,"13":1,"14":1,"15":1,"16":1,"17":1,"18":1,"19":1,"20":1,"21":1,"22":1,"23":1,"24":1,"25":1,"26":0,"27":0,"28":1,"29":1,"30":1,"31":1,"32":1,"33":1,"34":1,"35":1,"36":1,"37":1,"38":1,"39":1,"40":1,"41":1,"42":1,"43":1,"44":0,"45":0,"46":1,"47":1,"48":1,"49":1,"50":1,"51":1,"52":1,"53":1,"54":1,"55":1,"56":1,"57":1,"58":1,"59":1,"60":1,"61":1,"62":1,"63":1,"64":0,"65":0,"66":0,"67":0,"68":0,"69":0,"70":0,"71":0,"72":0,"73":1,"74":1,"75":1,"76":1,"77":1,"78":1,"79":1,"80":1,"81":1,"82":1,"83":1,"84":1,"85":1,"86":0,"87":0,"88":1,"89":1,"90":1,"91":1,"92":1,"93":1,"94":1,"95":2,"96":2,"97":1,"98":1,"99":1,"100":1,"101":1,"102":1,"103":0,"104":0,"105":1,"106":1,"107":1,"108":1,"109":1,"110":1,"111":1,"112":1,"113":2,"114":2,"115":1,"116":1,"117":1,"118":1,"119":1},"branchMap":{"0":{"type":"branch","line":18,"loc":{"start":{"line":18,"column":2},"end":{"line":20,"column":3}},"locations":[{"start":{"line":18,"column":2},"end":{"line":20,"column":3}}]},"1":{"type":"branch","line":25,"loc":{"start":{"line":25,"column":2},"end":{"line":30,"column":3}},"locations":[{"start":{"line":25,"column":2},"end":{"line":30,"column":3}}]},"2":{"type":"branch","line":26,"loc":{"start":{"line":26,"column":35},"end":{"line":28,"column":5}},"locations":[{"start":{"line":26,"column":35},"end":{"line":28,"column":5}}]},"3":{"type":"branch","line":35,"loc":{"start":{"line":35,"column":2},"end":{"line":38,"column":3}},"locations":[{"start":{"line":35,"column":2},"end":{"line":38,"column":3}}]},"4":{"type":"branch","line":43,"loc":{"start":{"line":43,"column":2},"end":{"line":48,"column":3}},"locations":[{"start":{"line":43,"column":2},"end":{"line":48,"column":3}}]},"5":{"type":"branch","line":44,"loc":{"start":{"line":44,"column":35},"end":{"line":46,"column":5}},"locations":[{"start":{"line":44,"column":35},"end":{"line":46,"column":5}}]},"6":{"type":"branch","line":53,"loc":{"start":{"line":53,"column":2},"end":{"line":59,"column":3}},"locations":[{"start":{"line":53,"column":2},"end":{"line":59,"column":3}}]},"7":{"type":"branch","line":78,"loc":{"start":{"line":78,"column":2},"end":{"line":80,"column":3}},"locations":[{"start":{"line":78,"column":2},"end":{"line":80,"column":3}}]},"8":{"type":"branch","line":85,"loc":{"start":{"line":85,"column":2},"end":{"line":90,"column":3}},"locations":[{"start":{"line":85,"column":2},"end":{"line":90,"column":3}}]},"9":{"type":"branch","line":86,"loc":{"start":{"line":86,"column":35},"end":{"line":88,"column":5}},"locations":[{"start":{"line":86,"column":35},"end":{"line":88,"column":5}}]},"10":{"type":"branch","line":95,"loc":{"start":{"line":95,"column":2},"end":{"line":97,"column":3}},"locations":[{"start":{"line":95,"column":2},"end":{"line":97,"column":3}}]},"11":{"type":"branch","line":102,"loc":{"start":{"line":102,"column":2},"end":{"line":107,"column":3}},"locations":[{"start":{"line":102,"column":2},"end":{"line":107,"column":3}}]},"12":{"type":"branch","line":103,"loc":{"start":{"line":103,"column":35},"end":{"line":105,"column":5}},"locations":[{"start":{"line":103,"column":35},"end":{"line":105,"column":5}}]},"13":{"type":"branch","line":113,"loc":{"start":{"line":113,"column":7},"end":{"line":115,"column":1}},"locations":[{"start":{"line":113,"column":7},"end":{"line":115,"column":1}}]}},"b":{"0":[1],"1":[1],"2":[0],"3":[1],"4":[1],"5":[0],"6":[1],"7":[1],"8":[1],"9":[0],"10":[2],"11":[1],"12":[0],"13":[2]},"fnMap":{"0":{"name":"setStorage","decl":{"start":{"line":18,"column":2},"end":{"line":20,"column":3}},"loc":{"start":{"line":18,"column":2},"end":{"line":20,"column":3}},"line":18},"1":{"name":"setStorageSync","decl":{"start":{"line":25,"column":2},"end":{"line":30,"column":3}},"loc":{"start":{"line":25,"column":2},"end":{"line":30,"column":3}},"line":25},"2":{"name":"getStorage","decl":{"start":{"line":35,"column":2},"end":{"line":38,"column":3}},"loc":{"start":{"line":35,"column":2},"end":{"line":38,"column":3}},"line":35},"3":{"name":"getStorageSync","decl":{"start":{"line":43,"column":2},"end":{"line":48,"column":3}},"loc":{"start":{"line":43,"column":2},"end":{"line":48,"column":3}},"line":43},"4":{"name":"getStorageInfo","decl":{"start":{"line":53,"column":2},"end":{"line":59,"column":3}},"loc":{"start":{"line":53,"column":2},"end":{"line":59,"column":3}},"line":53},"5":{"name":"getStorageInfoSync","decl":{"start":{"line":64,"column":2},"end":{"line":73,"column":3}},"loc":{"start":{"line":64,"column":2},"end":{"line":73,"column":3}},"line":64},"6":{"name":"removeStorage","decl":{"start":{"line":78,"column":2},"end":{"line":80,"column":3}},"loc":{"start":{"line":78,"column":2},"end":{"line":80,"column":3}},"line":78},"7":{"name":"removeStorageSync","decl":{"start":{"line":85,"column":2},"end":{"line":90,"column":3}},"loc":{"start":{"line":85,"column":2},"end":{"line":90,"column":3}},"line":85},"8":{"name":"clearStorage","decl":{"start":{"line":95,"column":2},"end":{"line":97,"column":3}},"loc":{"start":{"line":95,"column":2},"end":{"line":97,"column":3}},"line":95},"9":{"name":"clearStorageSync","decl":{"start":{"line":102,"column":2},"end":{"line":107,"column":3}},"loc":{"start":{"line":102,"column":2},"end":{"line":107,"column":3}},"line":102},"10":{"name":"createStorageAPI","decl":{"start":{"line":113,"column":7},"end":{"line":115,"column":1}},"loc":{"start":{"line":113,"column":7},"end":{"line":115,"column":1}},"line":113}},"f":{"0":1,"1":1,"2":1,"3":1,"4":1,"5":0,"6":1,"7":1,"8":2,"9":1,"10":2}}
}
